<?xml version="1.0" encoding="UTF-8"?>
<testsuite xmlns:xsi="http://www.w3.org/2001/XMLSchema-instance" xsi:noNamespaceSchemaLocation="https://maven.apache.org/surefire/maven-surefire-plugin/xsd/surefire-test-report-3.0.xsd" version="3.0" name="TestSuite" time="91.774" tests="2" errors="0" skipped="0" failures="1">
  <properties>
    <property name="sun.desktop" value="windows"/>
    <property name="awt.toolkit" value="sun.awt.windows.WToolkit"/>
    <property name="java.specification.version" value="11"/>
    <property name="sun.cpu.isalist" value="amd64"/>
    <property name="sun.jnu.encoding" value="Cp1252"/>
    <property name="java.class.path" value="C:\Users\rrajput\eclipse-workspace\appiumPractise\target\test-classes;C:\Users\rrajput\eclipse-workspace\appiumPractise\target\classes;C:\Users\rrajput\.m2\repository\commons-io\commons-io\2.11.0\commons-io-2.11.0.jar;C:\Users\rrajput\.m2\repository\io\appium\java-client\8.3.0\java-client-8.3.0.jar;C:\Users\rrajput\.m2\repository\org\seleniumhq\selenium\selenium-api\4.8.0\selenium-api-4.8.0.jar;C:\Users\rrajput\.m2\repository\org\seleniumhq\selenium\selenium-remote-driver\4.8.0\selenium-remote-driver-4.8.0.jar;C:\Users\rrajput\.m2\repository\com\google\auto\service\auto-service-annotations\1.0.1\auto-service-annotations-1.0.1.jar;C:\Users\rrajput\.m2\repository\com\google\auto\service\auto-service\1.0.1\auto-service-1.0.1.jar;C:\Users\rrajput\.m2\repository\com\google\auto\auto-common\1.2\auto-common-1.2.jar;C:\Users\rrajput\.m2\repository\com\google\guava\guava\31.1-jre\guava-31.1-jre.jar;C:\Users\rrajput\.m2\repository\com\google\guava\failureaccess\1.0.1\failureaccess-1.0.1.jar;C:\Users\rrajput\.m2\repository\com\google\guava\listenablefuture\9999.0-empty-to-avoid-conflict-with-guava\listenablefuture-9999.0-empty-to-avoid-conflict-with-guava.jar;C:\Users\rrajput\.m2\repository\com\google\code\findbugs\jsr305\3.0.2\jsr305-3.0.2.jar;C:\Users\rrajput\.m2\repository\org\checkerframework\checker-qual\3.12.0\checker-qual-3.12.0.jar;C:\Users\rrajput\.m2\repository\com\google\errorprone\error_prone_annotations\2.11.0\error_prone_annotations-2.11.0.jar;C:\Users\rrajput\.m2\repository\com\google\j2objc\j2objc-annotations\1.3\j2objc-annotations-1.3.jar;C:\Users\rrajput\.m2\repository\io\netty\netty-buffer\4.1.87.Final\netty-buffer-4.1.87.Final.jar;C:\Users\rrajput\.m2\repository\io\netty\netty-codec-http\4.1.87.Final\netty-codec-http-4.1.87.Final.jar;C:\Users\rrajput\.m2\repository\io\netty\netty-codec\4.1.87.Final\netty-codec-4.1.87.Final.jar;C:\Users\rrajput\.m2\repository\io\netty\netty-handler\4.1.87.Final\netty-handler-4.1.87.Final.jar;C:\Users\rrajput\.m2\repository\io\netty\netty-common\4.1.87.Final\netty-common-4.1.87.Final.jar;C:\Users\rrajput\.m2\repository\io\netty\netty-transport-classes-epoll\4.1.87.Final\netty-transport-classes-epoll-4.1.87.Final.jar;C:\Users\rrajput\.m2\repository\io\netty\netty-transport-classes-kqueue\4.1.87.Final\netty-transport-classes-kqueue-4.1.87.Final.jar;C:\Users\rrajput\.m2\repository\io\netty\netty-transport-native-epoll\4.1.87.Final\netty-transport-native-epoll-4.1.87.Final.jar;C:\Users\rrajput\.m2\repository\io\netty\netty-transport-native-kqueue\4.1.87.Final\netty-transport-native-kqueue-4.1.87.Final.jar;C:\Users\rrajput\.m2\repository\io\netty\netty-transport-native-unix-common\4.1.87.Final\netty-transport-native-unix-common-4.1.87.Final.jar;C:\Users\rrajput\.m2\repository\io\netty\netty-transport\4.1.87.Final\netty-transport-4.1.87.Final.jar;C:\Users\rrajput\.m2\repository\io\netty\netty-resolver\4.1.87.Final\netty-resolver-4.1.87.Final.jar;C:\Users\rrajput\.m2\repository\io\opentelemetry\opentelemetry-api\1.22.0\opentelemetry-api-1.22.0.jar;C:\Users\rrajput\.m2\repository\io\opentelemetry\opentelemetry-context\1.22.0\opentelemetry-context-1.22.0.jar;C:\Users\rrajput\.m2\repository\io\opentelemetry\opentelemetry-exporter-logging\1.22.0\opentelemetry-exporter-logging-1.22.0.jar;C:\Users\rrajput\.m2\repository\io\opentelemetry\opentelemetry-sdk-metrics\1.22.0\opentelemetry-sdk-metrics-1.22.0.jar;C:\Users\rrajput\.m2\repository\io\opentelemetry\opentelemetry-sdk-logs\1.22.0-alpha\opentelemetry-sdk-logs-1.22.0-alpha.jar;C:\Users\rrajput\.m2\repository\io\opentelemetry\opentelemetry-api-logs\1.22.0-alpha\opentelemetry-api-logs-1.22.0-alpha.jar;C:\Users\rrajput\.m2\repository\io\opentelemetry\opentelemetry-sdk-common\1.22.0\opentelemetry-sdk-common-1.22.0.jar;C:\Users\rrajput\.m2\repository\io\opentelemetry\opentelemetry-sdk-extension-autoconfigure-spi\1.22.0\opentelemetry-sdk-extension-autoconfigure-spi-1.22.0.jar;C:\Users\rrajput\.m2\repository\io\opentelemetry\opentelemetry-sdk-extension-autoconfigure\1.22.0-alpha\opentelemetry-sdk-extension-autoconfigure-1.22.0-alpha.jar;C:\Users\rrajput\.m2\repository\io\opentelemetry\opentelemetry-sdk-trace\1.22.0\opentelemetry-sdk-trace-1.22.0.jar;C:\Users\rrajput\.m2\repository\io\opentelemetry\opentelemetry-sdk\1.22.0\opentelemetry-sdk-1.22.0.jar;C:\Users\rrajput\.m2\repository\io\opentelemetry\opentelemetry-semconv\1.22.0-alpha\opentelemetry-semconv-1.22.0-alpha.jar;C:\Users\rrajput\.m2\repository\io\ous\jtoml\2.0.0\jtoml-2.0.0.jar;C:\Users\rrajput\.m2\repository\net\bytebuddy\byte-buddy\1.12.22\byte-buddy-1.12.22.jar;C:\Users\rrajput\.m2\repository\org\apache\commons\commons-exec\1.3\commons-exec-1.3.jar;C:\Users\rrajput\.m2\repository\org\asynchttpclient\async-http-client\2.12.3\async-http-client-2.12.3.jar;C:\Users\rrajput\.m2\repository\org\asynchttpclient\async-http-client-netty-utils\2.12.3\async-http-client-netty-utils-2.12.3.jar;C:\Users\rrajput\.m2\repository\io\netty\netty-codec-socks\4.1.60.Final\netty-codec-socks-4.1.60.Final.jar;C:\Users\rrajput\.m2\repository\io\netty\netty-handler-proxy\4.1.60.Final\netty-handler-proxy-4.1.60.Final.jar;C:\Users\rrajput\.m2\repository\io\netty\netty-transport-native-epoll\4.1.60.Final\netty-transport-native-epoll-4.1.60.Final-linux-x86_64.jar;C:\Users\rrajput\.m2\repository\io\netty\netty-transport-native-kqueue\4.1.60.Final\netty-transport-native-kqueue-4.1.60.Final-osx-x86_64.jar;C:\Users\rrajput\.m2\repository\com\typesafe\netty\netty-reactive-streams\2.0.4\netty-reactive-streams-2.0.4.jar;C:\Users\rrajput\.m2\repository\com\sun\activation\jakarta.activation\1.2.2\jakarta.activation-1.2.2.jar;C:\Users\rrajput\.m2\repository\org\seleniumhq\selenium\selenium-http\4.8.0\selenium-http-4.8.0.jar;C:\Users\rrajput\.m2\repository\dev\failsafe\failsafe\3.3.0\failsafe-3.3.0.jar;C:\Users\rrajput\.m2\repository\org\seleniumhq\selenium\selenium-json\4.8.0\selenium-json-4.8.0.jar;C:\Users\rrajput\.m2\repository\org\seleniumhq\selenium\selenium-manager\4.8.0\selenium-manager-4.8.0.jar;C:\Users\rrajput\.m2\repository\org\seleniumhq\selenium\selenium-support\4.8.0\selenium-support-4.8.0.jar;C:\Users\rrajput\.m2\repository\com\google\code\gson\gson\2.10\gson-2.10.jar;C:\Users\rrajput\.m2\repository\cglib\cglib\3.3.0\cglib-3.3.0.jar;C:\Users\rrajput\.m2\repository\org\ow2\asm\asm\7.1\asm-7.1.jar;C:\Users\rrajput\.m2\repository\commons-validator\commons-validator\1.7\commons-validator-1.7.jar;C:\Users\rrajput\.m2\repository\commons-beanutils\commons-beanutils\1.9.4\commons-beanutils-1.9.4.jar;C:\Users\rrajput\.m2\repository\commons-digester\commons-digester\2.1\commons-digester-2.1.jar;C:\Users\rrajput\.m2\repository\commons-logging\commons-logging\1.2\commons-logging-1.2.jar;C:\Users\rrajput\.m2\repository\commons-collections\commons-collections\3.2.2\commons-collections-3.2.2.jar;C:\Users\rrajput\.m2\repository\org\apache\commons\commons-lang3\3.12.0\commons-lang3-3.12.0.jar;C:\Users\rrajput\.m2\repository\org\slf4j\slf4j-api\2.0.5\slf4j-api-2.0.5.jar;C:\Users\rrajput\.m2\repository\com\fasterxml\jackson\core\jackson-databind\2.14.1\jackson-databind-2.14.1.jar;C:\Users\rrajput\.m2\repository\com\fasterxml\jackson\core\jackson-annotations\2.14.1\jackson-annotations-2.14.1.jar;C:\Users\rrajput\.m2\repository\com\fasterxml\jackson\core\jackson-core\2.14.1\jackson-core-2.14.1.jar;C:\Users\rrajput\.m2\repository\com\aventstack\extentreports\5.0.9\extentreports-5.0.9.jar;C:\Users\rrajput\.m2\repository\io\reactivex\rxjava3\rxjava\3.0.4\rxjava-3.0.4.jar;C:\Users\rrajput\.m2\repository\org\reactivestreams\reactive-streams\1.0.3\reactive-streams-1.0.3.jar;C:\Users\rrajput\.m2\repository\org\freemarker\freemarker\2.3.30\freemarker-2.3.30.jar;C:\Users\rrajput\.m2\repository\org\projectlombok\lombok\1.18.12\lombok-1.18.12.jar;C:\Users\rrajput\.m2\repository\org\testng\testng\7.7.1\testng-7.7.1.jar;C:\Users\rrajput\.m2\repository\com\beust\jcommander\1.82\jcommander-1.82.jar;C:\Users\rrajput\.m2\repository\org\webjars\jquery\3.6.1\jquery-3.6.1.jar;"/>
    <property name="java.vm.vendor" value="Oracle Corporation"/>
    <property name="sun.arch.data.model" value="64"/>
    <property name="user.variant" value=""/>
    <property name="java.vendor.url" value="https://openjdk.java.net/"/>
    <property name="user.timezone" value="Asia/Calcutta"/>
    <property name="java.vm.specification.version" value="11"/>
    <property name="os.name" value="Windows 10"/>
    <property name="sun.java.launcher" value="SUN_STANDARD"/>
    <property name="user.country" value="US"/>
    <property name="sun.boot.library.path" value="C:\Program Files\Java\jdk-11.0.17\bin"/>
    <property name="sun.java.command" value="C:\Users\rrajput\AppData\Local\Temp\surefire4229866164538204818\surefirebooter-20230124171937247_3.jar C:\Users\rrajput\AppData\Local\Temp\surefire4229866164538204818 2023-01-24T17-19-36_191-jvmRun1 surefire-20230124171937247_1tmp surefire_0-20230124171937247_2tmp"/>
    <property name="jdk.debug" value="release"/>
    <property name="surefire.test.class.path" value="C:\Users\rrajput\eclipse-workspace\appiumPractise\target\test-classes;C:\Users\rrajput\eclipse-workspace\appiumPractise\target\classes;C:\Users\rrajput\.m2\repository\commons-io\commons-io\2.11.0\commons-io-2.11.0.jar;C:\Users\rrajput\.m2\repository\io\appium\java-client\8.3.0\java-client-8.3.0.jar;C:\Users\rrajput\.m2\repository\org\seleniumhq\selenium\selenium-api\4.8.0\selenium-api-4.8.0.jar;C:\Users\rrajput\.m2\repository\org\seleniumhq\selenium\selenium-remote-driver\4.8.0\selenium-remote-driver-4.8.0.jar;C:\Users\rrajput\.m2\repository\com\google\auto\service\auto-service-annotations\1.0.1\auto-service-annotations-1.0.1.jar;C:\Users\rrajput\.m2\repository\com\google\auto\service\auto-service\1.0.1\auto-service-1.0.1.jar;C:\Users\rrajput\.m2\repository\com\google\auto\auto-common\1.2\auto-common-1.2.jar;C:\Users\rrajput\.m2\repository\com\google\guava\guava\31.1-jre\guava-31.1-jre.jar;C:\Users\rrajput\.m2\repository\com\google\guava\failureaccess\1.0.1\failureaccess-1.0.1.jar;C:\Users\rrajput\.m2\repository\com\google\guava\listenablefuture\9999.0-empty-to-avoid-conflict-with-guava\listenablefuture-9999.0-empty-to-avoid-conflict-with-guava.jar;C:\Users\rrajput\.m2\repository\com\google\code\findbugs\jsr305\3.0.2\jsr305-3.0.2.jar;C:\Users\rrajput\.m2\repository\org\checkerframework\checker-qual\3.12.0\checker-qual-3.12.0.jar;C:\Users\rrajput\.m2\repository\com\google\errorprone\error_prone_annotations\2.11.0\error_prone_annotations-2.11.0.jar;C:\Users\rrajput\.m2\repository\com\google\j2objc\j2objc-annotations\1.3\j2objc-annotations-1.3.jar;C:\Users\rrajput\.m2\repository\io\netty\netty-buffer\4.1.87.Final\netty-buffer-4.1.87.Final.jar;C:\Users\rrajput\.m2\repository\io\netty\netty-codec-http\4.1.87.Final\netty-codec-http-4.1.87.Final.jar;C:\Users\rrajput\.m2\repository\io\netty\netty-codec\4.1.87.Final\netty-codec-4.1.87.Final.jar;C:\Users\rrajput\.m2\repository\io\netty\netty-handler\4.1.87.Final\netty-handler-4.1.87.Final.jar;C:\Users\rrajput\.m2\repository\io\netty\netty-common\4.1.87.Final\netty-common-4.1.87.Final.jar;C:\Users\rrajput\.m2\repository\io\netty\netty-transport-classes-epoll\4.1.87.Final\netty-transport-classes-epoll-4.1.87.Final.jar;C:\Users\rrajput\.m2\repository\io\netty\netty-transport-classes-kqueue\4.1.87.Final\netty-transport-classes-kqueue-4.1.87.Final.jar;C:\Users\rrajput\.m2\repository\io\netty\netty-transport-native-epoll\4.1.87.Final\netty-transport-native-epoll-4.1.87.Final.jar;C:\Users\rrajput\.m2\repository\io\netty\netty-transport-native-kqueue\4.1.87.Final\netty-transport-native-kqueue-4.1.87.Final.jar;C:\Users\rrajput\.m2\repository\io\netty\netty-transport-native-unix-common\4.1.87.Final\netty-transport-native-unix-common-4.1.87.Final.jar;C:\Users\rrajput\.m2\repository\io\netty\netty-transport\4.1.87.Final\netty-transport-4.1.87.Final.jar;C:\Users\rrajput\.m2\repository\io\netty\netty-resolver\4.1.87.Final\netty-resolver-4.1.87.Final.jar;C:\Users\rrajput\.m2\repository\io\opentelemetry\opentelemetry-api\1.22.0\opentelemetry-api-1.22.0.jar;C:\Users\rrajput\.m2\repository\io\opentelemetry\opentelemetry-context\1.22.0\opentelemetry-context-1.22.0.jar;C:\Users\rrajput\.m2\repository\io\opentelemetry\opentelemetry-exporter-logging\1.22.0\opentelemetry-exporter-logging-1.22.0.jar;C:\Users\rrajput\.m2\repository\io\opentelemetry\opentelemetry-sdk-metrics\1.22.0\opentelemetry-sdk-metrics-1.22.0.jar;C:\Users\rrajput\.m2\repository\io\opentelemetry\opentelemetry-sdk-logs\1.22.0-alpha\opentelemetry-sdk-logs-1.22.0-alpha.jar;C:\Users\rrajput\.m2\repository\io\opentelemetry\opentelemetry-api-logs\1.22.0-alpha\opentelemetry-api-logs-1.22.0-alpha.jar;C:\Users\rrajput\.m2\repository\io\opentelemetry\opentelemetry-sdk-common\1.22.0\opentelemetry-sdk-common-1.22.0.jar;C:\Users\rrajput\.m2\repository\io\opentelemetry\opentelemetry-sdk-extension-autoconfigure-spi\1.22.0\opentelemetry-sdk-extension-autoconfigure-spi-1.22.0.jar;C:\Users\rrajput\.m2\repository\io\opentelemetry\opentelemetry-sdk-extension-autoconfigure\1.22.0-alpha\opentelemetry-sdk-extension-autoconfigure-1.22.0-alpha.jar;C:\Users\rrajput\.m2\repository\io\opentelemetry\opentelemetry-sdk-trace\1.22.0\opentelemetry-sdk-trace-1.22.0.jar;C:\Users\rrajput\.m2\repository\io\opentelemetry\opentelemetry-sdk\1.22.0\opentelemetry-sdk-1.22.0.jar;C:\Users\rrajput\.m2\repository\io\opentelemetry\opentelemetry-semconv\1.22.0-alpha\opentelemetry-semconv-1.22.0-alpha.jar;C:\Users\rrajput\.m2\repository\io\ous\jtoml\2.0.0\jtoml-2.0.0.jar;C:\Users\rrajput\.m2\repository\net\bytebuddy\byte-buddy\1.12.22\byte-buddy-1.12.22.jar;C:\Users\rrajput\.m2\repository\org\apache\commons\commons-exec\1.3\commons-exec-1.3.jar;C:\Users\rrajput\.m2\repository\org\asynchttpclient\async-http-client\2.12.3\async-http-client-2.12.3.jar;C:\Users\rrajput\.m2\repository\org\asynchttpclient\async-http-client-netty-utils\2.12.3\async-http-client-netty-utils-2.12.3.jar;C:\Users\rrajput\.m2\repository\io\netty\netty-codec-socks\4.1.60.Final\netty-codec-socks-4.1.60.Final.jar;C:\Users\rrajput\.m2\repository\io\netty\netty-handler-proxy\4.1.60.Final\netty-handler-proxy-4.1.60.Final.jar;C:\Users\rrajput\.m2\repository\io\netty\netty-transport-native-epoll\4.1.60.Final\netty-transport-native-epoll-4.1.60.Final-linux-x86_64.jar;C:\Users\rrajput\.m2\repository\io\netty\netty-transport-native-kqueue\4.1.60.Final\netty-transport-native-kqueue-4.1.60.Final-osx-x86_64.jar;C:\Users\rrajput\.m2\repository\com\typesafe\netty\netty-reactive-streams\2.0.4\netty-reactive-streams-2.0.4.jar;C:\Users\rrajput\.m2\repository\com\sun\activation\jakarta.activation\1.2.2\jakarta.activation-1.2.2.jar;C:\Users\rrajput\.m2\repository\org\seleniumhq\selenium\selenium-http\4.8.0\selenium-http-4.8.0.jar;C:\Users\rrajput\.m2\repository\dev\failsafe\failsafe\3.3.0\failsafe-3.3.0.jar;C:\Users\rrajput\.m2\repository\org\seleniumhq\selenium\selenium-json\4.8.0\selenium-json-4.8.0.jar;C:\Users\rrajput\.m2\repository\org\seleniumhq\selenium\selenium-manager\4.8.0\selenium-manager-4.8.0.jar;C:\Users\rrajput\.m2\repository\org\seleniumhq\selenium\selenium-support\4.8.0\selenium-support-4.8.0.jar;C:\Users\rrajput\.m2\repository\com\google\code\gson\gson\2.10\gson-2.10.jar;C:\Users\rrajput\.m2\repository\cglib\cglib\3.3.0\cglib-3.3.0.jar;C:\Users\rrajput\.m2\repository\org\ow2\asm\asm\7.1\asm-7.1.jar;C:\Users\rrajput\.m2\repository\commons-validator\commons-validator\1.7\commons-validator-1.7.jar;C:\Users\rrajput\.m2\repository\commons-beanutils\commons-beanutils\1.9.4\commons-beanutils-1.9.4.jar;C:\Users\rrajput\.m2\repository\commons-digester\commons-digester\2.1\commons-digester-2.1.jar;C:\Users\rrajput\.m2\repository\commons-logging\commons-logging\1.2\commons-logging-1.2.jar;C:\Users\rrajput\.m2\repository\commons-collections\commons-collections\3.2.2\commons-collections-3.2.2.jar;C:\Users\rrajput\.m2\repository\org\apache\commons\commons-lang3\3.12.0\commons-lang3-3.12.0.jar;C:\Users\rrajput\.m2\repository\org\slf4j\slf4j-api\2.0.5\slf4j-api-2.0.5.jar;C:\Users\rrajput\.m2\repository\com\fasterxml\jackson\core\jackson-databind\2.14.1\jackson-databind-2.14.1.jar;C:\Users\rrajput\.m2\repository\com\fasterxml\jackson\core\jackson-annotations\2.14.1\jackson-annotations-2.14.1.jar;C:\Users\rrajput\.m2\repository\com\fasterxml\jackson\core\jackson-core\2.14.1\jackson-core-2.14.1.jar;C:\Users\rrajput\.m2\repository\com\aventstack\extentreports\5.0.9\extentreports-5.0.9.jar;C:\Users\rrajput\.m2\repository\io\reactivex\rxjava3\rxjava\3.0.4\rxjava-3.0.4.jar;C:\Users\rrajput\.m2\repository\org\reactivestreams\reactive-streams\1.0.3\reactive-streams-1.0.3.jar;C:\Users\rrajput\.m2\repository\org\freemarker\freemarker\2.3.30\freemarker-2.3.30.jar;C:\Users\rrajput\.m2\repository\org\projectlombok\lombok\1.18.12\lombok-1.18.12.jar;C:\Users\rrajput\.m2\repository\org\testng\testng\7.7.1\testng-7.7.1.jar;C:\Users\rrajput\.m2\repository\com\beust\jcommander\1.82\jcommander-1.82.jar;C:\Users\rrajput\.m2\repository\org\webjars\jquery\3.6.1\jquery-3.6.1.jar;"/>
    <property name="sun.cpu.endian" value="little"/>
    <property name="user.home" value="C:\Users\rrajput"/>
    <property name="user.language" value="en"/>
    <property name="java.specification.vendor" value="Oracle Corporation"/>
    <property name="java.version.date" value="2022-10-18"/>
    <property name="java.home" value="C:\Program Files\Java\jdk-11.0.17"/>
    <property name="file.separator" value="\"/>
    <property name="basedir" value="C:\Users\rrajput\eclipse-workspace\appiumPractise"/>
    <property name="java.vm.compressedOopsMode" value="32-bit"/>
    <property name="line.separator" value="&#10;"/>
    <property name="java.specification.name" value="Java Platform API Specification"/>
    <property name="java.vm.specification.vendor" value="Oracle Corporation"/>
    <property name="java.awt.graphicsenv" value="sun.awt.Win32GraphicsEnvironment"/>
    <property name="surefire.real.class.path" value="C:\Users\rrajput\AppData\Local\Temp\surefire4229866164538204818\surefirebooter-20230124171937247_3.jar"/>
    <property name="user.script" value=""/>
    <property name="sun.management.compiler" value="HotSpot 64-Bit Tiered Compilers"/>
    <property name="java.runtime.version" value="11.0.17+10-LTS-269"/>
    <property name="user.name" value="rrajput"/>
    <property name="path.separator" value=";"/>
    <property name="os.version" value="10.0"/>
    <property name="java.runtime.name" value="Java(TM) SE Runtime Environment"/>
    <property name="file.encoding" value="Cp1252"/>
    <property name="java.vm.name" value="Java HotSpot(TM) 64-Bit Server VM"/>
    <property name="java.vendor.version" value="18.9"/>
    <property name="localRepository" value="C:\Users\rrajput\.m2\repository"/>
    <property name="java.vendor.url.bug" value="https://bugreport.java.com/bugreport/"/>
    <property name="java.io.tmpdir" value="C:\Users\rrajput\AppData\Local\Temp\"/>
    <property name="java.version" value="11.0.17"/>
    <property name="user.dir" value="C:\Users\rrajput\eclipse-workspace\appiumPractise"/>
    <property name="os.arch" value="amd64"/>
    <property name="java.vm.specification.name" value="Java Virtual Machine Specification"/>
    <property name="java.awt.printerjob" value="sun.awt.windows.WPrinterJob"/>
    <property name="sun.os.patch.level" value=""/>
    <property name="java.library.path" value="C:\Program Files\Java\jdk-11.0.17\bin;C:\Windows\Sun\Java\bin;C:\Windows\system32;C:\Windows;C:\Program Files\Common Files\Oracle\Java\javapath;C:\Windows\system32;C:\Windows;C:\Windows\System32\Wbem;C:\Windows\System32\WindowsPowerShell\v1.0\;C:\Windows\System32\OpenSSH\;C:\Program Files\nodejs\;C:\Users\rrajput\AppData\Local\Microsoft\WindowsApps;C:\Program Files\Java\jdk-11.0.17\bin;C:\Tools and Drivers\apache-maven-3.8.7\bin;C:\Users\rrajput\AppData\Roaming\npm;C:\Users\rrajput\AppData\Local\Android\Sdk\tools;C:\Users\rrajput\AppData\Local\Android\Sdk\tools\bin;C:\Users\rrajput\AppData\Local\Android\Sdk\platform-tools;C:\Program Files\nodejs\node_modules\npm\bin;;."/>
    <property name="java.vendor" value="Oracle Corporation"/>
    <property name="java.vm.info" value="mixed mode"/>
    <property name="java.vm.version" value="11.0.17+10-LTS-269"/>
    <property name="sun.io.unicode.encoding" value="UnicodeLittle"/>
    <property name="java.class.version" value="55.0"/>
  </properties>
  <testcase name="browserOpenTest" classname="browser.BrowserTest" time="20.127">
    <system-out><![CDATA[&amp#27;[35m[Appium]&amp#27;[39m Welcome to Appium v2.0.0-beta.48
&amp#27;[35m[Appium]&amp#27;[39m Non-default server args:
&amp#27;[35m[Appium]&amp#27;[39m { address: &amp#27;[32m'127.0.0.1'&amp#27;[39m }
&amp#27;[35m[Appium]&amp#27;[39m Attempting to load driver uiautomator2...
[debug] &amp#27;[35m[Appium]&amp#27;[39m Requiring driver at C:\Users\rrajput\.appium\node_modules\appium-uiautomator2-driver
&amp#27;[35m[Appium]&amp#27;[39m Appium REST http interface listener started on 127.0.0.1:4723
&amp#27;[35m[Appium]&amp#27;[39m Available drivers:
&amp#27;[35m[Appium]&amp#27;[39m   - uiautomator2@2.12.1 (automationName 'UiAutomator2')
&amp#27;[35m[Appium]&amp#27;[39m No plugins have been installed. Use the "appium plugin" command to install the one(s) you want to use.
&amp#27;[38;5;0m[HTTP]&amp#27;[0m &amp#27;[37m-->&amp#27;[39m &amp#27;[37mGET&amp#27;[39m &amp#27;[37m/status&amp#27;[39m
&amp#27;[38;5;0m[HTTP]&amp#27;[0m &amp#27;[90m{}&amp#27;[39m
[debug] &amp#27;[38;5;16m[AppiumDriver@682c]&amp#27;[0m Calling AppiumDriver.getStatus() with args: []
[debug] &amp#27;[38;5;16m[AppiumDriver@682c]&amp#27;[0m Responding to client with driver.getStatus() result: {"build":{"version":"2.0.0-beta.48"}}
&amp#27;[38;5;0m[HTTP]&amp#27;[0m &amp#27;[37m<-- GET /status &amp#27;[39m&amp#27;[32m200&amp#27;[39m &amp#27;[90m8 ms - 47&amp#27;[39m
&amp#27;[38;5;0m[HTTP]&amp#27;[0m &amp#27;[90m&amp#27;[39m
[debug] &amp#27;[38;5;0m[HTTP]&amp#27;[0m Request idempotency key: 55fcd028-9b5a-4df6-8b24-8cde63109db3
&amp#27;[38;5;0m[HTTP]&amp#27;[0m &amp#27;[37m-->&amp#27;[39m &amp#27;[37mPOST&amp#27;[39m &amp#27;[37m/session&amp#27;[39m
&amp#27;[38;5;0m[HTTP]&amp#27;[0m &amp#27;[90m{"capabilities":{"firstMatch":[{}],"alwaysMatch":{"appium:automationName":"UIAutomator2","appium:chromedriverExecutable":"C:\\Users\\rrajput\\eclipse-workspace\\appiumPractise\\src\\main\\java\\resources\\chromedriver.exe","appium:deviceName":"Nexus 5X","browserName":"Chrome","platformName":"android"}}}&amp#27;[39m
[debug] &amp#27;[38;5;16m[AppiumDriver@682c]&amp#27;[0m Calling AppiumDriver.createSession() with args: [null,null,{"firstMatch":[{}],"alwaysMatch":{"appium:automationName":"UIAutomator2","appium:chromedriverExecutable":"C:\\Users\\rrajput\\eclipse-workspace\\appiumPractise\\src\\main\\java\\resources\\chromedriver.exe","appium:deviceName":"Nexus 5X","browserName":"Chrome","platformName":"android"}}]
[debug] &amp#27;[38;5;16m[AppiumDriver@682c]&amp#27;[0m Event 'newSessionRequested' logged at 1674560998606 (17:19:58 GMT+0530 (India Standard Time))
&amp#27;[35m[Appium]&amp#27;[39m Attempting to find matching driver for automationName 'UIAutomator2' and platformName 'android'
&amp#27;[35m[Appium]&amp#27;[39m The 'uiautomator2' driver was installed and matched caps.
&amp#27;[35m[Appium]&amp#27;[39m Will require it at C:\Users\rrajput\.appium\node_modules\appium-uiautomator2-driver
[debug] &amp#27;[35m[Appium]&amp#27;[39m Requiring driver at C:\Users\rrajput\.appium\node_modules\appium-uiautomator2-driver
&amp#27;[38;5;16m[AppiumDriver@682c]&amp#27;[0m Appium v2.0.0-beta.48 creating new AndroidUiautomator2Driver (v2.12.1) session
&amp#27;[38;5;16m[AppiumDriver@682c]&amp#27;[0m Checking BaseDriver versions for Appium and AndroidUiautomator2Driver
&amp#27;[38;5;16m[AppiumDriver@682c]&amp#27;[0m Appium's BaseDriver version is 9.1.0
&amp#27;[38;5;16m[AppiumDriver@682c]&amp#27;[0m AndroidUiautomator2Driver's BaseDriver version is 9.1.0
[debug] &amp#27;[38;5;32m[AndroidUiautomator2Driver@951d]&amp#27;[0m Creating session with W3C capabilities: {
[debug] &amp#27;[38;5;32m[AndroidUiautomator2Driver@951d]&amp#27;[0m   "alwaysMatch": {
[debug] &amp#27;[38;5;32m[AndroidUiautomator2Driver@951d]&amp#27;[0m     "browserName": "Chrome",
[debug] &amp#27;[38;5;32m[AndroidUiautomator2Driver@951d]&amp#27;[0m     "platformName": "android",
[debug] &amp#27;[38;5;32m[AndroidUiautomator2Driver@951d]&amp#27;[0m     "appium:automationName": "UIAutomator2",
[debug] &amp#27;[38;5;32m[AndroidUiautomator2Driver@951d]&amp#27;[0m     "appium:chromedriverExecutable": "C:\\Users\\rrajput\\eclipse-workspace\\appiumPractise\\src\\main\\java\\resources\\chromedriver.exe",
[debug] &amp#27;[38;5;32m[AndroidUiautomator2Driver@951d]&amp#27;[0m     "appium:deviceName": "Nexus 5X"
[debug] &amp#27;[38;5;32m[AndroidUiautomator2Driver@951d]&amp#27;[0m   },
[debug] &amp#27;[38;5;32m[AndroidUiautomator2Driver@951d]&amp#27;[0m   "firstMatch": [
[debug] &amp#27;[38;5;32m[AndroidUiautomator2Driver@951d]&amp#27;[0m     {}
[debug] &amp#27;[38;5;32m[AndroidUiautomator2Driver@951d]&amp#27;[0m   ]
[debug] &amp#27;[38;5;32m[AndroidUiautomator2Driver@951d]&amp#27;[0m }
&amp#27;[38;5;32m[AndroidUiautomator2Driver@951d (8c52b0d0)]&amp#27;[0m Session created with session id: 8c52b0d0-be5e-4886-ba81-6ea8b59c10de
&amp#27;[38;5;32m[AndroidUiautomator2Driver@951d (8c52b0d0)]&amp#27;[0m We're going to run a Chrome-based session
&amp#27;[38;5;32m[AndroidUiautomator2Driver@951d (8c52b0d0)]&amp#27;[0m Chrome-type package and activity are com.android.chrome and com.google.android.apps.chrome.Main
&amp#27;[38;5;32m[AndroidUiautomator2Driver@951d (8c52b0d0)]&amp#27;[0m Starting 'com.android.chrome' directly on the device
&amp#27;[38;5;48m[ADB]&amp#27;[0m Found 2 'build-tools' folders under 'C:\Users\rrajput\AppData\Local\Android\Sdk' (newest first):
&amp#27;[38;5;48m[ADB]&amp#27;[0m     C:/Users/rrajput/AppData/Local/Android/Sdk/build-tools/33.0.1
&amp#27;[38;5;48m[ADB]&amp#27;[0m     C:/Users/rrajput/AppData/Local/Android/Sdk/build-tools/30.0.3
&amp#27;[38;5;48m[ADB]&amp#27;[0m Using 'adb.exe' from 'C:\Users\rrajput\AppData\Local\Android\Sdk\platform-tools\adb.exe'
[debug] &amp#27;[38;5;48m[ADB]&amp#27;[0m Running 'C:\Users\rrajput\AppData\Local\Android\Sdk\platform-tools\adb.exe -P 5037 start-server'
&amp#27;[38;5;64m[AndroidDriver]&amp#27;[0m Retrieving device list
[debug] &amp#27;[38;5;48m[ADB]&amp#27;[0m Trying to find a connected android device
[debug] &amp#27;[38;5;48m[ADB]&amp#27;[0m Getting connected devices
[debug] &amp#27;[38;5;48m[ADB]&amp#27;[0m Connected devices: [{"udid":"emulator-5554","state":"device"}]
&amp#27;[38;5;64m[AndroidDriver]&amp#27;[0m Using device: emulator-5554
&amp#27;[38;5;48m[ADB]&amp#27;[0m Using 'adb.exe' from 'C:\Users\rrajput\AppData\Local\Android\Sdk\platform-tools\adb.exe'
[debug] &amp#27;[38;5;48m[ADB]&amp#27;[0m Running 'C:\Users\rrajput\AppData\Local\Android\Sdk\platform-tools\adb.exe -P 5037 start-server'
[debug] &amp#27;[38;5;48m[ADB]&amp#27;[0m Setting device id to emulator-5554
[debug] &amp#27;[38;5;48m[ADB]&amp#27;[0m Running 'C:\Users\rrajput\AppData\Local\Android\Sdk\platform-tools\adb.exe -P 5037 -s emulator-5554 shell getprop ro.build.version.sdk'
[debug] &amp#27;[38;5;48m[ADB]&amp#27;[0m Current device property 'ro.build.version.sdk': 30
&amp#27;[38;5;48m[ADB]&amp#27;[0m Getting device platform version
[debug] &amp#27;[38;5;48m[ADB]&amp#27;[0m Running 'C:\Users\rrajput\AppData\Local\Android\Sdk\platform-tools\adb.exe -P 5037 -s emulator-5554 shell getprop ro.build.version.release'
[debug] &amp#27;[38;5;48m[ADB]&amp#27;[0m Current device property 'ro.build.version.release': 11
[debug] &amp#27;[38;5;48m[ADB]&amp#27;[0m Device API level: 30
&amp#27;[38;5;32m[AndroidUiautomator2Driver@951d (8c52b0d0)]&amp#27;[0m Relaxing hidden api policy
[debug] &amp#27;[38;5;48m[ADB]&amp#27;[0m Running 'C:\Users\rrajput\AppData\Local\Android\Sdk\platform-tools\adb.exe -P 5037 -s emulator-5554 shell 'settings put global hidden_api_policy_pre_p_apps 1;settings put global hidden_api_policy_p_apps 1;settings put global hidden_api_policy 1''
&amp#27;[38;5;64m[AndroidDriver]&amp#27;[0m No app sent in, not parsing package/activity
[debug] &amp#27;[38;5;48m[ADB]&amp#27;[0m Running 'C:\Users\rrajput\AppData\Local\Android\Sdk\platform-tools\adb.exe -P 5037 -s emulator-5554 wait-for-device'
[debug] &amp#27;[38;5;48m[ADB]&amp#27;[0m Running 'C:\Users\rrajput\AppData\Local\Android\Sdk\platform-tools\adb.exe -P 5037 -s emulator-5554 shell echo ping'
[debug] &amp#27;[38;5;64m[AndroidDriver]&amp#27;[0m Pushing settings apk to device...
[debug] &amp#27;[38;5;48m[ADB]&amp#27;[0m Getting install status for io.appium.settings
[debug] &amp#27;[38;5;48m[ADB]&amp#27;[0m Running 'C:\Users\rrajput\AppData\Local\Android\Sdk\platform-tools\adb.exe -P 5037 -s emulator-5554 shell dumpsys package io.appium.settings'
[debug] &amp#27;[38;5;48m[ADB]&amp#27;[0m 'io.appium.settings' is installed
[debug] &amp#27;[38;5;48m[ADB]&amp#27;[0m Getting package info for 'io.appium.settings'
[debug] &amp#27;[38;5;48m[ADB]&amp#27;[0m Running 'C:\Users\rrajput\AppData\Local\Android\Sdk\platform-tools\adb.exe -P 5037 -s emulator-5554 shell dumpsys package io.appium.settings'
[debug] &amp#27;[38;5;48m[ADB]&amp#27;[0m The version name of the installed 'io.appium.settings' is greater or equal to the application version name ('5.0.0' >= '5.0.0')
[debug] &amp#27;[38;5;48m[ADB]&amp#27;[0m There is no need to install/upgrade 'C:\Users\rrajput\.appium\node_modules\appium-uiautomator2-driver\node_modules\io.appium.settings\apks\settings_apk-debug.apk'
[debug] &amp#27;[38;5;48m[ADB]&amp#27;[0m Getting IDs of all 'io.appium.settings' processes
[debug] &amp#27;[38;5;48m[ADB]&amp#27;[0m Running 'C:\Users\rrajput\AppData\Local\Android\Sdk\platform-tools\adb.exe -P 5037 -s emulator-5554 shell 'pgrep --help; echo $?''
[debug] &amp#27;[38;5;48m[ADB]&amp#27;[0m Running 'C:\Users\rrajput\AppData\Local\Android\Sdk\platform-tools\adb.exe -P 5037 -s emulator-5554 shell pgrep -f \(\[\[:blank:\]\]\|\^\)io\.appium\.settings\(\[\[:blank:\]\]\|\$\)'
[debug] &amp#27;[38;5;64m[AndroidDriver]&amp#27;[0m io.appium.settings is already running. There is no need to reset its permissions.
[debug] &amp#27;[38;5;80m[Logcat]&amp#27;[0m Starting logs capture with command: C:\\Users\\rrajput\\AppData\\Local\\Android\\Sdk\\platform-tools\\adb.exe -P 5037 -s emulator-5554 logcat -v threadtime
[debug] &amp#27;[38;5;32m[AndroidUiautomator2Driver@951d (8c52b0d0)]&amp#27;[0m Forwarding UiAutomator2 Server port 6790 to local port 8209
[debug] &amp#27;[38;5;48m[ADB]&amp#27;[0m Forwarding system: 8209 to device: 6790
[debug] &amp#27;[38;5;48m[ADB]&amp#27;[0m Running 'C:\Users\rrajput\AppData\Local\Android\Sdk\platform-tools\adb.exe -P 5037 -s emulator-5554 forward tcp:8209 tcp:6790'
[debug] &amp#27;[38;5;48m[ADB]&amp#27;[0m Getting install status for io.appium.uiautomator2.server
[debug] &amp#27;[38;5;48m[ADB]&amp#27;[0m Running 'C:\Users\rrajput\AppData\Local\Android\Sdk\platform-tools\adb.exe -P 5037 -s emulator-5554 shell dumpsys package io.appium.uiautomator2.server'
[debug] &amp#27;[38;5;48m[ADB]&amp#27;[0m 'io.appium.uiautomator2.server' is installed
[debug] &amp#27;[38;5;48m[ADB]&amp#27;[0m Getting package info for 'io.appium.uiautomator2.server'
[debug] &amp#27;[38;5;48m[ADB]&amp#27;[0m Running 'C:\Users\rrajput\AppData\Local\Android\Sdk\platform-tools\adb.exe -P 5037 -s emulator-5554 shell dumpsys package io.appium.uiautomator2.server'
[debug] &amp#27;[38;5;48m[ADB]&amp#27;[0m The version name of the installed 'io.appium.uiautomator2.server' is greater or equal to the application version name ('5.7.6' >= '5.7.6')
[debug] &amp#27;[38;5;32m[AndroidUiautomator2Driver@951d (8c52b0d0)]&amp#27;[0m io.appium.uiautomator2.server installation state: sameVersionInstalled
[debug] &amp#27;[38;5;48m[ADB]&amp#27;[0m Checking app cert for C:\Users\rrajput\.appium\node_modules\appium-uiautomator2-driver\node_modules\appium-uiautomator2-server\apks\appium-uiautomator2-server-v5.7.6.apk
&amp#27;[38;5;48m[ADB]&amp#27;[0m Using 'apksigner.jar' from 'C:\Users\rrajput\AppData\Local\Android\Sdk\build-tools\33.0.1\lib\apksigner.jar'
[debug] &amp#27;[38;5;48m[ADB]&amp#27;[0m Starting apksigner: 'C:\\Program Files\\Java\\jdk-11.0.17\\bin\\java.exe' -Xmx1024M -Xss1m -jar C:\\Users\\rrajput\\AppData\\Local\\Android\\Sdk\\build-tools\\33.0.1\\lib\\apksigner.jar verify --print-certs C:\\Users\\rrajput\\.appium\\node_modules\\appium-uiautomator2-driver\\node_modules\\appium-uiautomator2-server\\apks\\appium-uiautomator2-server-v5.7.6.apk
[debug] &amp#27;[38;5;48m[ADB]&amp#27;[0m apksigner stdout: Signer #1 certificate DN: EMAILADDRESS=android@android.com, CN=Android, OU=Android, O=Android, L=Mountain View, ST=California, C=US
[debug] &amp#27;[38;5;48m[ADB]&amp#27;[0m Signer #1 certificate SHA-256 digest: a40da80a59d170caa950cf15c18c454d47a39b26989d8b640ecd745ba71bf5dc
[debug] &amp#27;[38;5;48m[ADB]&amp#27;[0m Signer #1 certificate SHA-1 digest: 61ed377e85d386a8dfee6b864bd85b0bfaa5af81
[debug] &amp#27;[38;5;48m[ADB]&amp#27;[0m Signer #1 certificate MD5 digest: e89b158e4bcf988ebd09eb83f5378e87
[debug] &amp#27;[38;5;48m[ADB]&amp#27;[0m 
[debug] &amp#27;[38;5;48m[ADB]&amp#27;[0m sha256 hash did match for 'appium-uiautomator2-server-v5.7.6.apk'
&amp#27;[38;5;48m[ADB]&amp#27;[0m 'C:\Users\rrajput\.appium\node_modules\appium-uiautomator2-driver\node_modules\appium-uiautomator2-server\apks\appium-uiautomator2-server-v5.7.6.apk' is signed with the default certificate
[debug] &amp#27;[38;5;48m[ADB]&amp#27;[0m Getting install status for io.appium.uiautomator2.server.test
[debug] &amp#27;[38;5;48m[ADB]&amp#27;[0m Running 'C:\Users\rrajput\AppData\Local\Android\Sdk\platform-tools\adb.exe -P 5037 -s emulator-5554 shell dumpsys package io.appium.uiautomator2.server.test'
[debug] &amp#27;[38;5;48m[ADB]&amp#27;[0m 'io.appium.uiautomator2.server.test' is installed
[debug] &amp#27;[38;5;48m[ADB]&amp#27;[0m Checking app cert for C:\Users\rrajput\.appium\node_modules\appium-uiautomator2-driver\node_modules\appium-uiautomator2-server\apks\appium-uiautomator2-server-debug-androidTest.apk
[debug] &amp#27;[38;5;48m[ADB]&amp#27;[0m Starting apksigner: 'C:\\Program Files\\Java\\jdk-11.0.17\\bin\\java.exe' -Xmx1024M -Xss1m -jar C:\\Users\\rrajput\\AppData\\Local\\Android\\Sdk\\build-tools\\33.0.1\\lib\\apksigner.jar verify --print-certs C:\\Users\\rrajput\\.appium\\node_modules\\appium-uiautomator2-driver\\node_modules\\appium-uiautomator2-server\\apks\\appium-uiautomator2-server-debug-androidTest.apk
[debug] &amp#27;[38;5;48m[ADB]&amp#27;[0m apksigner stdout: Signer #1 certificate DN: EMAILADDRESS=android@android.com, CN=Android, OU=Android, O=Android, L=Mountain View, ST=California, C=US
[debug] &amp#27;[38;5;48m[ADB]&amp#27;[0m Signer #1 certificate SHA-256 digest: a40da80a59d170caa950cf15c18c454d47a39b26989d8b640ecd745ba71bf5dc
[debug] &amp#27;[38;5;48m[ADB]&amp#27;[0m Signer #1 certificate SHA-1 digest: 61ed377e85d386a8dfee6b864bd85b0bfaa5af81
[debug] &amp#27;[38;5;48m[ADB]&amp#27;[0m Signer #1 certificate MD5 digest: e89b158e4bcf988ebd09eb83f5378e87
[debug] &amp#27;[38;5;48m[ADB]&amp#27;[0m 
[debug] &amp#27;[38;5;48m[ADB]&amp#27;[0m sha256 hash did match for 'appium-uiautomator2-server-debug-androidTest.apk'
&amp#27;[38;5;48m[ADB]&amp#27;[0m 'C:\Users\rrajput\.appium\node_modules\appium-uiautomator2-driver\node_modules\appium-uiautomator2-server\apks\appium-uiautomator2-server-debug-androidTest.apk' is signed with the default certificate
&amp#27;[38;5;32m[AndroidUiautomator2Driver@951d (8c52b0d0)]&amp#27;[0m Server packages are not going to be (re)installed
[debug] &amp#27;[38;5;32m[AndroidUiautomator2Driver@951d (8c52b0d0)]&amp#27;[0m Waiting up to 30000ms for services to be available
[debug] &amp#27;[38;5;48m[ADB]&amp#27;[0m Running 'C:\Users\rrajput\AppData\Local\Android\Sdk\platform-tools\adb.exe -P 5037 -s emulator-5554 shell pm list instrumentation'
[debug] &amp#27;[38;5;32m[AndroidUiautomator2Driver@951d (8c52b0d0)]&amp#27;[0m Instrumentation target 'io.appium.uiautomator2.server.test/androidx.test.runner.AndroidJUnitRunner' is available
&amp#27;[38;5;48m[ADB]&amp#27;[0m Adding packages ["io.appium.settings","io.appium.uiautomator2.server","io.appium.uiautomator2.server.test"] to Doze whitelist
[debug] &amp#27;[38;5;48m[ADB]&amp#27;[0m Got the following command chunks to execute: [["dumpsys","deviceidle","whitelist","+io.appium.settings",";","dumpsys","deviceidle","whitelist","+io.appium.uiautomator2.server",";","dumpsys","deviceidle","whitelist","+io.appium.uiautomator2.server.test",";"]]
[debug] &amp#27;[38;5;48m[ADB]&amp#27;[0m Running 'C:\Users\rrajput\AppData\Local\Android\Sdk\platform-tools\adb.exe -P 5037 -s emulator-5554 shell dumpsys deviceidle whitelist +io.appium.settings ; dumpsys deviceidle whitelist +io.appium.uiautomator2.server ; dumpsys deviceidle whitelist +io.appium.uiautomator2.server.test ;'
[debug] &amp#27;[38;5;32m[AndroidUiautomator2Driver@951d (8c52b0d0)]&amp#27;[0m No app capability. Assuming it is already on the device
[debug] &amp#27;[38;5;48m[ADB]&amp#27;[0m Getting install status for com.android.chrome
[debug] &amp#27;[38;5;48m[ADB]&amp#27;[0m Running 'C:\Users\rrajput\AppData\Local\Android\Sdk\platform-tools\adb.exe -P 5037 -s emulator-5554 shell dumpsys package com.android.chrome'
[debug] &amp#27;[38;5;48m[ADB]&amp#27;[0m 'com.android.chrome' is installed
[debug] &amp#27;[38;5;48m[ADB]&amp#27;[0m Running 'C:\Users\rrajput\AppData\Local\Android\Sdk\platform-tools\adb.exe -P 5037 -s emulator-5554 shell am force-stop com.android.chrome'
[debug] &amp#27;[38;5;48m[ADB]&amp#27;[0m Running 'C:\Users\rrajput\AppData\Local\Android\Sdk\platform-tools\adb.exe -P 5037 -s emulator-5554 shell pm clear com.android.chrome'
[debug] &amp#27;[38;5;64m[AndroidDriver]&amp#27;[0m Performed fast reset on the installed 'com.android.chrome' application (stop and clear)
[debug] &amp#27;[38;5;32m[AndroidUiautomator2Driver@951d (8c52b0d0)]&amp#27;[0m Performing shallow cleanup of automation leftovers
[debug] &amp#27;[38;5;32m[AndroidUiautomator2Driver@951d (8c52b0d0)]&amp#27;[0m No obsolete sessions have been detected (socket hang up)
[debug] &amp#27;[38;5;48m[ADB]&amp#27;[0m Running 'C:\Users\rrajput\AppData\Local\Android\Sdk\platform-tools\adb.exe -P 5037 -s emulator-5554 shell am force-stop io.appium.uiautomator2.server.test'
&amp#27;[38;5;32m[AndroidUiautomator2Driver@951d (8c52b0d0)]&amp#27;[0m Starting UIAutomator2 server 5.7.6
&amp#27;[38;5;32m[AndroidUiautomator2Driver@951d (8c52b0d0)]&amp#27;[0m Using UIAutomator2 server from 'C:\Users\rrajput\.appium\node_modules\appium-uiautomator2-driver\node_modules\appium-uiautomator2-server\apks\appium-uiautomator2-server-v5.7.6.apk' and test from 'C:\Users\rrajput\.appium\node_modules\appium-uiautomator2-driver\node_modules\appium-uiautomator2-server\apks\appium-uiautomator2-server-debug-androidTest.apk'
&amp#27;[38;5;32m[AndroidUiautomator2Driver@951d (8c52b0d0)]&amp#27;[0m Waiting up to 30000ms for UiAutomator2 to be online...
[debug] &amp#27;[38;5;48m[ADB]&amp#27;[0m Creating ADB subprocess with args: ["-P",5037,"-s","emulator-5554","shell","am","instrument","-w","-e","disableAnalytics",true,"io.appium.uiautomator2.server.test/androidx.test.runner.AndroidJUnitRunner"]
[debug] &amp#27;[38;5;32m[AndroidUiautomator2Driver@951d (8c52b0d0)]&amp#27;[0m Matched '/status' to command name 'getStatus'
[debug] &amp#27;[38;5;32m[AndroidUiautomator2Driver@951d (8c52b0d0)]&amp#27;[0m Proxying [GET /status] to [GET http://127.0.0.1:8209/status] with no body
&amp#27;[38;5;32m[AndroidUiautomator2Driver@951d (8c52b0d0)]&amp#27;[0m socket hang up
[debug] &amp#27;[38;5;96m[Instrumentation]&amp#27;[0m io.appium.uiautomator2.server.test.AppiumUiAutomator2Server:
[debug] &amp#27;[38;5;32m[AndroidUiautomator2Driver@951d (8c52b0d0)]&amp#27;[0m Matched '/status' to command name 'getStatus'
[debug] &amp#27;[38;5;32m[AndroidUiautomator2Driver@951d (8c52b0d0)]&amp#27;[0m Proxying [GET /status] to [GET http://127.0.0.1:8209/status] with no body
&amp#27;[38;5;32m[AndroidUiautomator2Driver@951d (8c52b0d0)]&amp#27;[0m socket hang up
[debug] &amp#27;[38;5;32m[AndroidUiautomator2Driver@951d (8c52b0d0)]&amp#27;[0m Matched '/status' to command name 'getStatus'
[debug] &amp#27;[38;5;32m[AndroidUiautomator2Driver@951d (8c52b0d0)]&amp#27;[0m Proxying [GET /status] to [GET http://127.0.0.1:8209/status] with no body
&amp#27;[38;5;32m[AndroidUiautomator2Driver@951d (8c52b0d0)]&amp#27;[0m socket hang up
[debug] &amp#27;[38;5;32m[AndroidUiautomator2Driver@951d (8c52b0d0)]&amp#27;[0m Matched '/status' to command name 'getStatus'
[debug] &amp#27;[38;5;32m[AndroidUiautomator2Driver@951d (8c52b0d0)]&amp#27;[0m Proxying [GET /status] to [GET http://127.0.0.1:8209/status] with no body
[debug] &amp#27;[38;5;32m[AndroidUiautomator2Driver@951d (8c52b0d0)]&amp#27;[0m Got response with status 200: {"sessionId":"None","value":{"message":"UiAutomator2 Server is ready to accept commands","ready":true}}
[debug] &amp#27;[38;5;32m[AndroidUiautomator2Driver@951d (8c52b0d0)]&amp#27;[0m The initialization of the instrumentation process took 3172ms
[debug] &amp#27;[38;5;32m[AndroidUiautomator2Driver@951d (8c52b0d0)]&amp#27;[0m Matched '/session' to command name 'createSession'
[debug] &amp#27;[38;5;32m[AndroidUiautomator2Driver@951d (8c52b0d0)]&amp#27;[0m Proxying [POST /session] to [POST http://127.0.0.1:8209/session] with body: {"capabilities":{"firstMatch":[{"platform":"LINUX","webStorageEnabled":false,"takesScreenshot":true,"javascriptEnabled":true,"databaseEnabled":false,"networkConnectionEnabled":true,"locationContextEnabled":false,"warnings":{},"desired":{"browserName":"Chrome","platformName":"android","automationName":"UIAutomator2","chromedriverExecutable":"C:\\Users\\rrajput\\eclipse-workspace\\appiumPractise\\src\\main\\java\\resources\\chromedriver.exe","deviceName":"Nexus 5X"},"browserName":"Chrome","platformName":"android","automationName":"UIAutomator2","chromedriverExecutable":"C:\\Users\\rrajput\\eclipse-workspace\\appiumPractise\\src\\main\\java\\resources\\chromedriver.exe","deviceName":"emulator-5554","appPackage":"com.android.chrome","appActivity":"com.google.android.apps.chrome.Main","deviceUDID":"emulator-5554"}],"alwaysMatch":{}}}
[debug] &amp#27;[38;5;32m[AndroidUiautomator2Driver@951d (8c52b0d0)]&amp#27;[0m Got response with status 200: {"sessionId":"04135c55-ef89-4ed2-bfdc-4994d53ea201","value":{"capabilities":{"firstMatch":[{"platform":"LINUX","webStorageEnabled":false,"takesScreenshot":true,"javascriptEnabled":true,"databaseEnabled":false,"networkConnectionEnabled":true,"locationContextEnabled":false,"warnings":{},"desired":{"browserName":"Chrome","platformName":"android","automationName":"UIAutomator2","chromedriverExecutable":"C:\\Users\\rrajput\\eclipse-workspace\\appiumPractise\\src\\main\\java\\resources\\chromedriver.exe","deviceName":"Nexus 5X"},"browserName":"Chrome","platformName":"android","automationName":"UIAutomator2","chromedriverExecutable":"C:\\Users\\rrajput\\eclipse-workspace\\appiumPractise\\src\\main\\java\\resources\\chromedriver.exe","deviceName":"emulator-5554","appPackage":"com.android.chrome","appActivity":"com.google.android.apps.chrome.Main","deviceUDID":"emulator-5554"}],"alwaysMatch":{}},"sessionId":"04135c55-ef89-4ed2-bfdc-4994d53ea201"}}
&amp#27;[38;5;32m[AndroidUiautomator2Driver@951d (8c52b0d0)]&amp#27;[0m Determined the downstream protocol as 'W3C'
[debug] &amp#27;[38;5;32m[AndroidUiautomator2Driver@951d (8c52b0d0)]&amp#27;[0m Proxying [GET /appium/device/info] to [GET http://127.0.0.1:8209/session/04135c55-ef89-4ed2-bfdc-4994d53ea201/appium/device/info] with no body
[debug] &amp#27;[38;5;32m[AndroidUiautomator2Driver@951d (8c52b0d0)]&amp#27;[0m Got response with status 200: {"sessionId":"04135c55-ef89-4ed2-bfdc-4994d53ea201","value":{"androidId":"e3a33e2e80d24687","apiVersion":"30","bluetooth":{"state":"ON"},"brand":"google","carrierName":"Android","displayDensity":420,"locale":"en_US","manufacturer":"Google","model":"sdk_gphone_x86","networks":[{"capabilities":{"SSID":null,"linkDownBandwidthKbps":141000,"linkUpstreamBandwidthKbps":141000,"networkCapabilities":"NET_CAPABILITY_NOT_METERED,NET_CAPABILITY_INTERNET,NET_CAPABILITY_NOT_RESTRICTED,NET_CAPABILITY_TRUSTED,NET_CAPABILITY_NOT_VPN,NET_CAPABILITY_VALIDATED,NET_CAPABILITY_NOT_ROAMING,NET_CAPABILITY_FOREGROUND,NET_CAPABILITY_NOT_CONGESTED,NET_CAPABILITY_NOT_SUSPENDED","signalStrength":-30,"transportTypes":"TRANSPORT_WIFI"},"detailedState":"CONNECTED","extraInfo":"","isAvailable":true,"isConnected":true,"isFailover":false,"isRoaming":false,"state":"CONNECTED","subtype":0,"subtypeName":"","type":1,"typeName":"WIFI"},{"capabilities":{"SSID":null,"linkDownBandwidthKbps":30000,"linkUpstreamBandwidthKbps":15000,"networkCapabiliti...
[debug] &amp#27;[38;5;48m[ADB]&amp#27;[0m Running 'C:\Users\rrajput\AppData\Local\Android\Sdk\platform-tools\adb.exe -P 5037 -s emulator-5554 shell dumpsys window'
&amp#27;[38;5;64m[AndroidDriver]&amp#27;[0m Screen already unlocked, doing nothing
&amp#27;[38;5;32m[AndroidUiautomator2Driver@951d (8c52b0d0)]&amp#27;[0m Starting a chrome-based browser session
[debug] &amp#27;[38;5;32m[AndroidUiautomator2Driver@951d (8c52b0d0)]&amp#27;[0m A port was not given, using random free port: 8000
[debug] &amp#27;[38;5;32m[AndroidUiautomator2Driver@951d (8c52b0d0)]&amp#27;[0m Automated Chromedriver download is disabled. Use 'chromedriver_autodownload' server feature to enable it
[debug] &amp#27;[38;5;64m[AndroidDriver]&amp#27;[0m Precalculated Chromedriver capabilities: {
[debug] &amp#27;[38;5;64m[AndroidDriver]&amp#27;[0m   "androidPackage": "com.android.chrome",
[debug] &amp#27;[38;5;64m[AndroidDriver]&amp#27;[0m   "androidDeviceSerial": "emulator-5554"
[debug] &amp#27;[38;5;64m[AndroidDriver]&amp#27;[0m }
[debug] &amp#27;[38;5;32m[AndroidUiautomator2Driver@951d (8c52b0d0)]&amp#27;[0m Before starting chromedriver, androidPackage is 'com.android.chrome'
[debug] &amp#27;[38;5;112m[Chromedriver@9e11]&amp#27;[0m Changed state to 'starting'
&amp#27;[38;5;112m[Chromedriver@9e11]&amp#27;[0m Set chromedriver binary as: C:\Users\rrajput\eclipse-workspace\appiumPractise\src\main\java\resources\chromedriver.exe
[debug] &amp#27;[38;5;112m[Chromedriver@9e11]&amp#27;[0m Killing any old chromedrivers, running: wmic process where "commandline like '%chromedriver.exe%--port=8000%'" delete
[debug] &amp#27;[38;5;112m[Chromedriver@9e11]&amp#27;[0m Successfully cleaned up old chromedrivers
[debug] &amp#27;[38;5;112m[Chromedriver@9e11]&amp#27;[0m Cleaning this device's adb forwarded port socket connections: emulator-5554
[debug] &amp#27;[38;5;48m[ADB]&amp#27;[0m List forwarding ports
[debug] &amp#27;[38;5;48m[ADB]&amp#27;[0m Running 'C:\Users\rrajput\AppData\Local\Android\Sdk\platform-tools\adb.exe -P 5037 -s emulator-5554 forward --list'
&amp#27;[38;5;112m[Chromedriver@9e11]&amp#27;[0m Spawning chromedriver with: C:\Users\rrajput\eclipse-workspace\appiumPractise\src\main\java\resources\chromedriver.exe --port=8000 --adb-port=5037 --verbose
[debug] &amp#27;[38;5;112m[Chromedriver@9e11]&amp#27;[0m Chromedriver version: '83.0.4103.39'
[debug] &amp#27;[38;5;112m[Chromedriver@9e11]&amp#27;[0m Matched '/status' to command name 'getStatus'
[debug] &amp#27;[38;5;112m[Chromedriver@9e11]&amp#27;[0m Proxying [GET /status] to [GET http://127.0.0.1:8000/status] with no body
&amp#27;[38;5;112m[Chromedriver@9e11]&amp#27;[0m connect ECONNREFUSED 127.0.0.1:8000
[debug] &amp#27;[38;5;112m[Chromedriver@9e11]&amp#27;[0m Matched '/status' to command name 'getStatus'
[debug] &amp#27;[38;5;112m[Chromedriver@9e11]&amp#27;[0m Proxying [GET /status] to [GET http://127.0.0.1:8000/status] with no body
[debug] &amp#27;[38;5;112m[Chromedriver@9e11]&amp#27;[0m Got response with status 200: {"value":{"build":{"version":"83.0.4103.39 (ccbf011cb2d2b19b506d844400483861342c20cd-refs/branch-heads/4103@{#416})"},"message":"ChromeDriver ready for new sessions.","os":{"arch":"x86_64","name":"Windows NT","version":"10.0.19044"},"ready":true}}
&amp#27;[38;5;112m[Chromedriver@9e11]&amp#27;[0m Starting W3C Chromedriver session with capabilities: {
&amp#27;[38;5;112m[Chromedriver@9e11]&amp#27;[0m   "capabilities": {
&amp#27;[38;5;112m[Chromedriver@9e11]&amp#27;[0m     "alwaysMatch": {
&amp#27;[38;5;112m[Chromedriver@9e11]&amp#27;[0m       "goog:chromeOptions": {
&amp#27;[38;5;112m[Chromedriver@9e11]&amp#27;[0m         "androidPackage": "com.android.chrome",
&amp#27;[38;5;112m[Chromedriver@9e11]&amp#27;[0m         "androidDeviceSerial": "emulator-5554"
&amp#27;[38;5;112m[Chromedriver@9e11]&amp#27;[0m       },
&amp#27;[38;5;112m[Chromedriver@9e11]&amp#27;[0m       "goog:loggingPrefs": {
&amp#27;[38;5;112m[Chromedriver@9e11]&amp#27;[0m         "browser": "ALL"
&amp#27;[38;5;112m[Chromedriver@9e11]&amp#27;[0m       }
&amp#27;[38;5;112m[Chromedriver@9e11]&amp#27;[0m     }
&amp#27;[38;5;112m[Chromedriver@9e11]&amp#27;[0m   }
&amp#27;[38;5;112m[Chromedriver@9e11]&amp#27;[0m }
[debug] &amp#27;[38;5;112m[Chromedriver@9e11]&amp#27;[0m Matched '/session' to command name 'createSession'
[debug] &amp#27;[38;5;112m[Chromedriver@9e11]&amp#27;[0m Proxying [POST /session] to [POST http://127.0.0.1:8000/session] with body: {"capabilities":{"alwaysMatch":{"goog:chromeOptions":{"androidPackage":"com.android.chrome","androidDeviceSerial":"emulator-5554"},"goog:loggingPrefs":{"browser":"ALL"}}}}
[debug] &amp#27;[38;5;112m[Chromedriver@9e11]&amp#27;[0m Webview version: 'Chrome/83.0.4103.106'
[debug] &amp#27;[38;5;112m[Chromedriver@9e11]&amp#27;[0m Got response with status 200: {"value":{"capabilities":{"acceptInsecureCerts":false,"browserName":"chrome","browserVersion":"83.0.4103.106","chrome":{"chromedriverVersion":"83.0.4103.39 (ccbf011cb2d2b19b506d844400483861342c20cd-refs/branch-heads/4103@{#416})"},"goog:chromeOptions":{"debuggerAddress":"localhost:58870"},"pageLoadStrategy":"normal","platformName":"android","proxy":{},"setWindowRect":false,"strictFileInteractability":false,"timeouts":{"implicit":0,"pageLoad":300000,"script":30000},"unhandledPromptBehavior":"dismiss and notify","webauthn:virtualAuthenticators":false},"sessionId":"9d461be32698fce766a1cc90129f0e70"}}
&amp#27;[38;5;112m[Chromedriver@9e11]&amp#27;[0m Determined the downstream protocol as 'W3C'
[debug] &amp#27;[38;5;112m[Chromedriver@9e11 (9d461be3)]&amp#27;[0m Changed state to 'online'
[debug] &amp#27;[38;5;32m[AndroidUiautomator2Driver@951d (8c52b0d0)]&amp#27;[0m Proxying [GET /appium/device/pixel_ratio] to [GET http://127.0.0.1:8209/session/04135c55-ef89-4ed2-bfdc-4994d53ea201/appium/device/pixel_ratio] with no body
[debug] &amp#27;[38;5;32m[AndroidUiautomator2Driver@951d (8c52b0d0)]&amp#27;[0m Got response with status 200: {"sessionId":"04135c55-ef89-4ed2-bfdc-4994d53ea201","value":2.625}
[debug] &amp#27;[38;5;32m[AndroidUiautomator2Driver@951d (8c52b0d0)]&amp#27;[0m Matched '/appium/device/system_bars' to command name 'getSystemBars'
[debug] &amp#27;[38;5;32m[AndroidUiautomator2Driver@951d (8c52b0d0)]&amp#27;[0m Proxying [GET /appium/device/system_bars] to [GET http://127.0.0.1:8209/session/04135c55-ef89-4ed2-bfdc-4994d53ea201/appium/device/system_bars] with no body
[debug] &amp#27;[38;5;32m[AndroidUiautomator2Driver@951d (8c52b0d0)]&amp#27;[0m Got response with status 200: {"sessionId":"04135c55-ef89-4ed2-bfdc-4994d53ea201","value":{"statusBar":63}}
[debug] &amp#27;[38;5;32m[AndroidUiautomator2Driver@951d (8c52b0d0)]&amp#27;[0m Matched '/window/current/size' to command name 'getWindowSize'
[debug] &amp#27;[38;5;32m[AndroidUiautomator2Driver@951d (8c52b0d0)]&amp#27;[0m Proxying [GET /window/current/size] to [GET http://127.0.0.1:8209/session/04135c55-ef89-4ed2-bfdc-4994d53ea201/window/current/size] with no body
[debug] &amp#27;[38;5;32m[AndroidUiautomator2Driver@951d (8c52b0d0)]&amp#27;[0m Got response with status 200: {"sessionId":"04135c55-ef89-4ed2-bfdc-4994d53ea201","value":{"height":1794,"width":1080}}
&amp#27;[38;5;16m[AppiumDriver@682c]&amp#27;[0m New AndroidUiautomator2Driver session created successfully, session 8c52b0d0-be5e-4886-ba81-6ea8b59c10de added to master session list
[debug] &amp#27;[38;5;16m[AppiumDriver@682c]&amp#27;[0m Event 'newSessionStarted' logged at 1674561017191 (17:20:17 GMT+0530 (India Standard Time))
[debug] &amp#27;[38;5;32m[AndroidUiautomator2Driver@951d (8c52b0d0)]&amp#27;[0m Cached the protocol value 'W3C' for the new session 8c52b0d0-be5e-4886-ba81-6ea8b59c10de
[debug] &amp#27;[38;5;32m[AndroidUiautomator2Driver@951d (8c52b0d0)]&amp#27;[0m Responding to client with driver.createSession() result: {"capabilities":{"platform":"LINUX","webStorageEnabled":false,"takesScreenshot":true,"javascriptEnabled":true,"databaseEnabled":false,"networkConnectionEnabled":true,"locationContextEnabled":false,"warnings":{},"desired":{"browserName":"Chrome","platformName":"android","automationName":"UIAutomator2","chromedriverExecutable":"C:\\Users\\rrajput\\eclipse-workspace\\appiumPractise\\src\\main\\java\\resources\\chromedriver.exe","deviceName":"Nexus 5X"},"browserName":"Chrome","platformName":"android","automationName":"UIAutomator2","chromedriverExecutable":"C:\\Users\\rrajput\\eclipse-workspace\\appiumPractise\\src\\main\\java\\resources\\chromedriver.exe","deviceName":"emulator-5554","appPackage":"com.android.chrome","appActivity":"com.google.android.apps.chrome.Main","deviceUDID":"emulator-5554","deviceApiLevel":30,"platformVersion":"11","deviceScreenSize":"1080x1920","deviceScreenDensity":420,"deviceModel":"sdk_gphone_x86","deviceManufacturer":"Google","pixelRatio":2.625,"statBarHeight":63,"viewportRect":{"...
&amp#27;[38;5;0m[HTTP]&amp#27;[0m &amp#27;[37m<-- POST /session &amp#27;[39m&amp#27;[32m200&amp#27;[39m &amp#27;[90m18588 ms - 1128&amp#27;[39m
&amp#27;[38;5;0m[HTTP]&amp#27;[0m &amp#27;[90m&amp#27;[39m
&amp#27;[38;5;0m[HTTP]&amp#27;[0m &amp#27;[37m-->&amp#27;[39m &amp#27;[37mPOST&amp#27;[39m &amp#27;[37m/session/8c52b0d0-be5e-4886-ba81-6ea8b59c10de/timeouts&amp#27;[39m
&amp#27;[38;5;0m[HTTP]&amp#27;[0m &amp#27;[90m{"implicit":5000}&amp#27;[39m
&amp#27;[38;5;32m[AndroidUiautomator2Driver@951d (8c52b0d0)]&amp#27;[0m Driver proxy active, passing request on via HTTP proxy
[debug] &amp#27;[38;5;112m[Chromedriver@9e11 (9d461be3)]&amp#27;[0m Matched '/session/8c52b0d0-be5e-4886-ba81-6ea8b59c10de/timeouts' to command name 'timeouts'
[debug] &amp#27;[38;5;112m[Chromedriver@9e11 (9d461be3)]&amp#27;[0m Will send the following request bodies to /timeouts: [{"implicit":5000}]
[debug] &amp#27;[38;5;112m[Chromedriver@9e11 (9d461be3)]&amp#27;[0m Proxying [POST /session/8c52b0d0-be5e-4886-ba81-6ea8b59c10de/timeouts] to [POST http://127.0.0.1:8000/session/9d461be32698fce766a1cc90129f0e70/timeouts] with body: {"implicit":5000}
[debug] &amp#27;[38;5;112m[Chromedriver@9e11 (9d461be3)]&amp#27;[0m Got response with status 200: {"value":null}
&amp#27;[38;5;0m[HTTP]&amp#27;[0m &amp#27;[37m<-- POST /session/8c52b0d0-be5e-4886-ba81-6ea8b59c10de/timeouts &amp#27;[39m&amp#27;[32m200&amp#27;[39m &amp#27;[90m10 ms - 14&amp#27;[39m
&amp#27;[38;5;0m[HTTP]&amp#27;[0m &amp#27;[90m&amp#27;[39m
&amp#27;[38;5;0m[HTTP]&amp#27;[0m &amp#27;[37m-->&amp#27;[39m &amp#27;[37mPOST&amp#27;[39m &amp#27;[37m/session/8c52b0d0-be5e-4886-ba81-6ea8b59c10de/url&amp#27;[39m
&amp#27;[38;5;0m[HTTP]&amp#27;[0m &amp#27;[90m{"url":"https://www.google.com/"}&amp#27;[39m
&amp#27;[38;5;32m[AndroidUiautomator2Driver@951d (8c52b0d0)]&amp#27;[0m Driver proxy active, passing request on via HTTP proxy
[debug] &amp#27;[38;5;112m[Chromedriver@9e11 (9d461be3)]&amp#27;[0m Matched '/session/8c52b0d0-be5e-4886-ba81-6ea8b59c10de/url' to command name 'setUrl'
[debug] &amp#27;[38;5;112m[Chromedriver@9e11 (9d461be3)]&amp#27;[0m Proxying [POST /session/8c52b0d0-be5e-4886-ba81-6ea8b59c10de/url] to [POST http://127.0.0.1:8000/session/9d461be32698fce766a1cc90129f0e70/url] with body: {"url":"https://www.google.com/"}
[debug] &amp#27;[38;5;112m[Chromedriver@9e11 (9d461be3)]&amp#27;[0m Got response with status 200: {"value":null}
&amp#27;[38;5;0m[HTTP]&amp#27;[0m &amp#27;[37m<-- POST /session/8c52b0d0-be5e-4886-ba81-6ea8b59c10de/url &amp#27;[39m&amp#27;[32m200&amp#27;[39m &amp#27;[90m2414 ms - 14&amp#27;[39m
&amp#27;[38;5;0m[HTTP]&amp#27;[0m &amp#27;[90m&amp#27;[39m
&amp#27;[38;5;0m[HTTP]&amp#27;[0m &amp#27;[37m-->&amp#27;[39m &amp#27;[37mGET&amp#27;[39m &amp#27;[37m/session/8c52b0d0-be5e-4886-ba81-6ea8b59c10de/title&amp#27;[39m
&amp#27;[38;5;0m[HTTP]&amp#27;[0m &amp#27;[90m{}&amp#27;[39m
&amp#27;[38;5;32m[AndroidUiautomator2Driver@951d (8c52b0d0)]&amp#27;[0m Driver proxy active, passing request on via HTTP proxy
[debug] &amp#27;[38;5;112m[Chromedriver@9e11 (9d461be3)]&amp#27;[0m Matched '/session/8c52b0d0-be5e-4886-ba81-6ea8b59c10de/title' to command name 'title'
[debug] &amp#27;[38;5;112m[Chromedriver@9e11 (9d461be3)]&amp#27;[0m Proxying [GET /session/8c52b0d0-be5e-4886-ba81-6ea8b59c10de/title] to [GET http://127.0.0.1:8000/session/9d461be32698fce766a1cc90129f0e70/title] with no body
[debug] &amp#27;[38;5;112m[Chromedriver@9e11 (9d461be3)]&amp#27;[0m Got response with status 200: {"value":"Google"}
&amp#27;[38;5;0m[HTTP]&amp#27;[0m &amp#27;[37m<-- GET /session/8c52b0d0-be5e-4886-ba81-6ea8b59c10de/title &amp#27;[39m&amp#27;[32m200&amp#27;[39m &amp#27;[90m103 ms - 18&amp#27;[39m
&amp#27;[38;5;0m[HTTP]&amp#27;[0m &amp#27;[90m&amp#27;[39m
Google
&amp#27;[38;5;0m[HTTP]&amp#27;[0m &amp#27;[37m-->&amp#27;[39m &amp#27;[37mPOST&amp#27;[39m &amp#27;[37m/session/8c52b0d0-be5e-4886-ba81-6ea8b59c10de/element&amp#27;[39m
&amp#27;[38;5;0m[HTTP]&amp#27;[0m &amp#27;[90m{"using":"name","value":"q"}&amp#27;[39m
&amp#27;[38;5;32m[AndroidUiautomator2Driver@951d (8c52b0d0)]&amp#27;[0m Driver proxy active, passing request on via HTTP proxy
[debug] &amp#27;[38;5;112m[Chromedriver@9e11 (9d461be3)]&amp#27;[0m Matched '/session/8c52b0d0-be5e-4886-ba81-6ea8b59c10de/element' to command name 'findElement'
[debug] &amp#27;[38;5;112m[Chromedriver@9e11 (9d461be3)]&amp#27;[0m Proxying [POST /session/8c52b0d0-be5e-4886-ba81-6ea8b59c10de/element] to [POST http://127.0.0.1:8000/session/9d461be32698fce766a1cc90129f0e70/element] with body: {"using":"name","value":"q"}
&amp#27;[38;5;112m[Chromedriver@9e11 (9d461be3)]&amp#27;[0m Got response with status 400: {"value":{"error":"invalid argument","message":"invalid argument: invalid locator\n  (Session info: chrome=83.0.4103.106)","stacktrace":"Backtrace:\n\tOrdinal0 [0x002C9563+2725219]\n\tOrdinal0 [0x001C8551+1672529]\n\tOrdinal0 [0x000B0359+525145]\n\tOrdinal0 [0x00049312+103186]\n\tOrdinal0 [0x000653C0+218048]\n\tOrdinal0 [0x0005AAD0+174800]\n\tOrdinal0 [0x00063D7C+212348]\n\tOrdinal0 [0x0005A94B+174411]\n\tOrdinal0 [0x00042528+75048]\n\tOrdinal0 [0x000435A0+79264]\n\tOrdinal0 [0x00043539+79161]\n\tOrdinal0 [0x001DD607+1758727]\n\tGetHandleVerifier [0x003E6546+1050150]\n\tGetHandleVerifier [0x003E6291+1049457]\n\tGetHandleVerifier [0x003F10D7+1094071]\n\tGetHandleVerifier [0x003E6B46+1051686]\n\tOrdinal0 [0x001D5B06+1727238]\n\tOrdinal0 [0x001DEB7B+1764219]\n\tOrdinal0 [0x001DECE3+1764579]\n\tOrdinal0 [0x001F4C05+1854469]\n\tBaseThreadInitThunk [0x765AFEF9+25]\n\tRtlGetAppContainerNamedObjectPath [0x77C07BBE+286]\n\tRtlGetAppContainerNamedObjectPath [0x77C07B8E+238]\n\t(No symbol) [0x00000000]\n"}}
[debug] &amp#27;[38;5;128m[W3C]&amp#27;[0m Matched W3C error code 'invalid argument' to InvalidArgumentError
&amp#27;[38;5;0m[HTTP]&amp#27;[0m &amp#27;[37m<-- POST /session/8c52b0d0-be5e-4886-ba81-6ea8b59c10de/element &amp#27;[39m&amp#27;[33m400&amp#27;[39m &amp#27;[90m31 ms - 1011&amp#27;[39m
&amp#27;[38;5;0m[HTTP]&amp#27;[0m &amp#27;[90m&amp#27;[39m
&amp#27;[38;5;0m[HTTP]&amp#27;[0m &amp#27;[37m-->&amp#27;[39m &amp#27;[37mPOST&amp#27;[39m &amp#27;[37m/session/8c52b0d0-be5e-4886-ba81-6ea8b59c10de/element&amp#27;[39m
&amp#27;[38;5;0m[HTTP]&amp#27;[0m &amp#27;[90m{"using":"css selector","value":"*[name='q']"}&amp#27;[39m
&amp#27;[38;5;32m[AndroidUiautomator2Driver@951d (8c52b0d0)]&amp#27;[0m Driver proxy active, passing request on via HTTP proxy
[debug] &amp#27;[38;5;112m[Chromedriver@9e11 (9d461be3)]&amp#27;[0m Matched '/session/8c52b0d0-be5e-4886-ba81-6ea8b59c10de/element' to command name 'findElement'
[debug] &amp#27;[38;5;112m[Chromedriver@9e11 (9d461be3)]&amp#27;[0m Proxying [POST /session/8c52b0d0-be5e-4886-ba81-6ea8b59c10de/element] to [POST http://127.0.0.1:8000/session/9d461be32698fce766a1cc90129f0e70/element] with body: {"using":"css selector","value":"*[name='q']"}
[debug] &amp#27;[38;5;112m[Chromedriver@9e11 (9d461be3)]&amp#27;[0m Got response with status 200: {"value":{"element-6066-11e4-a52e-4f735466cecf":"fbc487d2-ccc8-4efd-bbac-8f1d35acc740"}}
&amp#27;[38;5;0m[HTTP]&amp#27;[0m &amp#27;[37m<-- POST /session/8c52b0d0-be5e-4886-ba81-6ea8b59c10de/element &amp#27;[39m&amp#27;[32m200&amp#27;[39m &amp#27;[90m49 ms - 137&amp#27;[39m
&amp#27;[38;5;0m[HTTP]&amp#27;[0m &amp#27;[90m&amp#27;[39m
&amp#27;[38;5;0m[HTTP]&amp#27;[0m &amp#27;[37m-->&amp#27;[39m &amp#27;[37mPOST&amp#27;[39m &amp#27;[37m/session/8c52b0d0-be5e-4886-ba81-6ea8b59c10de/element/fbc487d2-ccc8-4efd-bbac-8f1d35acc740/value&amp#27;[39m
&amp#27;[38;5;0m[HTTP]&amp#27;[0m &amp#27;[90m{"id":"fbc487d2-ccc8-4efd-bbac-8f1d35acc740","text":"Planit Testing Mumbaiî€‡","value":["P","l","a","n","i","t"," ","T","e","s","t","i","n","g"," ","M","u","m","b","a","i","î€‡"]}&amp#27;[39m
&amp#27;[38;5;32m[AndroidUiautomator2Driver@951d (8c52b0d0)]&amp#27;[0m Driver proxy active, passing request on via HTTP proxy
[debug] &amp#27;[38;5;112m[Chromedriver@9e11 (9d461be3)]&amp#27;[0m Matched '/session/8c52b0d0-be5e-4886-ba81-6ea8b59c10de/element/fbc487d2-ccc8-4efd-bbac-8f1d35acc740/value' to command name 'setValue'
[debug] &amp#27;[38;5;112m[Chromedriver@9e11 (9d461be3)]&amp#27;[0m Proxying [POST /session/8c52b0d0-be5e-4886-ba81-6ea8b59c10de/element/fbc487d2-ccc8-4efd-bbac-8f1d35acc740/value] to [POST http://127.0.0.1:8000/session/9d461be32698fce766a1cc90129f0e70/element/fbc487d2-ccc8-4efd-bbac-8f1d35acc740/value] with body: {"id":"fbc487d2-ccc8-4efd-bbac-8f1d35acc740","text":"Planit Testing Mumbaiî€‡","value":["P","l","a","n","i","t"," ","T","e","s","t","i","n","g"," ","M","u","m","b","a","i","î€‡"]}
[debug] &amp#27;[38;5;112m[Chromedriver@9e11 (9d461be3)]&amp#27;[0m Got response with status 200: {"value":null}
&amp#27;[38;5;0m[HTTP]&amp#27;[0m &amp#27;[37m<-- POST /session/8c52b0d0-be5e-4886-ba81-6ea8b59c10de/element/fbc487d2-ccc8-4efd-bbac-8f1d35acc740/value &amp#27;[39m&amp#27;[32m200&amp#27;[39m &amp#27;[90m2263 ms - 14&amp#27;[39m
&amp#27;[38;5;0m[HTTP]&amp#27;[0m &amp#27;[90m&amp#27;[39m
&amp#27;[38;5;0m[HTTP]&amp#27;[0m &amp#27;[37m-->&amp#27;[39m &amp#27;[37mPOST&amp#27;[39m &amp#27;[37m/session/8c52b0d0-be5e-4886-ba81-6ea8b59c10de/element&amp#27;[39m
&amp#27;[38;5;0m[HTTP]&amp#27;[0m &amp#27;[90m{"using":"xpath","value":"(//div[contains(text(),'Website')])[1]"}&amp#27;[39m
&amp#27;[38;5;32m[AndroidUiautomator2Driver@951d (8c52b0d0)]&amp#27;[0m Driver proxy active, passing request on via HTTP proxy
[debug] &amp#27;[38;5;112m[Chromedriver@9e11 (9d461be3)]&amp#27;[0m Matched '/session/8c52b0d0-be5e-4886-ba81-6ea8b59c10de/element' to command name 'findElement'
[debug] &amp#27;[38;5;112m[Chromedriver@9e11 (9d461be3)]&amp#27;[0m Proxying [POST /session/8c52b0d0-be5e-4886-ba81-6ea8b59c10de/element] to [POST http://127.0.0.1:8000/session/9d461be32698fce766a1cc90129f0e70/element] with body: {"using":"xpath","value":"(//div[contains(text(),'Website')])[1]"}
[debug] &amp#27;[38;5;112m[Chromedriver@9e11 (9d461be3)]&amp#27;[0m Got response with status 200: {"value":{"element-6066-11e4-a52e-4f735466cecf":"9fb9def5-44ac-468d-a272-c471db4e3881"}}
&amp#27;[38;5;0m[HTTP]&amp#27;[0m &amp#27;[37m<-- POST /session/8c52b0d0-be5e-4886-ba81-6ea8b59c10de/element &amp#27;[39m&amp#27;[32m200&amp#27;[39m &amp#27;[90m812 ms - 137&amp#27;[39m
&amp#27;[38;5;0m[HTTP]&amp#27;[0m &amp#27;[90m&amp#27;[39m
&amp#27;[38;5;0m[HTTP]&amp#27;[0m &amp#27;[37m-->&amp#27;[39m &amp#27;[37mPOST&amp#27;[39m &amp#27;[37m/session/8c52b0d0-be5e-4886-ba81-6ea8b59c10de/element/9fb9def5-44ac-468d-a272-c471db4e3881/click&amp#27;[39m
&amp#27;[38;5;0m[HTTP]&amp#27;[0m &amp#27;[90m{"id":"9fb9def5-44ac-468d-a272-c471db4e3881"}&amp#27;[39m
&amp#27;[38;5;32m[AndroidUiautomator2Driver@951d (8c52b0d0)]&amp#27;[0m Driver proxy active, passing request on via HTTP proxy
[debug] &amp#27;[38;5;112m[Chromedriver@9e11 (9d461be3)]&amp#27;[0m Matched '/session/8c52b0d0-be5e-4886-ba81-6ea8b59c10de/element/9fb9def5-44ac-468d-a272-c471db4e3881/click' to command name 'click'
[debug] &amp#27;[38;5;112m[Chromedriver@9e11 (9d461be3)]&amp#27;[0m Proxying [POST /session/8c52b0d0-be5e-4886-ba81-6ea8b59c10de/element/9fb9def5-44ac-468d-a272-c471db4e3881/click] to [POST http://127.0.0.1:8000/session/9d461be32698fce766a1cc90129f0e70/element/9fb9def5-44ac-468d-a272-c471db4e3881/click] with body: {"id":"9fb9def5-44ac-468d-a272-c471db4e3881"}
[debug] &amp#27;[38;5;112m[Chromedriver@9e11 (9d461be3)]&amp#27;[0m Got response with status 200: {"value":null}
&amp#27;[38;5;0m[HTTP]&amp#27;[0m &amp#27;[37m<-- POST /session/8c52b0d0-be5e-4886-ba81-6ea8b59c10de/element/9fb9def5-44ac-468d-a272-c471db4e3881/click &amp#27;[39m&amp#27;[32m200&amp#27;[39m &amp#27;[90m3474 ms - 14&amp#27;[39m
&amp#27;[38;5;0m[HTTP]&amp#27;[0m &amp#27;[90m&amp#27;[39m
&amp#27;[38;5;0m[HTTP]&amp#27;[0m &amp#27;[37m-->&amp#27;[39m &amp#27;[37mPOST&amp#27;[39m &amp#27;[37m/session/8c52b0d0-be5e-4886-ba81-6ea8b59c10de/element&amp#27;[39m
&amp#27;[38;5;0m[HTTP]&amp#27;[0m &amp#27;[90m{"using":"xpath","value":"//img[@id='hamburgerIconW']"}&amp#27;[39m
&amp#27;[38;5;32m[AndroidUiautomator2Driver@951d (8c52b0d0)]&amp#27;[0m Driver proxy active, passing request on via HTTP proxy
[debug] &amp#27;[38;5;112m[Chromedriver@9e11 (9d461be3)]&amp#27;[0m Matched '/session/8c52b0d0-be5e-4886-ba81-6ea8b59c10de/element' to command name 'findElement'
[debug] &amp#27;[38;5;112m[Chromedriver@9e11 (9d461be3)]&amp#27;[0m Proxying [POST /session/8c52b0d0-be5e-4886-ba81-6ea8b59c10de/element] to [POST http://127.0.0.1:8000/session/9d461be32698fce766a1cc90129f0e70/element] with body: {"using":"xpath","value":"//img[@id='hamburgerIconW']"}
[debug] &amp#27;[38;5;112m[Chromedriver@9e11 (9d461be3)]&amp#27;[0m Got response with status 200: {"value":{"element-6066-11e4-a52e-4f735466cecf":"3cb40ce5-deff-4bff-8e80-c7cbd2c30c39"}}
&amp#27;[38;5;0m[HTTP]&amp#27;[0m &amp#27;[37m<-- POST /session/8c52b0d0-be5e-4886-ba81-6ea8b59c10de/element &amp#27;[39m&amp#27;[32m200&amp#27;[39m &amp#27;[90m1945 ms - 137&amp#27;[39m
&amp#27;[38;5;0m[HTTP]&amp#27;[0m &amp#27;[90m&amp#27;[39m
&amp#27;[38;5;0m[HTTP]&amp#27;[0m &amp#27;[37m-->&amp#27;[39m &amp#27;[37mGET&amp#27;[39m &amp#27;[37m/session/8c52b0d0-be5e-4886-ba81-6ea8b59c10de/element/3cb40ce5-deff-4bff-8e80-c7cbd2c30c39/displayed&amp#27;[39m
&amp#27;[38;5;0m[HTTP]&amp#27;[0m &amp#27;[90m{}&amp#27;[39m
&amp#27;[38;5;32m[AndroidUiautomator2Driver@951d (8c52b0d0)]&amp#27;[0m Driver proxy active, passing request on via HTTP proxy
[debug] &amp#27;[38;5;112m[Chromedriver@9e11 (9d461be3)]&amp#27;[0m Matched '/session/8c52b0d0-be5e-4886-ba81-6ea8b59c10de/element/3cb40ce5-deff-4bff-8e80-c7cbd2c30c39/displayed' to command name 'elementDisplayed'
[debug] &amp#27;[38;5;112m[Chromedriver@9e11 (9d461be3)]&amp#27;[0m Proxying [GET /session/8c52b0d0-be5e-4886-ba81-6ea8b59c10de/element/3cb40ce5-deff-4bff-8e80-c7cbd2c30c39/displayed] to [GET http://127.0.0.1:8000/session/9d461be32698fce766a1cc90129f0e70/element/3cb40ce5-deff-4bff-8e80-c7cbd2c30c39/displayed] with no body
[debug] &amp#27;[38;5;112m[Chromedriver@9e11 (9d461be3)]&amp#27;[0m Got response with status 200: {"value":false}
&amp#27;[38;5;0m[HTTP]&amp#27;[0m &amp#27;[37m<-- GET /session/8c52b0d0-be5e-4886-ba81-6ea8b59c10de/element/3cb40ce5-deff-4bff-8e80-c7cbd2c30c39/displayed &amp#27;[39m&amp#27;[32m200&amp#27;[39m &amp#27;[90m60 ms - 15&amp#27;[39m
&amp#27;[38;5;0m[HTTP]&amp#27;[0m &amp#27;[90m&amp#27;[39m
&amp#27;[38;5;0m[HTTP]&amp#27;[0m &amp#27;[37m-->&amp#27;[39m &amp#27;[37mGET&amp#27;[39m &amp#27;[37m/session/8c52b0d0-be5e-4886-ba81-6ea8b59c10de/element/3cb40ce5-deff-4bff-8e80-c7cbd2c30c39/displayed&amp#27;[39m
&amp#27;[38;5;0m[HTTP]&amp#27;[0m &amp#27;[90m{}&amp#27;[39m
&amp#27;[38;5;32m[AndroidUiautomator2Driver@951d (8c52b0d0)]&amp#27;[0m Driver proxy active, passing request on via HTTP proxy
[debug] &amp#27;[38;5;112m[Chromedriver@9e11 (9d461be3)]&amp#27;[0m Matched '/session/8c52b0d0-be5e-4886-ba81-6ea8b59c10de/element/3cb40ce5-deff-4bff-8e80-c7cbd2c30c39/displayed' to command name 'elementDisplayed'
[debug] &amp#27;[38;5;112m[Chromedriver@9e11 (9d461be3)]&amp#27;[0m Proxying [GET /session/8c52b0d0-be5e-4886-ba81-6ea8b59c10de/element/3cb40ce5-deff-4bff-8e80-c7cbd2c30c39/displayed] to [GET http://127.0.0.1:8000/session/9d461be32698fce766a1cc90129f0e70/element/3cb40ce5-deff-4bff-8e80-c7cbd2c30c39/displayed] with no body
[debug] &amp#27;[38;5;112m[Chromedriver@9e11 (9d461be3)]&amp#27;[0m Got response with status 200: {"value":true}
&amp#27;[38;5;0m[HTTP]&amp#27;[0m &amp#27;[37m<-- GET /session/8c52b0d0-be5e-4886-ba81-6ea8b59c10de/element/3cb40ce5-deff-4bff-8e80-c7cbd2c30c39/displayed &amp#27;[39m&amp#27;[32m200&amp#27;[39m &amp#27;[90m160 ms - 14&amp#27;[39m
&amp#27;[38;5;0m[HTTP]&amp#27;[0m &amp#27;[90m&amp#27;[39m
&amp#27;[38;5;0m[HTTP]&amp#27;[0m &amp#27;[37m-->&amp#27;[39m &amp#27;[37mGET&amp#27;[39m &amp#27;[37m/session/8c52b0d0-be5e-4886-ba81-6ea8b59c10de/element/3cb40ce5-deff-4bff-8e80-c7cbd2c30c39/enabled&amp#27;[39m
&amp#27;[38;5;0m[HTTP]&amp#27;[0m &amp#27;[90m{}&amp#27;[39m
&amp#27;[38;5;32m[AndroidUiautomator2Driver@951d (8c52b0d0)]&amp#27;[0m Driver proxy active, passing request on via HTTP proxy
[debug] &amp#27;[38;5;112m[Chromedriver@9e11 (9d461be3)]&amp#27;[0m Matched '/session/8c52b0d0-be5e-4886-ba81-6ea8b59c10de/element/3cb40ce5-deff-4bff-8e80-c7cbd2c30c39/enabled' to command name 'elementEnabled'
[debug] &amp#27;[38;5;112m[Chromedriver@9e11 (9d461be3)]&amp#27;[0m Proxying [GET /session/8c52b0d0-be5e-4886-ba81-6ea8b59c10de/element/3cb40ce5-deff-4bff-8e80-c7cbd2c30c39/enabled] to [GET http://127.0.0.1:8000/session/9d461be32698fce766a1cc90129f0e70/element/3cb40ce5-deff-4bff-8e80-c7cbd2c30c39/enabled] with no body
[debug] &amp#27;[38;5;112m[Chromedriver@9e11 (9d461be3)]&amp#27;[0m Got response with status 200: {"value":true}
&amp#27;[38;5;0m[HTTP]&amp#27;[0m &amp#27;[37m<-- GET /session/8c52b0d0-be5e-4886-ba81-6ea8b59c10de/element/3cb40ce5-deff-4bff-8e80-c7cbd2c30c39/enabled &amp#27;[39m&amp#27;[32m200&amp#27;[39m &amp#27;[90m46 ms - 14&amp#27;[39m
&amp#27;[38;5;0m[HTTP]&amp#27;[0m &amp#27;[90m&amp#27;[39m
&amp#27;[38;5;0m[HTTP]&amp#27;[0m &amp#27;[37m-->&amp#27;[39m &amp#27;[37mPOST&amp#27;[39m &amp#27;[37m/session/8c52b0d0-be5e-4886-ba81-6ea8b59c10de/element/3cb40ce5-deff-4bff-8e80-c7cbd2c30c39/click&amp#27;[39m
&amp#27;[38;5;0m[HTTP]&amp#27;[0m &amp#27;[90m{"id":"3cb40ce5-deff-4bff-8e80-c7cbd2c30c39"}&amp#27;[39m
&amp#27;[38;5;32m[AndroidUiautomator2Driver@951d (8c52b0d0)]&amp#27;[0m Driver proxy active, passing request on via HTTP proxy
[debug] &amp#27;[38;5;112m[Chromedriver@9e11 (9d461be3)]&amp#27;[0m Matched '/session/8c52b0d0-be5e-4886-ba81-6ea8b59c10de/element/3cb40ce5-deff-4bff-8e80-c7cbd2c30c39/click' to command name 'click'
[debug] &amp#27;[38;5;112m[Chromedriver@9e11 (9d461be3)]&amp#27;[0m Proxying [POST /session/8c52b0d0-be5e-4886-ba81-6ea8b59c10de/element/3cb40ce5-deff-4bff-8e80-c7cbd2c30c39/click] to [POST http://127.0.0.1:8000/session/9d461be32698fce766a1cc90129f0e70/element/3cb40ce5-deff-4bff-8e80-c7cbd2c30c39/click] with body: {"id":"3cb40ce5-deff-4bff-8e80-c7cbd2c30c39"}
[debug] &amp#27;[38;5;112m[Chromedriver@9e11 (9d461be3)]&amp#27;[0m Got response with status 200: {"value":null}
&amp#27;[38;5;0m[HTTP]&amp#27;[0m &amp#27;[37m<-- POST /session/8c52b0d0-be5e-4886-ba81-6ea8b59c10de/element/3cb40ce5-deff-4bff-8e80-c7cbd2c30c39/click &amp#27;[39m&amp#27;[32m200&amp#27;[39m &amp#27;[90m300 ms - 14&amp#27;[39m
&amp#27;[38;5;0m[HTTP]&amp#27;[0m &amp#27;[90m&amp#27;[39m
&amp#27;[38;5;0m[HTTP]&amp#27;[0m &amp#27;[37m-->&amp#27;[39m &amp#27;[37mPOST&amp#27;[39m &amp#27;[37m/session/8c52b0d0-be5e-4886-ba81-6ea8b59c10de/element&amp#27;[39m
&amp#27;[38;5;0m[HTTP]&amp#27;[0m &amp#27;[90m{"using":"xpath","value":"(//i[@id='170-expend'])[2]"}&amp#27;[39m
&amp#27;[38;5;32m[AndroidUiautomator2Driver@951d (8c52b0d0)]&amp#27;[0m Driver proxy active, passing request on via HTTP proxy
[debug] &amp#27;[38;5;112m[Chromedriver@9e11 (9d461be3)]&amp#27;[0m Matched '/session/8c52b0d0-be5e-4886-ba81-6ea8b59c10de/element' to command name 'findElement'
[debug] &amp#27;[38;5;112m[Chromedriver@9e11 (9d461be3)]&amp#27;[0m Proxying [POST /session/8c52b0d0-be5e-4886-ba81-6ea8b59c10de/element] to [POST http://127.0.0.1:8000/session/9d461be32698fce766a1cc90129f0e70/element] with body: {"using":"xpath","value":"(//i[@id='170-expend'])[2]"}
[debug] &amp#27;[38;5;112m[Chromedriver@9e11 (9d461be3)]&amp#27;[0m Got response with status 200: {"value":{"element-6066-11e4-a52e-4f735466cecf":"aa56e8a7-f727-47f5-9869-bd5914fb6cea"}}
&amp#27;[38;5;0m[HTTP]&amp#27;[0m &amp#27;[37m<-- POST /session/8c52b0d0-be5e-4886-ba81-6ea8b59c10de/element &amp#27;[39m&amp#27;[32m200&amp#27;[39m &amp#27;[90m48 ms - 137&amp#27;[39m
&amp#27;[38;5;0m[HTTP]&amp#27;[0m &amp#27;[90m&amp#27;[39m
&amp#27;[38;5;0m[HTTP]&amp#27;[0m &amp#27;[37m-->&amp#27;[39m &amp#27;[37mGET&amp#27;[39m &amp#27;[37m/session/8c52b0d0-be5e-4886-ba81-6ea8b59c10de/element/aa56e8a7-f727-47f5-9869-bd5914fb6cea/displayed&amp#27;[39m
&amp#27;[38;5;0m[HTTP]&amp#27;[0m &amp#27;[90m{}&amp#27;[39m
&amp#27;[38;5;32m[AndroidUiautomator2Driver@951d (8c52b0d0)]&amp#27;[0m Driver proxy active, passing request on via HTTP proxy
[debug] &amp#27;[38;5;112m[Chromedriver@9e11 (9d461be3)]&amp#27;[0m Matched '/session/8c52b0d0-be5e-4886-ba81-6ea8b59c10de/element/aa56e8a7-f727-47f5-9869-bd5914fb6cea/displayed' to command name 'elementDisplayed'
[debug] &amp#27;[38;5;112m[Chromedriver@9e11 (9d461be3)]&amp#27;[0m Proxying [GET /session/8c52b0d0-be5e-4886-ba81-6ea8b59c10de/element/aa56e8a7-f727-47f5-9869-bd5914fb6cea/displayed] to [GET http://127.0.0.1:8000/session/9d461be32698fce766a1cc90129f0e70/element/aa56e8a7-f727-47f5-9869-bd5914fb6cea/displayed] with no body
[debug] &amp#27;[38;5;112m[Chromedriver@9e11 (9d461be3)]&amp#27;[0m Got response with status 200: {"value":true}
&amp#27;[38;5;0m[HTTP]&amp#27;[0m &amp#27;[37m<-- GET /session/8c52b0d0-be5e-4886-ba81-6ea8b59c10de/element/aa56e8a7-f727-47f5-9869-bd5914fb6cea/displayed &amp#27;[39m&amp#27;[32m200&amp#27;[39m &amp#27;[90m55 ms - 14&amp#27;[39m
&amp#27;[38;5;0m[HTTP]&amp#27;[0m &amp#27;[90m&amp#27;[39m
&amp#27;[38;5;0m[HTTP]&amp#27;[0m &amp#27;[37m-->&amp#27;[39m &amp#27;[37mGET&amp#27;[39m &amp#27;[37m/session/8c52b0d0-be5e-4886-ba81-6ea8b59c10de/element/aa56e8a7-f727-47f5-9869-bd5914fb6cea/enabled&amp#27;[39m
&amp#27;[38;5;0m[HTTP]&amp#27;[0m &amp#27;[90m{}&amp#27;[39m
&amp#27;[38;5;32m[AndroidUiautomator2Driver@951d (8c52b0d0)]&amp#27;[0m Driver proxy active, passing request on via HTTP proxy
[debug] &amp#27;[38;5;112m[Chromedriver@9e11 (9d461be3)]&amp#27;[0m Matched '/session/8c52b0d0-be5e-4886-ba81-6ea8b59c10de/element/aa56e8a7-f727-47f5-9869-bd5914fb6cea/enabled' to command name 'elementEnabled'
[debug] &amp#27;[38;5;112m[Chromedriver@9e11 (9d461be3)]&amp#27;[0m Proxying [GET /session/8c52b0d0-be5e-4886-ba81-6ea8b59c10de/element/aa56e8a7-f727-47f5-9869-bd5914fb6cea/enabled] to [GET http://127.0.0.1:8000/session/9d461be32698fce766a1cc90129f0e70/element/aa56e8a7-f727-47f5-9869-bd5914fb6cea/enabled] with no body
[debug] &amp#27;[38;5;112m[Chromedriver@9e11 (9d461be3)]&amp#27;[0m Got response with status 200: {"value":true}
&amp#27;[38;5;0m[HTTP]&amp#27;[0m &amp#27;[37m<-- GET /session/8c52b0d0-be5e-4886-ba81-6ea8b59c10de/element/aa56e8a7-f727-47f5-9869-bd5914fb6cea/enabled &amp#27;[39m&amp#27;[32m200&amp#27;[39m &amp#27;[90m31 ms - 14&amp#27;[39m
&amp#27;[38;5;0m[HTTP]&amp#27;[0m &amp#27;[90m&amp#27;[39m
&amp#27;[38;5;0m[HTTP]&amp#27;[0m &amp#27;[37m-->&amp#27;[39m &amp#27;[37mPOST&amp#27;[39m &amp#27;[37m/session/8c52b0d0-be5e-4886-ba81-6ea8b59c10de/element&amp#27;[39m
&amp#27;[38;5;0m[HTTP]&amp#27;[0m &amp#27;[90m{"using":"xpath","value":"(//i[@id='170-expend'])[2]"}&amp#27;[39m
&amp#27;[38;5;32m[AndroidUiautomator2Driver@951d (8c52b0d0)]&amp#27;[0m Driver proxy active, passing request on via HTTP proxy
[debug] &amp#27;[38;5;112m[Chromedriver@9e11 (9d461be3)]&amp#27;[0m Matched '/session/8c52b0d0-be5e-4886-ba81-6ea8b59c10de/element' to command name 'findElement'
[debug] &amp#27;[38;5;112m[Chromedriver@9e11 (9d461be3)]&amp#27;[0m Proxying [POST /session/8c52b0d0-be5e-4886-ba81-6ea8b59c10de/element] to [POST http://127.0.0.1:8000/session/9d461be32698fce766a1cc90129f0e70/element] with body: {"using":"xpath","value":"(//i[@id='170-expend'])[2]"}
[debug] &amp#27;[38;5;112m[Chromedriver@9e11 (9d461be3)]&amp#27;[0m Got response with status 200: {"value":{"element-6066-11e4-a52e-4f735466cecf":"aa56e8a7-f727-47f5-9869-bd5914fb6cea"}}
&amp#27;[38;5;0m[HTTP]&amp#27;[0m &amp#27;[37m<-- POST /session/8c52b0d0-be5e-4886-ba81-6ea8b59c10de/element &amp#27;[39m&amp#27;[32m200&amp#27;[39m &amp#27;[90m26 ms - 137&amp#27;[39m
&amp#27;[38;5;0m[HTTP]&amp#27;[0m &amp#27;[90m&amp#27;[39m
&amp#27;[38;5;0m[HTTP]&amp#27;[0m &amp#27;[37m-->&amp#27;[39m &amp#27;[37mPOST&amp#27;[39m &amp#27;[37m/session/8c52b0d0-be5e-4886-ba81-6ea8b59c10de/element/aa56e8a7-f727-47f5-9869-bd5914fb6cea/click&amp#27;[39m
&amp#27;[38;5;0m[HTTP]&amp#27;[0m &amp#27;[90m{"id":"aa56e8a7-f727-47f5-9869-bd5914fb6cea"}&amp#27;[39m
&amp#27;[38;5;32m[AndroidUiautomator2Driver@951d (8c52b0d0)]&amp#27;[0m Driver proxy active, passing request on via HTTP proxy
[debug] &amp#27;[38;5;112m[Chromedriver@9e11 (9d461be3)]&amp#27;[0m Matched '/session/8c52b0d0-be5e-4886-ba81-6ea8b59c10de/element/aa56e8a7-f727-47f5-9869-bd5914fb6cea/click' to command name 'click'
[debug] &amp#27;[38;5;112m[Chromedriver@9e11 (9d461be3)]&amp#27;[0m Proxying [POST /session/8c52b0d0-be5e-4886-ba81-6ea8b59c10de/element/aa56e8a7-f727-47f5-9869-bd5914fb6cea/click] to [POST http://127.0.0.1:8000/session/9d461be32698fce766a1cc90129f0e70/element/aa56e8a7-f727-47f5-9869-bd5914fb6cea/click] with body: {"id":"aa56e8a7-f727-47f5-9869-bd5914fb6cea"}
[debug] &amp#27;[38;5;112m[Chromedriver@9e11 (9d461be3)]&amp#27;[0m Got response with status 200: {"value":null}
&amp#27;[38;5;0m[HTTP]&amp#27;[0m &amp#27;[37m<-- POST /session/8c52b0d0-be5e-4886-ba81-6ea8b59c10de/element/aa56e8a7-f727-47f5-9869-bd5914fb6cea/click &amp#27;[39m&amp#27;[32m200&amp#27;[39m &amp#27;[90m174 ms - 14&amp#27;[39m
&amp#27;[38;5;0m[HTTP]&amp#27;[0m &amp#27;[90m&amp#27;[39m
&amp#27;[38;5;0m[HTTP]&amp#27;[0m &amp#27;[37m-->&amp#27;[39m &amp#27;[37mPOST&amp#27;[39m &amp#27;[37m/session/8c52b0d0-be5e-4886-ba81-6ea8b59c10de/element&amp#27;[39m
&amp#27;[38;5;0m[HTTP]&amp#27;[0m &amp#27;[90m{"using":"xpath","value":"//li[@id='rpa']"}&amp#27;[39m
&amp#27;[38;5;32m[AndroidUiautomator2Driver@951d (8c52b0d0)]&amp#27;[0m Driver proxy active, passing request on via HTTP proxy
[debug] &amp#27;[38;5;112m[Chromedriver@9e11 (9d461be3)]&amp#27;[0m Matched '/session/8c52b0d0-be5e-4886-ba81-6ea8b59c10de/element' to command name 'findElement'
[debug] &amp#27;[38;5;112m[Chromedriver@9e11 (9d461be3)]&amp#27;[0m Proxying [POST /session/8c52b0d0-be5e-4886-ba81-6ea8b59c10de/element] to [POST http://127.0.0.1:8000/session/9d461be32698fce766a1cc90129f0e70/element] with body: {"using":"xpath","value":"//li[@id='rpa']"}
[debug] &amp#27;[38;5;112m[Chromedriver@9e11 (9d461be3)]&amp#27;[0m Got response with status 200: {"value":{"element-6066-11e4-a52e-4f735466cecf":"5aa2ed85-9e76-4973-9490-41793bef8993"}}
&amp#27;[38;5;0m[HTTP]&amp#27;[0m &amp#27;[37m<-- POST /session/8c52b0d0-be5e-4886-ba81-6ea8b59c10de/element &amp#27;[39m&amp#27;[32m200&amp#27;[39m &amp#27;[90m35 ms - 137&amp#27;[39m
&amp#27;[38;5;0m[HTTP]&amp#27;[0m &amp#27;[90m&amp#27;[39m
&amp#27;[38;5;0m[HTTP]&amp#27;[0m &amp#27;[37m-->&amp#27;[39m &amp#27;[37mPOST&amp#27;[39m &amp#27;[37m/session/8c52b0d0-be5e-4886-ba81-6ea8b59c10de/execute/sync&amp#27;[39m
&amp#27;[38;5;0m[HTTP]&amp#27;[0m &amp#27;[90m{"script":"window.scrollBy(0,200)","args":[""]}&amp#27;[39m
[debug] &amp#27;[38;5;32m[AndroidUiautomator2Driver@951d (8c52b0d0)]&amp#27;[0m Calling AppiumDriver.execute() with args: ["window.scrollBy(0,200)",[""],"8c52b0d0-be5e-4886-ba81-6ea8b59c10de"]
[debug] &amp#27;[38;5;112m[Chromedriver@9e11 (9d461be3)]&amp#27;[0m Matched '/execute/sync' to command name 'execute'
[debug] &amp#27;[38;5;112m[Chromedriver@9e11 (9d461be3)]&amp#27;[0m Did not know how to rewrite the original URL '/execute/sync' for W3C protocol
[debug] &amp#27;[38;5;112m[Chromedriver@9e11 (9d461be3)]&amp#27;[0m Proxying [POST /execute/sync] to [POST http://127.0.0.1:8000/session/9d461be32698fce766a1cc90129f0e70/execute/sync] with body: {"script":"window.scrollBy(0,200)","args":[""]}
[debug] &amp#27;[38;5;112m[Chromedriver@9e11 (9d461be3)]&amp#27;[0m Got response with status 200: {"value":null}
[debug] &amp#27;[38;5;32m[AndroidUiautomator2Driver@951d (8c52b0d0)]&amp#27;[0m Responding to client with driver.execute() result: null
&amp#27;[38;5;0m[HTTP]&amp#27;[0m &amp#27;[37m<-- POST /session/8c52b0d0-be5e-4886-ba81-6ea8b59c10de/execute/sync &amp#27;[39m&amp#27;[32m200&amp#27;[39m &amp#27;[90m31 ms - 14&amp#27;[39m
&amp#27;[38;5;0m[HTTP]&amp#27;[0m &amp#27;[90m&amp#27;[39m
&amp#27;[38;5;0m[HTTP]&amp#27;[0m &amp#27;[37m-->&amp#27;[39m &amp#27;[37mGET&amp#27;[39m &amp#27;[37m/session/8c52b0d0-be5e-4886-ba81-6ea8b59c10de/element/5aa2ed85-9e76-4973-9490-41793bef8993/text&amp#27;[39m
&amp#27;[38;5;0m[HTTP]&amp#27;[0m &amp#27;[90m{}&amp#27;[39m
&amp#27;[38;5;32m[AndroidUiautomator2Driver@951d (8c52b0d0)]&amp#27;[0m Driver proxy active, passing request on via HTTP proxy
[debug] &amp#27;[38;5;112m[Chromedriver@9e11 (9d461be3)]&amp#27;[0m Matched '/session/8c52b0d0-be5e-4886-ba81-6ea8b59c10de/element/5aa2ed85-9e76-4973-9490-41793bef8993/text' to command name 'getText'
[debug] &amp#27;[38;5;112m[Chromedriver@9e11 (9d461be3)]&amp#27;[0m Proxying [GET /session/8c52b0d0-be5e-4886-ba81-6ea8b59c10de/element/5aa2ed85-9e76-4973-9490-41793bef8993/text] to [GET http://127.0.0.1:8000/session/9d461be32698fce766a1cc90129f0e70/element/5aa2ed85-9e76-4973-9490-41793bef8993/text] with no body
[debug] &amp#27;[38;5;112m[Chromedriver@9e11 (9d461be3)]&amp#27;[0m Got response with status 200: {"value":"Robotic Process Automation"}
&amp#27;[38;5;0m[HTTP]&amp#27;[0m &amp#27;[37m<-- GET /session/8c52b0d0-be5e-4886-ba81-6ea8b59c10de/element/5aa2ed85-9e76-4973-9490-41793bef8993/text &amp#27;[39m&amp#27;[32m200&amp#27;[39m &amp#27;[90m59 ms - 38&amp#27;[39m
&amp#27;[38;5;0m[HTTP]&amp#27;[0m &amp#27;[90m&amp#27;[39m
&amp#27;[38;5;0m[HTTP]&amp#27;[0m &amp#27;[37m-->&amp#27;[39m &amp#27;[37mPOST&amp#27;[39m &amp#27;[37m/session/8c52b0d0-be5e-4886-ba81-6ea8b59c10de/element/5aa2ed85-9e76-4973-9490-41793bef8993/click&amp#27;[39m
&amp#27;[38;5;0m[HTTP]&amp#27;[0m &amp#27;[90m{"id":"5aa2ed85-9e76-4973-9490-41793bef8993"}&amp#27;[39m
&amp#27;[38;5;32m[AndroidUiautomator2Driver@951d (8c52b0d0)]&amp#27;[0m Driver proxy active, passing request on via HTTP proxy
[debug] &amp#27;[38;5;112m[Chromedriver@9e11 (9d461be3)]&amp#27;[0m Matched '/session/8c52b0d0-be5e-4886-ba81-6ea8b59c10de/element/5aa2ed85-9e76-4973-9490-41793bef8993/click' to command name 'click'
[debug] &amp#27;[38;5;112m[Chromedriver@9e11 (9d461be3)]&amp#27;[0m Proxying [POST /session/8c52b0d0-be5e-4886-ba81-6ea8b59c10de/element/5aa2ed85-9e76-4973-9490-41793bef8993/click] to [POST http://127.0.0.1:8000/session/9d461be32698fce766a1cc90129f0e70/element/5aa2ed85-9e76-4973-9490-41793bef8993/click] with body: {"id":"5aa2ed85-9e76-4973-9490-41793bef8993"}
[debug] &amp#27;[38;5;112m[Chromedriver@9e11 (9d461be3)]&amp#27;[0m Got response with status 200: {"value":null}
&amp#27;[38;5;0m[HTTP]&amp#27;[0m &amp#27;[37m<-- POST /session/8c52b0d0-be5e-4886-ba81-6ea8b59c10de/element/5aa2ed85-9e76-4973-9490-41793bef8993/click &amp#27;[39m&amp#27;[32m200&amp#27;[39m &amp#27;[90m5185 ms - 14&amp#27;[39m
&amp#27;[38;5;0m[HTTP]&amp#27;[0m &amp#27;[90m&amp#27;[39m
&amp#27;[38;5;0m[HTTP]&amp#27;[0m &amp#27;[37m-->&amp#27;[39m &amp#27;[37mGET&amp#27;[39m &amp#27;[37m/session/8c52b0d0-be5e-4886-ba81-6ea8b59c10de/title&amp#27;[39m
&amp#27;[38;5;0m[HTTP]&amp#27;[0m &amp#27;[90m{}&amp#27;[39m
&amp#27;[38;5;32m[AndroidUiautomator2Driver@951d (8c52b0d0)]&amp#27;[0m Driver proxy active, passing request on via HTTP proxy
[debug] &amp#27;[38;5;112m[Chromedriver@9e11 (9d461be3)]&amp#27;[0m Matched '/session/8c52b0d0-be5e-4886-ba81-6ea8b59c10de/title' to command name 'title'
[debug] &amp#27;[38;5;112m[Chromedriver@9e11 (9d461be3)]&amp#27;[0m Proxying [GET /session/8c52b0d0-be5e-4886-ba81-6ea8b59c10de/title] to [GET http://127.0.0.1:8000/session/9d461be32698fce766a1cc90129f0e70/title] with no body
[debug] &amp#27;[38;5;112m[Chromedriver@9e11 (9d461be3)]&amp#27;[0m Got response with status 200: {"value":"Planit - Robotic Process Automation"}
&amp#27;[38;5;0m[HTTP]&amp#27;[0m &amp#27;[37m<-- GET /session/8c52b0d0-be5e-4886-ba81-6ea8b59c10de/title &amp#27;[39m&amp#27;[32m200&amp#27;[39m &amp#27;[90m56 ms - 47&amp#27;[39m
&amp#27;[38;5;0m[HTTP]&amp#27;[0m &amp#27;[90m&amp#27;[39m
Planit - Robotic Process Automation
]]></system-out>
    <system-err><![CDATA[SLF4J: No SLF4J providers were found.
SLF4J: Defaulting to no-operation (NOP) logger implementation
SLF4J: See https://www.slf4j.org/codes.html#noProviders for further details.
]]></system-err>
  </testcase>
  <testcase name="browserOpenTestNegativeFAIL" classname="browser.BrowserTest" time="16.129">
    <failure message="expected [true] but found [false]" type="java.lang.AssertionError"><![CDATA[java.lang.AssertionError: expected [true] but found [false]
	at org.testng.Assert.fail(Assert.java:110)
	at org.testng.Assert.failNotEquals(Assert.java:1577)
	at org.testng.Assert.assertTrue(Assert.java:56)
	at org.testng.Assert.assertTrue(Assert.java:66)
	at browser.BrowserTest.browserOpenTestNegativeFAIL(BrowserTest.java:92)
	at java.base/jdk.internal.reflect.NativeMethodAccessorImpl.invoke0(Native Method)
	at java.base/jdk.internal.reflect.NativeMethodAccessorImpl.invoke(NativeMethodAccessorImpl.java:62)
	at java.base/jdk.internal.reflect.DelegatingMethodAccessorImpl.invoke(DelegatingMethodAccessorImpl.java:43)
	at java.base/java.lang.reflect.Method.invoke(Method.java:566)
	at org.testng.internal.invokers.MethodInvocationHelper.invokeMethod(MethodInvocationHelper.java:139)
	at org.testng.internal.invokers.TestInvoker.invokeMethod(TestInvoker.java:677)
	at org.testng.internal.invokers.TestInvoker.invokeTestMethod(TestInvoker.java:221)
	at org.testng.internal.invokers.MethodRunner.runInSequence(MethodRunner.java:50)
	at org.testng.internal.invokers.TestInvoker$MethodInvocationAgent.invoke(TestInvoker.java:969)
	at org.testng.internal.invokers.TestInvoker.invokeTestMethods(TestInvoker.java:194)
	at org.testng.internal.invokers.TestMethodWorker.invokeTestMethods(TestMethodWorker.java:148)
	at org.testng.internal.invokers.TestMethodWorker.run(TestMethodWorker.java:128)
	at java.base/java.util.ArrayList.forEach(ArrayList.java:1541)
	at org.testng.TestRunner.privateRun(TestRunner.java:829)
	at org.testng.TestRunner.run(TestRunner.java:602)
	at org.testng.SuiteRunner.runTest(SuiteRunner.java:437)
	at org.testng.SuiteRunner.runSequentially(SuiteRunner.java:431)
	at org.testng.SuiteRunner.privateRun(SuiteRunner.java:391)
	at org.testng.SuiteRunner.run(SuiteRunner.java:330)
	at org.testng.SuiteRunnerWorker.runSuite(SuiteRunnerWorker.java:52)
	at org.testng.SuiteRunnerWorker.run(SuiteRunnerWorker.java:95)
	at org.testng.TestNG.runSuitesSequentially(TestNG.java:1256)
	at org.testng.TestNG.runSuitesLocally(TestNG.java:1176)
	at org.testng.TestNG.runSuites(TestNG.java:1099)
	at org.testng.TestNG.run(TestNG.java:1067)
	at org.apache.maven.surefire.testng.TestNGExecutor.run(TestNGExecutor.java:324)
	at org.apache.maven.surefire.testng.TestNGXmlTestSuite.execute(TestNGXmlTestSuite.java:74)
	at org.apache.maven.surefire.testng.TestNGProvider.invoke(TestNGProvider.java:123)
	at org.apache.maven.surefire.booter.ForkedBooter.runSuitesInProcess(ForkedBooter.java:456)
	at org.apache.maven.surefire.booter.ForkedBooter.execute(ForkedBooter.java:169)
	at org.apache.maven.surefire.booter.ForkedBooter.run(ForkedBooter.java:595)
	at org.apache.maven.surefire.booter.ForkedBooter.main(ForkedBooter.java:581)
]]></failure>
    <system-out><![CDATA[&amp#27;[38;5;0m[HTTP]&amp#27;[0m &amp#27;[37m-->&amp#27;[39m &amp#27;[37mGET&amp#27;[39m &amp#27;[37m/status&amp#27;[39m
&amp#27;[38;5;0m[HTTP]&amp#27;[0m &amp#27;[90m{}&amp#27;[39m
[debug] &amp#27;[38;5;16m[AppiumDriver@682c]&amp#27;[0m Calling AppiumDriver.getStatus() with args: []
[debug] &amp#27;[38;5;16m[AppiumDriver@682c]&amp#27;[0m Responding to client with driver.getStatus() result: {"build":{"version":"2.0.0-beta.48"}}
&amp#27;[38;5;0m[HTTP]&amp#27;[0m &amp#27;[37m<-- GET /status &amp#27;[39m&amp#27;[32m200&amp#27;[39m &amp#27;[90m1 ms - 47&amp#27;[39m
&amp#27;[38;5;0m[HTTP]&amp#27;[0m &amp#27;[90m&amp#27;[39m
[debug] &amp#27;[38;5;0m[HTTP]&amp#27;[0m Request idempotency key: 5039ed59-352a-416c-a930-6a1aeddfee76
&amp#27;[38;5;0m[HTTP]&amp#27;[0m &amp#27;[37m-->&amp#27;[39m &amp#27;[37mPOST&amp#27;[39m &amp#27;[37m/session&amp#27;[39m
&amp#27;[38;5;0m[HTTP]&amp#27;[0m &amp#27;[90m{"capabilities":{"firstMatch":[{}],"alwaysMatch":{"appium:automationName":"UIAutomator2","appium:chromedriverExecutable":"C:\\Users\\rrajput\\eclipse-workspace\\appiumPractise\\src\\main\\java\\resources\\chromedriver.exe","appium:deviceName":"Nexus 5X","browserName":"Chrome","platformName":"android"}}}&amp#27;[39m
[debug] &amp#27;[38;5;16m[AppiumDriver@682c]&amp#27;[0m Calling AppiumDriver.createSession() with args: [null,null,{"firstMatch":[{}],"alwaysMatch":{"appium:automationName":"UIAutomator2","appium:chromedriverExecutable":"C:\\Users\\rrajput\\eclipse-workspace\\appiumPractise\\src\\main\\java\\resources\\chromedriver.exe","appium:deviceName":"Nexus 5X","browserName":"Chrome","platformName":"android"}}]
[debug] &amp#27;[38;5;16m[AppiumDriver@682c]&amp#27;[0m Event 'newSessionRequested' logged at 1674561037478 (17:20:37 GMT+0530 (India Standard Time))
&amp#27;[35m[Appium]&amp#27;[39m Attempting to find matching driver for automationName 'UIAutomator2' and platformName 'android'
&amp#27;[35m[Appium]&amp#27;[39m The 'uiautomator2' driver was installed and matched caps.
&amp#27;[35m[Appium]&amp#27;[39m Will require it at C:\Users\rrajput\.appium\node_modules\appium-uiautomator2-driver
[debug] &amp#27;[35m[Appium]&amp#27;[39m Requiring driver at C:\Users\rrajput\.appium\node_modules\appium-uiautomator2-driver
&amp#27;[38;5;16m[AppiumDriver@682c]&amp#27;[0m Appium v2.0.0-beta.48 creating new AndroidUiautomator2Driver (v2.12.1) session
&amp#27;[38;5;16m[AppiumDriver@682c]&amp#27;[0m Checking BaseDriver versions for Appium and AndroidUiautomator2Driver
&amp#27;[38;5;16m[AppiumDriver@682c]&amp#27;[0m Appium's BaseDriver version is 9.1.0
&amp#27;[38;5;16m[AppiumDriver@682c]&amp#27;[0m AndroidUiautomator2Driver's BaseDriver version is 9.1.0
[debug] &amp#27;[38;5;32m[AndroidUiautomator2Driver@f5b2]&amp#27;[0m Creating session with W3C capabilities: {
[debug] &amp#27;[38;5;32m[AndroidUiautomator2Driver@f5b2]&amp#27;[0m   "alwaysMatch": {
[debug] &amp#27;[38;5;32m[AndroidUiautomator2Driver@f5b2]&amp#27;[0m     "browserName": "Chrome",
[debug] &amp#27;[38;5;32m[AndroidUiautomator2Driver@f5b2]&amp#27;[0m     "platformName": "android",
[debug] &amp#27;[38;5;32m[AndroidUiautomator2Driver@f5b2]&amp#27;[0m     "appium:automationName": "UIAutomator2",
[debug] &amp#27;[38;5;32m[AndroidUiautomator2Driver@f5b2]&amp#27;[0m     "appium:chromedriverExecutable": "C:\\Users\\rrajput\\eclipse-workspace\\appiumPractise\\src\\main\\java\\resources\\chromedriver.exe",
[debug] &amp#27;[38;5;32m[AndroidUiautomator2Driver@f5b2]&amp#27;[0m     "appium:deviceName": "Nexus 5X"
[debug] &amp#27;[38;5;32m[AndroidUiautomator2Driver@f5b2]&amp#27;[0m   },
[debug] &amp#27;[38;5;32m[AndroidUiautomator2Driver@f5b2]&amp#27;[0m   "firstMatch": [
[debug] &amp#27;[38;5;32m[AndroidUiautomator2Driver@f5b2]&amp#27;[0m     {}
[debug] &amp#27;[38;5;32m[AndroidUiautomator2Driver@f5b2]&amp#27;[0m   ]
[debug] &amp#27;[38;5;32m[AndroidUiautomator2Driver@f5b2]&amp#27;[0m }
&amp#27;[38;5;32m[AndroidUiautomator2Driver@f5b2 (97346e0d)]&amp#27;[0m Session created with session id: 97346e0d-294e-48e7-9626-5cd5006af417
&amp#27;[38;5;32m[AndroidUiautomator2Driver@f5b2 (97346e0d)]&amp#27;[0m We're going to run a Chrome-based session
&amp#27;[38;5;32m[AndroidUiautomator2Driver@f5b2 (97346e0d)]&amp#27;[0m Chrome-type package and activity are com.android.chrome and com.google.android.apps.chrome.Main
&amp#27;[38;5;32m[AndroidUiautomator2Driver@f5b2 (97346e0d)]&amp#27;[0m Starting 'com.android.chrome' directly on the device
&amp#27;[38;5;48m[ADB]&amp#27;[0m Using 'adb.exe' from 'C:\Users\rrajput\AppData\Local\Android\Sdk\platform-tools\adb.exe'
[debug] &amp#27;[38;5;48m[ADB]&amp#27;[0m Running 'C:\Users\rrajput\AppData\Local\Android\Sdk\platform-tools\adb.exe -P 5037 start-server'
&amp#27;[38;5;64m[AndroidDriver]&amp#27;[0m Retrieving device list
[debug] &amp#27;[38;5;48m[ADB]&amp#27;[0m Trying to find a connected android device
[debug] &amp#27;[38;5;48m[ADB]&amp#27;[0m Getting connected devices
[debug] &amp#27;[38;5;48m[ADB]&amp#27;[0m Connected devices: [{"udid":"emulator-5554","state":"device"}]
&amp#27;[38;5;64m[AndroidDriver]&amp#27;[0m Using device: emulator-5554
&amp#27;[38;5;48m[ADB]&amp#27;[0m Using 'adb.exe' from 'C:\Users\rrajput\AppData\Local\Android\Sdk\platform-tools\adb.exe'
[debug] &amp#27;[38;5;48m[ADB]&amp#27;[0m Running 'C:\Users\rrajput\AppData\Local\Android\Sdk\platform-tools\adb.exe -P 5037 start-server'
[debug] &amp#27;[38;5;48m[ADB]&amp#27;[0m Setting device id to emulator-5554
[debug] &amp#27;[38;5;48m[ADB]&amp#27;[0m Running 'C:\Users\rrajput\AppData\Local\Android\Sdk\platform-tools\adb.exe -P 5037 -s emulator-5554 shell getprop ro.build.version.sdk'
[debug] &amp#27;[38;5;48m[ADB]&amp#27;[0m Current device property 'ro.build.version.sdk': 30
&amp#27;[38;5;48m[ADB]&amp#27;[0m Getting device platform version
[debug] &amp#27;[38;5;48m[ADB]&amp#27;[0m Running 'C:\Users\rrajput\AppData\Local\Android\Sdk\platform-tools\adb.exe -P 5037 -s emulator-5554 shell getprop ro.build.version.release'
[debug] &amp#27;[38;5;48m[ADB]&amp#27;[0m Current device property 'ro.build.version.release': 11
[debug] &amp#27;[38;5;48m[ADB]&amp#27;[0m Device API level: 30
&amp#27;[38;5;32m[AndroidUiautomator2Driver@f5b2 (97346e0d)]&amp#27;[0m Relaxing hidden api policy
[debug] &amp#27;[38;5;48m[ADB]&amp#27;[0m Running 'C:\Users\rrajput\AppData\Local\Android\Sdk\platform-tools\adb.exe -P 5037 -s emulator-5554 shell 'settings put global hidden_api_policy_pre_p_apps 1;settings put global hidden_api_policy_p_apps 1;settings put global hidden_api_policy 1''
&amp#27;[38;5;64m[AndroidDriver]&amp#27;[0m No app sent in, not parsing package/activity
[debug] &amp#27;[38;5;48m[ADB]&amp#27;[0m Running 'C:\Users\rrajput\AppData\Local\Android\Sdk\platform-tools\adb.exe -P 5037 -s emulator-5554 wait-for-device'
[debug] &amp#27;[38;5;48m[ADB]&amp#27;[0m Running 'C:\Users\rrajput\AppData\Local\Android\Sdk\platform-tools\adb.exe -P 5037 -s emulator-5554 shell echo ping'
[debug] &amp#27;[38;5;64m[AndroidDriver]&amp#27;[0m Pushing settings apk to device...
[debug] &amp#27;[38;5;48m[ADB]&amp#27;[0m Getting install status for io.appium.settings
[debug] &amp#27;[38;5;48m[ADB]&amp#27;[0m Running 'C:\Users\rrajput\AppData\Local\Android\Sdk\platform-tools\adb.exe -P 5037 -s emulator-5554 shell dumpsys package io.appium.settings'
[debug] &amp#27;[38;5;48m[ADB]&amp#27;[0m 'io.appium.settings' is installed
[debug] &amp#27;[38;5;48m[ADB]&amp#27;[0m Getting package info for 'io.appium.settings'
[debug] &amp#27;[38;5;48m[ADB]&amp#27;[0m Running 'C:\Users\rrajput\AppData\Local\Android\Sdk\platform-tools\adb.exe -P 5037 -s emulator-5554 shell dumpsys package io.appium.settings'
[debug] &amp#27;[38;5;48m[ADB]&amp#27;[0m The version name of the installed 'io.appium.settings' is greater or equal to the application version name ('5.0.0' >= '5.0.0')
[debug] &amp#27;[38;5;48m[ADB]&amp#27;[0m There is no need to install/upgrade 'C:\Users\rrajput\.appium\node_modules\appium-uiautomator2-driver\node_modules\io.appium.settings\apks\settings_apk-debug.apk'
[debug] &amp#27;[38;5;48m[ADB]&amp#27;[0m Getting IDs of all 'io.appium.settings' processes
[debug] &amp#27;[38;5;48m[ADB]&amp#27;[0m Running 'C:\Users\rrajput\AppData\Local\Android\Sdk\platform-tools\adb.exe -P 5037 -s emulator-5554 shell 'pgrep --help; echo $?''
[debug] &amp#27;[38;5;48m[ADB]&amp#27;[0m Running 'C:\Users\rrajput\AppData\Local\Android\Sdk\platform-tools\adb.exe -P 5037 -s emulator-5554 shell pgrep -f \(\[\[:blank:\]\]\|\^\)io\.appium\.settings\(\[\[:blank:\]\]\|\$\)'
[debug] &amp#27;[38;5;64m[AndroidDriver]&amp#27;[0m io.appium.settings is already running. There is no need to reset its permissions.
[debug] &amp#27;[38;5;80m[Logcat]&amp#27;[0m Starting logs capture with command: C:\\Users\\rrajput\\AppData\\Local\\Android\\Sdk\\platform-tools\\adb.exe -P 5037 -s emulator-5554 logcat -v threadtime
[debug] &amp#27;[38;5;32m[AndroidUiautomator2Driver@f5b2 (97346e0d)]&amp#27;[0m Forwarding UiAutomator2 Server port 6790 to local port 8210
[debug] &amp#27;[38;5;48m[ADB]&amp#27;[0m Forwarding system: 8210 to device: 6790
[debug] &amp#27;[38;5;48m[ADB]&amp#27;[0m Running 'C:\Users\rrajput\AppData\Local\Android\Sdk\platform-tools\adb.exe -P 5037 -s emulator-5554 forward tcp:8210 tcp:6790'
[debug] &amp#27;[38;5;48m[ADB]&amp#27;[0m Getting install status for io.appium.uiautomator2.server
[debug] &amp#27;[38;5;48m[ADB]&amp#27;[0m Running 'C:\Users\rrajput\AppData\Local\Android\Sdk\platform-tools\adb.exe -P 5037 -s emulator-5554 shell dumpsys package io.appium.uiautomator2.server'
[debug] &amp#27;[38;5;48m[ADB]&amp#27;[0m 'io.appium.uiautomator2.server' is installed
[debug] &amp#27;[38;5;48m[ADB]&amp#27;[0m Getting package info for 'io.appium.uiautomator2.server'
[debug] &amp#27;[38;5;48m[ADB]&amp#27;[0m Running 'C:\Users\rrajput\AppData\Local\Android\Sdk\platform-tools\adb.exe -P 5037 -s emulator-5554 shell dumpsys package io.appium.uiautomator2.server'
[debug] &amp#27;[38;5;48m[ADB]&amp#27;[0m The version name of the installed 'io.appium.uiautomator2.server' is greater or equal to the application version name ('5.7.6' >= '5.7.6')
[debug] &amp#27;[38;5;32m[AndroidUiautomator2Driver@f5b2 (97346e0d)]&amp#27;[0m io.appium.uiautomator2.server installation state: sameVersionInstalled
[debug] &amp#27;[38;5;48m[ADB]&amp#27;[0m Checking app cert for C:\Users\rrajput\.appium\node_modules\appium-uiautomator2-driver\node_modules\appium-uiautomator2-server\apks\appium-uiautomator2-server-v5.7.6.apk
[debug] &amp#27;[38;5;48m[ADB]&amp#27;[0m Using the previously cached signature entry for 'appium-uiautomator2-server-v5.7.6.apk'
[debug] &amp#27;[38;5;48m[ADB]&amp#27;[0m sha256 hash did match for 'appium-uiautomator2-server-v5.7.6.apk'
[debug] &amp#27;[38;5;48m[ADB]&amp#27;[0m Getting install status for io.appium.uiautomator2.server.test
[debug] &amp#27;[38;5;48m[ADB]&amp#27;[0m Running 'C:\Users\rrajput\AppData\Local\Android\Sdk\platform-tools\adb.exe -P 5037 -s emulator-5554 shell dumpsys package io.appium.uiautomator2.server.test'
[debug] &amp#27;[38;5;48m[ADB]&amp#27;[0m 'io.appium.uiautomator2.server.test' is installed
[debug] &amp#27;[38;5;48m[ADB]&amp#27;[0m Checking app cert for C:\Users\rrajput\.appium\node_modules\appium-uiautomator2-driver\node_modules\appium-uiautomator2-server\apks\appium-uiautomator2-server-debug-androidTest.apk
[debug] &amp#27;[38;5;48m[ADB]&amp#27;[0m Using the previously cached signature entry for 'appium-uiautomator2-server-debug-androidTest.apk'
[debug] &amp#27;[38;5;48m[ADB]&amp#27;[0m sha256 hash did match for 'appium-uiautomator2-server-debug-androidTest.apk'
&amp#27;[38;5;32m[AndroidUiautomator2Driver@f5b2 (97346e0d)]&amp#27;[0m Server packages are not going to be (re)installed
[debug] &amp#27;[38;5;32m[AndroidUiautomator2Driver@f5b2 (97346e0d)]&amp#27;[0m Waiting up to 30000ms for services to be available
[debug] &amp#27;[38;5;48m[ADB]&amp#27;[0m Running 'C:\Users\rrajput\AppData\Local\Android\Sdk\platform-tools\adb.exe -P 5037 -s emulator-5554 shell pm list instrumentation'
[debug] &amp#27;[38;5;32m[AndroidUiautomator2Driver@f5b2 (97346e0d)]&amp#27;[0m Instrumentation target 'io.appium.uiautomator2.server.test/androidx.test.runner.AndroidJUnitRunner' is available
&amp#27;[38;5;48m[ADB]&amp#27;[0m Adding packages ["io.appium.settings","io.appium.uiautomator2.server","io.appium.uiautomator2.server.test"] to Doze whitelist
[debug] &amp#27;[38;5;48m[ADB]&amp#27;[0m Got the following command chunks to execute: [["dumpsys","deviceidle","whitelist","+io.appium.settings",";","dumpsys","deviceidle","whitelist","+io.appium.uiautomator2.server",";","dumpsys","deviceidle","whitelist","+io.appium.uiautomator2.server.test",";"]]
[debug] &amp#27;[38;5;48m[ADB]&amp#27;[0m Running 'C:\Users\rrajput\AppData\Local\Android\Sdk\platform-tools\adb.exe -P 5037 -s emulator-5554 shell dumpsys deviceidle whitelist +io.appium.settings ; dumpsys deviceidle whitelist +io.appium.uiautomator2.server ; dumpsys deviceidle whitelist +io.appium.uiautomator2.server.test ;'
[debug] &amp#27;[38;5;32m[AndroidUiautomator2Driver@f5b2 (97346e0d)]&amp#27;[0m No app capability. Assuming it is already on the device
[debug] &amp#27;[38;5;48m[ADB]&amp#27;[0m Getting install status for com.android.chrome
[debug] &amp#27;[38;5;48m[ADB]&amp#27;[0m Running 'C:\Users\rrajput\AppData\Local\Android\Sdk\platform-tools\adb.exe -P 5037 -s emulator-5554 shell dumpsys package com.android.chrome'
[debug] &amp#27;[38;5;48m[ADB]&amp#27;[0m 'com.android.chrome' is installed
[debug] &amp#27;[38;5;48m[ADB]&amp#27;[0m Running 'C:\Users\rrajput\AppData\Local\Android\Sdk\platform-tools\adb.exe -P 5037 -s emulator-5554 shell am force-stop com.android.chrome'
[debug] &amp#27;[38;5;48m[ADB]&amp#27;[0m Running 'C:\Users\rrajput\AppData\Local\Android\Sdk\platform-tools\adb.exe -P 5037 -s emulator-5554 shell pm clear com.android.chrome'
[debug] &amp#27;[38;5;64m[AndroidDriver]&amp#27;[0m Performed fast reset on the installed 'com.android.chrome' application (stop and clear)
[debug] &amp#27;[38;5;32m[AndroidUiautomator2Driver@f5b2 (97346e0d)]&amp#27;[0m Performing shallow cleanup of automation leftovers
[debug] &amp#27;[38;5;32m[AndroidUiautomator2Driver@f5b2 (97346e0d)]&amp#27;[0m The following obsolete sessions are still running: ["04135c55-ef89-4ed2-bfdc-4994d53ea201"]
[debug] &amp#27;[38;5;32m[AndroidUiautomator2Driver@f5b2 (97346e0d)]&amp#27;[0m Cleaning up 1 obsolete session
[debug] &amp#27;[38;5;96m[Instrumentation]&amp#27;[0m .
[debug] &amp#27;[38;5;96m[Instrumentation]&amp#27;[0m Time: 37.071
[debug] &amp#27;[38;5;96m[Instrumentation]&amp#27;[0m 
[debug] &amp#27;[38;5;96m[Instrumentation]&amp#27;[0m OK (1 test)
[debug] &amp#27;[38;5;96m[Instrumentation]&amp#27;[0m The process has exited with code 0
[debug] &amp#27;[38;5;48m[ADB]&amp#27;[0m Running 'C:\Users\rrajput\AppData\Local\Android\Sdk\platform-tools\adb.exe -P 5037 -s emulator-5554 shell am force-stop io.appium.uiautomator2.server.test'
&amp#27;[38;5;32m[AndroidUiautomator2Driver@f5b2 (97346e0d)]&amp#27;[0m Starting UIAutomator2 server 5.7.6
&amp#27;[38;5;32m[AndroidUiautomator2Driver@f5b2 (97346e0d)]&amp#27;[0m Using UIAutomator2 server from 'C:\Users\rrajput\.appium\node_modules\appium-uiautomator2-driver\node_modules\appium-uiautomator2-server\apks\appium-uiautomator2-server-v5.7.6.apk' and test from 'C:\Users\rrajput\.appium\node_modules\appium-uiautomator2-driver\node_modules\appium-uiautomator2-server\apks\appium-uiautomator2-server-debug-androidTest.apk'
&amp#27;[38;5;32m[AndroidUiautomator2Driver@f5b2 (97346e0d)]&amp#27;[0m Waiting up to 30000ms for UiAutomator2 to be online...
[debug] &amp#27;[38;5;48m[ADB]&amp#27;[0m Creating ADB subprocess with args: ["-P",5037,"-s","emulator-5554","shell","am","instrument","-w","-e","disableAnalytics",true,"io.appium.uiautomator2.server.test/androidx.test.runner.AndroidJUnitRunner"]
[debug] &amp#27;[38;5;32m[AndroidUiautomator2Driver@f5b2 (97346e0d)]&amp#27;[0m Matched '/status' to command name 'getStatus'
[debug] &amp#27;[38;5;32m[AndroidUiautomator2Driver@f5b2 (97346e0d)]&amp#27;[0m Proxying [GET /status] to [GET http://127.0.0.1:8210/status] with no body
&amp#27;[38;5;32m[AndroidUiautomator2Driver@f5b2 (97346e0d)]&amp#27;[0m socket hang up
[debug] &amp#27;[38;5;96m[Instrumentation]&amp#27;[0m io.appium.uiautomator2.server.test.AppiumUiAutomator2Server:
[debug] &amp#27;[38;5;32m[AndroidUiautomator2Driver@f5b2 (97346e0d)]&amp#27;[0m Matched '/status' to command name 'getStatus'
[debug] &amp#27;[38;5;32m[AndroidUiautomator2Driver@f5b2 (97346e0d)]&amp#27;[0m Proxying [GET /status] to [GET http://127.0.0.1:8210/status] with no body
&amp#27;[38;5;32m[AndroidUiautomator2Driver@f5b2 (97346e0d)]&amp#27;[0m socket hang up
[debug] &amp#27;[38;5;32m[AndroidUiautomator2Driver@f5b2 (97346e0d)]&amp#27;[0m Matched '/status' to command name 'getStatus'
[debug] &amp#27;[38;5;32m[AndroidUiautomator2Driver@f5b2 (97346e0d)]&amp#27;[0m Proxying [GET /status] to [GET http://127.0.0.1:8210/status] with no body
[debug] &amp#27;[38;5;32m[AndroidUiautomator2Driver@f5b2 (97346e0d)]&amp#27;[0m Got response with status 200: {"sessionId":"None","value":{"message":"UiAutomator2 Server is ready to accept commands","ready":true}}
[debug] &amp#27;[38;5;32m[AndroidUiautomator2Driver@f5b2 (97346e0d)]&amp#27;[0m The initialization of the instrumentation process took 2138ms
[debug] &amp#27;[38;5;32m[AndroidUiautomator2Driver@f5b2 (97346e0d)]&amp#27;[0m Matched '/session' to command name 'createSession'
[debug] &amp#27;[38;5;32m[AndroidUiautomator2Driver@f5b2 (97346e0d)]&amp#27;[0m Proxying [POST /session] to [POST http://127.0.0.1:8210/session] with body: {"capabilities":{"firstMatch":[{"platform":"LINUX","webStorageEnabled":false,"takesScreenshot":true,"javascriptEnabled":true,"databaseEnabled":false,"networkConnectionEnabled":true,"locationContextEnabled":false,"warnings":{},"desired":{"browserName":"Chrome","platformName":"android","automationName":"UIAutomator2","chromedriverExecutable":"C:\\Users\\rrajput\\eclipse-workspace\\appiumPractise\\src\\main\\java\\resources\\chromedriver.exe","deviceName":"Nexus 5X"},"browserName":"Chrome","platformName":"android","automationName":"UIAutomator2","chromedriverExecutable":"C:\\Users\\rrajput\\eclipse-workspace\\appiumPractise\\src\\main\\java\\resources\\chromedriver.exe","deviceName":"emulator-5554","appPackage":"com.android.chrome","appActivity":"com.google.android.apps.chrome.Main","deviceUDID":"emulator-5554"}],"alwaysMatch":{}}}
[debug] &amp#27;[38;5;32m[AndroidUiautomator2Driver@f5b2 (97346e0d)]&amp#27;[0m Got response with status 200: {"sessionId":"e02fd693-f0d9-4483-ac6b-47212ba99a37","value":{"capabilities":{"firstMatch":[{"platform":"LINUX","webStorageEnabled":false,"takesScreenshot":true,"javascriptEnabled":true,"databaseEnabled":false,"networkConnectionEnabled":true,"locationContextEnabled":false,"warnings":{},"desired":{"browserName":"Chrome","platformName":"android","automationName":"UIAutomator2","chromedriverExecutable":"C:\\Users\\rrajput\\eclipse-workspace\\appiumPractise\\src\\main\\java\\resources\\chromedriver.exe","deviceName":"Nexus 5X"},"browserName":"Chrome","platformName":"android","automationName":"UIAutomator2","chromedriverExecutable":"C:\\Users\\rrajput\\eclipse-workspace\\appiumPractise\\src\\main\\java\\resources\\chromedriver.exe","deviceName":"emulator-5554","appPackage":"com.android.chrome","appActivity":"com.google.android.apps.chrome.Main","deviceUDID":"emulator-5554"}],"alwaysMatch":{}},"sessionId":"e02fd693-f0d9-4483-ac6b-47212ba99a37"}}
&amp#27;[38;5;32m[AndroidUiautomator2Driver@f5b2 (97346e0d)]&amp#27;[0m Determined the downstream protocol as 'W3C'
[debug] &amp#27;[38;5;32m[AndroidUiautomator2Driver@f5b2 (97346e0d)]&amp#27;[0m Proxying [GET /appium/device/info] to [GET http://127.0.0.1:8210/session/e02fd693-f0d9-4483-ac6b-47212ba99a37/appium/device/info] with no body
[debug] &amp#27;[38;5;32m[AndroidUiautomator2Driver@f5b2 (97346e0d)]&amp#27;[0m Got response with status 200: {"sessionId":"e02fd693-f0d9-4483-ac6b-47212ba99a37","value":{"androidId":"e3a33e2e80d24687","apiVersion":"30","bluetooth":{"state":"ON"},"brand":"google","carrierName":"Android","displayDensity":420,"locale":"en_US","manufacturer":"Google","model":"sdk_gphone_x86","networks":[{"capabilities":{"SSID":null,"linkDownBandwidthKbps":141000,"linkUpstreamBandwidthKbps":141000,"networkCapabilities":"NET_CAPABILITY_NOT_METERED,NET_CAPABILITY_INTERNET,NET_CAPABILITY_NOT_RESTRICTED,NET_CAPABILITY_TRUSTED,NET_CAPABILITY_NOT_VPN,NET_CAPABILITY_VALIDATED,NET_CAPABILITY_NOT_ROAMING,NET_CAPABILITY_FOREGROUND,NET_CAPABILITY_NOT_CONGESTED,NET_CAPABILITY_NOT_SUSPENDED","signalStrength":-30,"transportTypes":"TRANSPORT_WIFI"},"detailedState":"CONNECTED","extraInfo":"","isAvailable":true,"isConnected":true,"isFailover":false,"isRoaming":false,"state":"CONNECTED","subtype":0,"subtypeName":"","type":1,"typeName":"WIFI"},{"capabilities":{"SSID":null,"linkDownBandwidthKbps":30000,"linkUpstreamBandwidthKbps":15000,"networkCapabiliti...
[debug] &amp#27;[38;5;48m[ADB]&amp#27;[0m Running 'C:\Users\rrajput\AppData\Local\Android\Sdk\platform-tools\adb.exe -P 5037 -s emulator-5554 shell dumpsys window'
&amp#27;[38;5;64m[AndroidDriver]&amp#27;[0m Screen already unlocked, doing nothing
&amp#27;[38;5;32m[AndroidUiautomator2Driver@f5b2 (97346e0d)]&amp#27;[0m Starting a chrome-based browser session
[debug] &amp#27;[38;5;32m[AndroidUiautomator2Driver@f5b2 (97346e0d)]&amp#27;[0m A port was not given, using random free port: 8001
[debug] &amp#27;[38;5;32m[AndroidUiautomator2Driver@f5b2 (97346e0d)]&amp#27;[0m Automated Chromedriver download is disabled. Use 'chromedriver_autodownload' server feature to enable it
[debug] &amp#27;[38;5;64m[AndroidDriver]&amp#27;[0m Precalculated Chromedriver capabilities: {
[debug] &amp#27;[38;5;64m[AndroidDriver]&amp#27;[0m   "androidPackage": "com.android.chrome",
[debug] &amp#27;[38;5;64m[AndroidDriver]&amp#27;[0m   "androidDeviceSerial": "emulator-5554"
[debug] &amp#27;[38;5;64m[AndroidDriver]&amp#27;[0m }
[debug] &amp#27;[38;5;32m[AndroidUiautomator2Driver@f5b2 (97346e0d)]&amp#27;[0m Before starting chromedriver, androidPackage is 'com.android.chrome'
[debug] &amp#27;[38;5;112m[Chromedriver@2271]&amp#27;[0m Changed state to 'starting'
&amp#27;[38;5;112m[Chromedriver@2271]&amp#27;[0m Set chromedriver binary as: C:\Users\rrajput\eclipse-workspace\appiumPractise\src\main\java\resources\chromedriver.exe
[debug] &amp#27;[38;5;112m[Chromedriver@2271]&amp#27;[0m Killing any old chromedrivers, running: wmic process where "commandline like '%chromedriver.exe%--port=8001%'" delete
[debug] &amp#27;[38;5;112m[Chromedriver@2271]&amp#27;[0m Successfully cleaned up old chromedrivers
[debug] &amp#27;[38;5;112m[Chromedriver@2271]&amp#27;[0m Cleaning this device's adb forwarded port socket connections: emulator-5554
[debug] &amp#27;[38;5;48m[ADB]&amp#27;[0m List forwarding ports
[debug] &amp#27;[38;5;48m[ADB]&amp#27;[0m Running 'C:\Users\rrajput\AppData\Local\Android\Sdk\platform-tools\adb.exe -P 5037 -s emulator-5554 forward --list'
&amp#27;[38;5;112m[Chromedriver@2271]&amp#27;[0m Spawning chromedriver with: C:\Users\rrajput\eclipse-workspace\appiumPractise\src\main\java\resources\chromedriver.exe --port=8001 --adb-port=5037 --verbose
[debug] &amp#27;[38;5;112m[Chromedriver@2271]&amp#27;[0m Chromedriver version: '83.0.4103.39'
[debug] &amp#27;[38;5;112m[Chromedriver@2271]&amp#27;[0m Matched '/status' to command name 'getStatus'
[debug] &amp#27;[38;5;112m[Chromedriver@2271]&amp#27;[0m Proxying [GET /status] to [GET http://127.0.0.1:8001/status] with no body
&amp#27;[38;5;112m[Chromedriver@2271]&amp#27;[0m connect ECONNREFUSED 127.0.0.1:8001
[debug] &amp#27;[38;5;112m[Chromedriver@2271]&amp#27;[0m Matched '/status' to command name 'getStatus'
[debug] &amp#27;[38;5;112m[Chromedriver@2271]&amp#27;[0m Proxying [GET /status] to [GET http://127.0.0.1:8001/status] with no body
[debug] &amp#27;[38;5;112m[Chromedriver@2271]&amp#27;[0m Got response with status 200: {"value":{"build":{"version":"83.0.4103.39 (ccbf011cb2d2b19b506d844400483861342c20cd-refs/branch-heads/4103@{#416})"},"message":"ChromeDriver ready for new sessions.","os":{"arch":"x86_64","name":"Windows NT","version":"10.0.19044"},"ready":true}}
&amp#27;[38;5;112m[Chromedriver@2271]&amp#27;[0m Starting W3C Chromedriver session with capabilities: {
&amp#27;[38;5;112m[Chromedriver@2271]&amp#27;[0m   "capabilities": {
&amp#27;[38;5;112m[Chromedriver@2271]&amp#27;[0m     "alwaysMatch": {
&amp#27;[38;5;112m[Chromedriver@2271]&amp#27;[0m       "goog:chromeOptions": {
&amp#27;[38;5;112m[Chromedriver@2271]&amp#27;[0m         "androidPackage": "com.android.chrome",
&amp#27;[38;5;112m[Chromedriver@2271]&amp#27;[0m         "androidDeviceSerial": "emulator-5554"
&amp#27;[38;5;112m[Chromedriver@2271]&amp#27;[0m       },
&amp#27;[38;5;112m[Chromedriver@2271]&amp#27;[0m       "goog:loggingPrefs": {
&amp#27;[38;5;112m[Chromedriver@2271]&amp#27;[0m         "browser": "ALL"
&amp#27;[38;5;112m[Chromedriver@2271]&amp#27;[0m       }
&amp#27;[38;5;112m[Chromedriver@2271]&amp#27;[0m     }
&amp#27;[38;5;112m[Chromedriver@2271]&amp#27;[0m   }
&amp#27;[38;5;112m[Chromedriver@2271]&amp#27;[0m }
[debug] &amp#27;[38;5;112m[Chromedriver@2271]&amp#27;[0m Matched '/session' to command name 'createSession'
[debug] &amp#27;[38;5;112m[Chromedriver@2271]&amp#27;[0m Proxying [POST /session] to [POST http://127.0.0.1:8001/session] with body: {"capabilities":{"alwaysMatch":{"goog:chromeOptions":{"androidPackage":"com.android.chrome","androidDeviceSerial":"emulator-5554"},"goog:loggingPrefs":{"browser":"ALL"}}}}
[debug] &amp#27;[38;5;112m[Chromedriver@2271]&amp#27;[0m Webview version: 'Chrome/83.0.4103.106'
&amp#27;[35m[Appium]&amp#27;[39m Welcome to Appium v2.0.0-beta.48
&amp#27;[35m[Appium]&amp#27;[39m Non-default server args:
&amp#27;[35m[Appium]&amp#27;[39m { address: &amp#27;[32m'127.0.0.1'&amp#27;[39m }
&amp#27;[35m[Appium]&amp#27;[39m Attempting to load driver uiautomator2...
[debug] &amp#27;[35m[Appium]&amp#27;[39m Requiring driver at C:\Users\rrajput\.appium\node_modules\appium-uiautomator2-driver
[debug] &amp#27;[38;5;112m[Chromedriver@2271]&amp#27;[0m Got response with status 200: {"value":{"capabilities":{"acceptInsecureCerts":false,"browserName":"chrome","browserVersion":"83.0.4103.106","chrome":{"chromedriverVersion":"83.0.4103.39 (ccbf011cb2d2b19b506d844400483861342c20cd-refs/branch-heads/4103@{#416})"},"goog:chromeOptions":{"debuggerAddress":"localhost:59060"},"pageLoadStrategy":"normal","platformName":"android","proxy":{},"setWindowRect":false,"strictFileInteractability":false,"timeouts":{"implicit":0,"pageLoad":300000,"script":30000},"unhandledPromptBehavior":"dismiss and notify","webauthn:virtualAuthenticators":false},"sessionId":"3e0158b1882bcd0716bd7490e0946840"}}
&amp#27;[38;5;112m[Chromedriver@2271]&amp#27;[0m Determined the downstream protocol as 'W3C'
[debug] &amp#27;[38;5;112m[Chromedriver@2271 (3e0158b1)]&amp#27;[0m Changed state to 'online'
[debug] &amp#27;[38;5;32m[AndroidUiautomator2Driver@f5b2 (97346e0d)]&amp#27;[0m Proxying [GET /appium/device/pixel_ratio] to [GET http://127.0.0.1:8210/session/e02fd693-f0d9-4483-ac6b-47212ba99a37/appium/device/pixel_ratio] with no body
[debug] &amp#27;[38;5;32m[AndroidUiautomator2Driver@f5b2 (97346e0d)]&amp#27;[0m Got response with status 200: {"sessionId":"e02fd693-f0d9-4483-ac6b-47212ba99a37","value":2.625}
[debug] &amp#27;[38;5;32m[AndroidUiautomator2Driver@f5b2 (97346e0d)]&amp#27;[0m Matched '/appium/device/system_bars' to command name 'getSystemBars'
[debug] &amp#27;[38;5;32m[AndroidUiautomator2Driver@f5b2 (97346e0d)]&amp#27;[0m Proxying [GET /appium/device/system_bars] to [GET http://127.0.0.1:8210/session/e02fd693-f0d9-4483-ac6b-47212ba99a37/appium/device/system_bars] with no body
[debug] &amp#27;[38;5;32m[AndroidUiautomator2Driver@f5b2 (97346e0d)]&amp#27;[0m Got response with status 200: {"sessionId":"e02fd693-f0d9-4483-ac6b-47212ba99a37","value":{"statusBar":63}}
[debug] &amp#27;[38;5;32m[AndroidUiautomator2Driver@f5b2 (97346e0d)]&amp#27;[0m Matched '/window/current/size' to command name 'getWindowSize'
[debug] &amp#27;[38;5;32m[AndroidUiautomator2Driver@f5b2 (97346e0d)]&amp#27;[0m Proxying [GET /window/current/size] to [GET http://127.0.0.1:8210/session/e02fd693-f0d9-4483-ac6b-47212ba99a37/window/current/size] with no body
[debug] &amp#27;[38;5;32m[AndroidUiautomator2Driver@f5b2 (97346e0d)]&amp#27;[0m Got response with status 200: {"sessionId":"e02fd693-f0d9-4483-ac6b-47212ba99a37","value":{"height":1794,"width":1080}}
&amp#27;[38;5;16m[AppiumDriver@682c]&amp#27;[0m New AndroidUiautomator2Driver session created successfully, session 97346e0d-294e-48e7-9626-5cd5006af417 added to master session list
[debug] &amp#27;[38;5;16m[AppiumDriver@682c]&amp#27;[0m Event 'newSessionStarted' logged at 1674561052476 (17:20:52 GMT+0530 (India Standard Time))
[debug] &amp#27;[38;5;32m[AndroidUiautomator2Driver@f5b2 (97346e0d)]&amp#27;[0m Cached the protocol value 'W3C' for the new session 97346e0d-294e-48e7-9626-5cd5006af417
[debug] &amp#27;[38;5;32m[AndroidUiautomator2Driver@f5b2 (97346e0d)]&amp#27;[0m Responding to client with driver.createSession() result: {"capabilities":{"platform":"LINUX","webStorageEnabled":false,"takesScreenshot":true,"javascriptEnabled":true,"databaseEnabled":false,"networkConnectionEnabled":true,"locationContextEnabled":false,"warnings":{},"desired":{"browserName":"Chrome","platformName":"android","automationName":"UIAutomator2","chromedriverExecutable":"C:\\Users\\rrajput\\eclipse-workspace\\appiumPractise\\src\\main\\java\\resources\\chromedriver.exe","deviceName":"Nexus 5X"},"browserName":"Chrome","platformName":"android","automationName":"UIAutomator2","chromedriverExecutable":"C:\\Users\\rrajput\\eclipse-workspace\\appiumPractise\\src\\main\\java\\resources\\chromedriver.exe","deviceName":"emulator-5554","appPackage":"com.android.chrome","appActivity":"com.google.android.apps.chrome.Main","deviceUDID":"emulator-5554","deviceApiLevel":30,"platformVersion":"11","deviceScreenSize":"1080x1920","deviceScreenDensity":420,"deviceModel":"sdk_gphone_x86","deviceManufacturer":"Google","pixelRatio":2.625,"statBarHeight":63,"viewportRect":{"...
&amp#27;[38;5;0m[HTTP]&amp#27;[0m &amp#27;[37m<-- POST /session &amp#27;[39m&amp#27;[32m200&amp#27;[39m &amp#27;[90m14999 ms - 1128&amp#27;[39m
&amp#27;[38;5;0m[HTTP]&amp#27;[0m &amp#27;[90m&amp#27;[39m
&amp#27;[38;5;0m[HTTP]&amp#27;[0m &amp#27;[37m-->&amp#27;[39m &amp#27;[37mPOST&amp#27;[39m &amp#27;[37m/session/97346e0d-294e-48e7-9626-5cd5006af417/timeouts&amp#27;[39m
&amp#27;[38;5;0m[HTTP]&amp#27;[0m &amp#27;[90m{"implicit":5000}&amp#27;[39m
&amp#27;[38;5;32m[AndroidUiautomator2Driver@f5b2 (97346e0d)]&amp#27;[0m Driver proxy active, passing request on via HTTP proxy
[debug] &amp#27;[38;5;112m[Chromedriver@2271 (3e0158b1)]&amp#27;[0m Matched '/session/97346e0d-294e-48e7-9626-5cd5006af417/timeouts' to command name 'timeouts'
[debug] &amp#27;[38;5;112m[Chromedriver@2271 (3e0158b1)]&amp#27;[0m Will send the following request bodies to /timeouts: [{"implicit":5000}]
[debug] &amp#27;[38;5;112m[Chromedriver@2271 (3e0158b1)]&amp#27;[0m Proxying [POST /session/97346e0d-294e-48e7-9626-5cd5006af417/timeouts] to [POST http://127.0.0.1:8001/session/3e0158b1882bcd0716bd7490e0946840/timeouts] with body: {"implicit":5000}
[debug] &amp#27;[38;5;112m[Chromedriver@2271 (3e0158b1)]&amp#27;[0m Got response with status 200: {"value":null}
&amp#27;[38;5;0m[HTTP]&amp#27;[0m &amp#27;[37m<-- POST /session/97346e0d-294e-48e7-9626-5cd5006af417/timeouts &amp#27;[39m&amp#27;[32m200&amp#27;[39m &amp#27;[90m3 ms - 14&amp#27;[39m
&amp#27;[38;5;0m[HTTP]&amp#27;[0m &amp#27;[90m&amp#27;[39m
&amp#27;[38;5;0m[HTTP]&amp#27;[0m &amp#27;[37m-->&amp#27;[39m &amp#27;[37mPOST&amp#27;[39m &amp#27;[37m/session/97346e0d-294e-48e7-9626-5cd5006af417/url&amp#27;[39m
&amp#27;[38;5;0m[HTTP]&amp#27;[0m &amp#27;[90m{"url":"https://www.google.com/"}&amp#27;[39m
&amp#27;[38;5;32m[AndroidUiautomator2Driver@f5b2 (97346e0d)]&amp#27;[0m Driver proxy active, passing request on via HTTP proxy
[debug] &amp#27;[38;5;112m[Chromedriver@2271 (3e0158b1)]&amp#27;[0m Matched '/session/97346e0d-294e-48e7-9626-5cd5006af417/url' to command name 'setUrl'
[debug] &amp#27;[38;5;112m[Chromedriver@2271 (3e0158b1)]&amp#27;[0m Proxying [POST /session/97346e0d-294e-48e7-9626-5cd5006af417/url] to [POST http://127.0.0.1:8001/session/3e0158b1882bcd0716bd7490e0946840/url] with body: {"url":"https://www.google.com/"}
&amp#27;[38;5;0m[HTTP]&amp#27;[0m Could not start REST http interface listener. The requested port may already be in use. Please make sure there is no other instance of this server running already.
&amp#27;[35m[Appium]&amp#27;[39m Could not configure Appium server. It's possible that a driver or plugin tried to update the server and failed. Original error[: listedn EebuAg]D D&amp#27;R[IN3USE:5m[Appium]&amp#27;[39m Error: lis ten aEddress already in uAsDe D12R7I.N0.U0SE:.1:4723
 address already in use 127.0.0.1:4723
[debug] &amp#27;[35m[Appium]&amp#27;[39m     at Server.setupListenHandle [as _listen2] (node:net:1733:16)
[debug] &amp#27;[35m[Appium]&amp#27;[39m     at listenInCluster (node:net:1781:12)
[debug] &amp#27;[35m[Appium]&amp#27;[39m     at doListen (node:net:1930:7)
[debug] &amp#27;[35m[Appium]&amp#27;[39m     at processTicksAndRejections (node:internal/process/task_queues:83:21)
[debug] &amp#27;[38;5;112m[Chromedriver@2271 (3e0158b1)]&amp#27;[0m Got response with status 200: {"value":null}
&amp#27;[38;5;0m[HTTP]&amp#27;[0m &amp#27;[37m<-- POST /session/97346e0d-294e-48e7-9626-5cd5006af417/url &amp#27;[39m&amp#27;[32m200&amp#27;[39m &amp#27;[90m1925 ms - 14&amp#27;[39m
&amp#27;[38;5;0m[HTTP]&amp#27;[0m &amp#27;[90m&amp#27;[39m
&amp#27;[38;5;0m[HTTP]&amp#27;[0m &amp#27;[37m-->&amp#27;[39m &amp#27;[37mGET&amp#27;[39m &amp#27;[37m/session/97346e0d-294e-48e7-9626-5cd5006af417/title&amp#27;[39m
&amp#27;[38;5;0m[HTTP]&amp#27;[0m &amp#27;[90m{}&amp#27;[39m
&amp#27;[38;5;32m[AndroidUiautomator2Driver@f5b2 (97346e0d)]&amp#27;[0m Driver proxy active, passing request on via HTTP proxy
[debug] &amp#27;[38;5;112m[Chromedriver@2271 (3e0158b1)]&amp#27;[0m Matched '/session/97346e0d-294e-48e7-9626-5cd5006af417/title' to command name 'title'
[debug] &amp#27;[38;5;112m[Chromedriver@2271 (3e0158b1)]&amp#27;[0m Proxying [GET /session/97346e0d-294e-48e7-9626-5cd5006af417/title] to [GET http://127.0.0.1:8001/session/3e0158b1882bcd0716bd7490e0946840/title] with no body
[debug] &amp#27;[38;5;112m[Chromedriver@2271 (3e0158b1)]&amp#27;[0m Got response with status 200: {"value":"Google"}
&amp#27;[38;5;0m[HTTP]&amp#27;[0m &amp#27;[37m<-- GET /session/97346e0d-294e-48e7-9626-5cd5006af417/title &amp#27;[39m&amp#27;[32m200&amp#27;[39m &amp#27;[90m22 ms - 18&amp#27;[39m
&amp#27;[38;5;0m[HTTP]&amp#27;[0m &amp#27;[90m&amp#27;[39m
Google
&amp#27;[38;5;0m[HTTP]&amp#27;[0m &amp#27;[37m-->&amp#27;[39m &amp#27;[37mPOST&amp#27;[39m &amp#27;[37m/session/97346e0d-294e-48e7-9626-5cd5006af417/element&amp#27;[39m
&amp#27;[38;5;0m[HTTP]&amp#27;[0m &amp#27;[90m{"using":"name","value":"q"}&amp#27;[39m
&amp#27;[38;5;32m[AndroidUiautomator2Driver@f5b2 (97346e0d)]&amp#27;[0m Driver proxy active, passing request on via HTTP proxy
[debug] &amp#27;[38;5;112m[Chromedriver@2271 (3e0158b1)]&amp#27;[0m Matched '/session/97346e0d-294e-48e7-9626-5cd5006af417/element' to command name 'findElement'
[debug] &amp#27;[38;5;112m[Chromedriver@2271 (3e0158b1)]&amp#27;[0m Proxying [POST /session/97346e0d-294e-48e7-9626-5cd5006af417/element] to [POST http://127.0.0.1:8001/session/3e0158b1882bcd0716bd7490e0946840/element] with body: {"using":"name","value":"q"}
&amp#27;[38;5;112m[Chromedriver@2271 (3e0158b1)]&amp#27;[0m Got response with status 400: {"value":{"error":"invalid argument","message":"invalid argument: invalid locator\n  (Session info: chrome=83.0.4103.106)","stacktrace":"Backtrace:\n\tOrdinal0 [0x002C9563+2725219]\n\tOrdinal0 [0x001C8551+1672529]\n\tOrdinal0 [0x000B0359+525145]\n\tOrdinal0 [0x00049312+103186]\n\tOrdinal0 [0x000653C0+218048]\n\tOrdinal0 [0x0005AAD0+174800]\n\tOrdinal0 [0x00063D7C+212348]\n\tOrdinal0 [0x0005A94B+174411]\n\tOrdinal0 [0x00042528+75048]\n\tOrdinal0 [0x000435A0+79264]\n\tOrdinal0 [0x00043539+79161]\n\tOrdinal0 [0x001DD607+1758727]\n\tGetHandleVerifier [0x003E6546+1050150]\n\tGetHandleVerifier [0x003E6291+1049457]\n\tGetHandleVerifier [0x003F10D7+1094071]\n\tGetHandleVerifier [0x003E6B46+1051686]\n\tOrdinal0 [0x001D5B06+1727238]\n\tOrdinal0 [0x001DEB7B+1764219]\n\tOrdinal0 [0x001DECE3+1764579]\n\tOrdinal0 [0x001F4C05+1854469]\n\tBaseThreadInitThunk [0x765AFEF9+25]\n\tRtlGetAppContainerNamedObjectPath [0x77C07BBE+286]\n\tRtlGetAppContainerNamedObjectPath [0x77C07B8E+238]\n\t(No symbol) [0x00000000]\n"}}
[debug] &amp#27;[38;5;128m[W3C]&amp#27;[0m Matched W3C error code 'invalid argument' to InvalidArgumentError
&amp#27;[38;5;0m[HTTP]&amp#27;[0m &amp#27;[37m<-- POST /session/97346e0d-294e-48e7-9626-5cd5006af417/element &amp#27;[39m&amp#27;[33m400&amp#27;[39m &amp#27;[90m16 ms - 1011&amp#27;[39m
&amp#27;[38;5;0m[HTTP]&amp#27;[0m &amp#27;[90m&amp#27;[39m
&amp#27;[38;5;0m[HTTP]&amp#27;[0m &amp#27;[37m-->&amp#27;[39m &amp#27;[37mPOST&amp#27;[39m &amp#27;[37m/session/97346e0d-294e-48e7-9626-5cd5006af417/element&amp#27;[39m
&amp#27;[38;5;0m[HTTP]&amp#27;[0m &amp#27;[90m{"using":"css selector","value":"*[name='q']"}&amp#27;[39m
&amp#27;[38;5;32m[AndroidUiautomator2Driver@f5b2 (97346e0d)]&amp#27;[0m Driver proxy active, passing request on via HTTP proxy
[debug] &amp#27;[38;5;112m[Chromedriver@2271 (3e0158b1)]&amp#27;[0m Matched '/session/97346e0d-294e-48e7-9626-5cd5006af417/element' to command name 'findElement'
[debug] &amp#27;[38;5;112m[Chromedriver@2271 (3e0158b1)]&amp#27;[0m Proxying [POST /session/97346e0d-294e-48e7-9626-5cd5006af417/element] to [POST http://127.0.0.1:8001/session/3e0158b1882bcd0716bd7490e0946840/element] with body: {"using":"css selector","value":"*[name='q']"}
[debug] &amp#27;[38;5;112m[Chromedriver@2271 (3e0158b1)]&amp#27;[0m Got response with status 200: {"value":{"element-6066-11e4-a52e-4f735466cecf":"08d9cc84-54a3-41ec-a299-85f849c9f6ce"}}
&amp#27;[38;5;0m[HTTP]&amp#27;[0m &amp#27;[37m<-- POST /session/97346e0d-294e-48e7-9626-5cd5006af417/element &amp#27;[39m&amp#27;[32m200&amp#27;[39m &amp#27;[90m43 ms - 137&amp#27;[39m
&amp#27;[38;5;0m[HTTP]&amp#27;[0m &amp#27;[90m&amp#27;[39m
&amp#27;[38;5;0m[HTTP]&amp#27;[0m &amp#27;[37m-->&amp#27;[39m &amp#27;[37mPOST&amp#27;[39m &amp#27;[37m/session/97346e0d-294e-48e7-9626-5cd5006af417/element/08d9cc84-54a3-41ec-a299-85f849c9f6ce/value&amp#27;[39m
&amp#27;[38;5;0m[HTTP]&amp#27;[0m &amp#27;[90m{"id":"08d9cc84-54a3-41ec-a299-85f849c9f6ce","text":"Planit Testing Mumbaiî€‡","value":["P","l","a","n","i","t"," ","T","e","s","t","i","n","g"," ","M","u","m","b","a","i","î€‡"]}&amp#27;[39m
&amp#27;[38;5;32m[AndroidUiautomator2Driver@f5b2 (97346e0d)]&amp#27;[0m Driver proxy active, passing request on via HTTP proxy
[debug] &amp#27;[38;5;112m[Chromedriver@2271 (3e0158b1)]&amp#27;[0m Matched '/session/97346e0d-294e-48e7-9626-5cd5006af417/element/08d9cc84-54a3-41ec-a299-85f849c9f6ce/value' to command name 'setValue'
[debug] &amp#27;[38;5;112m[Chromedriver@2271 (3e0158b1)]&amp#27;[0m Proxying [POST /session/97346e0d-294e-48e7-9626-5cd5006af417/element/08d9cc84-54a3-41ec-a299-85f849c9f6ce/value] to [POST http://127.0.0.1:8001/session/3e0158b1882bcd0716bd7490e0946840/element/08d9cc84-54a3-41ec-a299-85f849c9f6ce/value] with body: {"id":"08d9cc84-54a3-41ec-a299-85f849c9f6ce","text":"Planit Testing Mumbaiî€‡","value":["P","l","a","n","i","t"," ","T","e","s","t","i","n","g"," ","M","u","m","b","a","i","î€‡"]}
[debug] &amp#27;[38;5;112m[Chromedriver@2271 (3e0158b1)]&amp#27;[0m Got response with status 200: {"value":null}
&amp#27;[38;5;0m[HTTP]&amp#27;[0m &amp#27;[37m<-- POST /session/97346e0d-294e-48e7-9626-5cd5006af417/element/08d9cc84-54a3-41ec-a299-85f849c9f6ce/value &amp#27;[39m&amp#27;[32m200&amp#27;[39m &amp#27;[90m1857 ms - 14&amp#27;[39m
&amp#27;[38;5;0m[HTTP]&amp#27;[0m &amp#27;[90m&amp#27;[39m
&amp#27;[38;5;0m[HTTP]&amp#27;[0m &amp#27;[37m-->&amp#27;[39m &amp#27;[37mPOST&amp#27;[39m &amp#27;[37m/session/97346e0d-294e-48e7-9626-5cd5006af417/element&amp#27;[39m
&amp#27;[38;5;0m[HTTP]&amp#27;[0m &amp#27;[90m{"using":"xpath","value":"(//div[contains(text(),'Website')])[1]"}&amp#27;[39m
&amp#27;[38;5;32m[AndroidUiautomator2Driver@f5b2 (97346e0d)]&amp#27;[0m Driver proxy active, passing request on via HTTP proxy
[debug] &amp#27;[38;5;112m[Chromedriver@2271 (3e0158b1)]&amp#27;[0m Matched '/session/97346e0d-294e-48e7-9626-5cd5006af417/element' to command name 'findElement'
[debug] &amp#27;[38;5;112m[Chromedriver@2271 (3e0158b1)]&amp#27;[0m Proxying [POST /session/97346e0d-294e-48e7-9626-5cd5006af417/element] to [POST http://127.0.0.1:8001/session/3e0158b1882bcd0716bd7490e0946840/element] with body: {"using":"xpath","value":"(//div[contains(text(),'Website')])[1]"}
[debug] &amp#27;[38;5;112m[Chromedriver@2271 (3e0158b1)]&amp#27;[0m Got response with status 200: {"value":{"element-6066-11e4-a52e-4f735466cecf":"11692f33-19c7-420a-958d-d2324e22145e"}}
&amp#27;[38;5;0m[HTTP]&amp#27;[0m &amp#27;[37m<-- POST /session/97346e0d-294e-48e7-9626-5cd5006af417/element &amp#27;[39m&amp#27;[32m200&amp#27;[39m &amp#27;[90m685 ms - 137&amp#27;[39m
&amp#27;[38;5;0m[HTTP]&amp#27;[0m &amp#27;[90m&amp#27;[39m
&amp#27;[38;5;0m[HTTP]&amp#27;[0m &amp#27;[37m-->&amp#27;[39m &amp#27;[37mPOST&amp#27;[39m &amp#27;[37m/session/97346e0d-294e-48e7-9626-5cd5006af417/element/11692f33-19c7-420a-958d-d2324e22145e/click&amp#27;[39m
&amp#27;[38;5;0m[HTTP]&amp#27;[0m &amp#27;[90m{"id":"11692f33-19c7-420a-958d-d2324e22145e"}&amp#27;[39m
&amp#27;[38;5;32m[AndroidUiautomator2Driver@f5b2 (97346e0d)]&amp#27;[0m Driver proxy active, passing request on via HTTP proxy
[debug] &amp#27;[38;5;112m[Chromedriver@2271 (3e0158b1)]&amp#27;[0m Matched '/session/97346e0d-294e-48e7-9626-5cd5006af417/element/11692f33-19c7-420a-958d-d2324e22145e/click' to command name 'click'
[debug] &amp#27;[38;5;112m[Chromedriver@2271 (3e0158b1)]&amp#27;[0m Proxying [POST /session/97346e0d-294e-48e7-9626-5cd5006af417/element/11692f33-19c7-420a-958d-d2324e22145e/click] to [POST http://127.0.0.1:8001/session/3e0158b1882bcd0716bd7490e0946840/element/11692f33-19c7-420a-958d-d2324e22145e/click] with body: {"id":"11692f33-19c7-420a-958d-d2324e22145e"}
[debug] &amp#27;[38;5;112m[Chromedriver@2271 (3e0158b1)]&amp#27;[0m Got response with status 200: {"value":null}
&amp#27;[38;5;0m[HTTP]&amp#27;[0m &amp#27;[37m<-- POST /session/97346e0d-294e-48e7-9626-5cd5006af417/element/11692f33-19c7-420a-958d-d2324e22145e/click &amp#27;[39m&amp#27;[32m200&amp#27;[39m &amp#27;[90m2116 ms - 14&amp#27;[39m
&amp#27;[38;5;0m[HTTP]&amp#27;[0m &amp#27;[90m&amp#27;[39m
&amp#27;[38;5;0m[HTTP]&amp#27;[0m &amp#27;[37m-->&amp#27;[39m &amp#27;[37mPOST&amp#27;[39m &amp#27;[37m/session/97346e0d-294e-48e7-9626-5cd5006af417/element&amp#27;[39m
&amp#27;[38;5;0m[HTTP]&amp#27;[0m &amp#27;[90m{"using":"xpath","value":"//img[@id='hamburgerIconW']"}&amp#27;[39m
&amp#27;[38;5;32m[AndroidUiautomator2Driver@f5b2 (97346e0d)]&amp#27;[0m Driver proxy active, passing request on via HTTP proxy
[debug] &amp#27;[38;5;112m[Chromedriver@2271 (3e0158b1)]&amp#27;[0m Matched '/session/97346e0d-294e-48e7-9626-5cd5006af417/element' to command name 'findElement'
[debug] &amp#27;[38;5;112m[Chromedriver@2271 (3e0158b1)]&amp#27;[0m Proxying [POST /session/97346e0d-294e-48e7-9626-5cd5006af417/element] to [POST http://127.0.0.1:8001/session/3e0158b1882bcd0716bd7490e0946840/element] with body: {"using":"xpath","value":"//img[@id='hamburgerIconW']"}
[debug] &amp#27;[38;5;112m[Chromedriver@2271 (3e0158b1)]&amp#27;[0m Got response with status 200: {"value":{"element-6066-11e4-a52e-4f735466cecf":"e2c2f142-9fa5-4764-a3cd-86bbf84d428d"}}
&amp#27;[38;5;0m[HTTP]&amp#27;[0m &amp#27;[37m<-- POST /session/97346e0d-294e-48e7-9626-5cd5006af417/element &amp#27;[39m&amp#27;[32m200&amp#27;[39m &amp#27;[90m1868 ms - 137&amp#27;[39m
&amp#27;[38;5;0m[HTTP]&amp#27;[0m &amp#27;[90m&amp#27;[39m
&amp#27;[38;5;0m[HTTP]&amp#27;[0m &amp#27;[37m-->&amp#27;[39m &amp#27;[37mGET&amp#27;[39m &amp#27;[37m/session/97346e0d-294e-48e7-9626-5cd5006af417/element/e2c2f142-9fa5-4764-a3cd-86bbf84d428d/displayed&amp#27;[39m
&amp#27;[38;5;0m[HTTP]&amp#27;[0m &amp#27;[90m{}&amp#27;[39m
&amp#27;[38;5;32m[AndroidUiautomator2Driver@f5b2 (97346e0d)]&amp#27;[0m Driver proxy active, passing request on via HTTP proxy
[debug] &amp#27;[38;5;112m[Chromedriver@2271 (3e0158b1)]&amp#27;[0m Matched '/session/97346e0d-294e-48e7-9626-5cd5006af417/element/e2c2f142-9fa5-4764-a3cd-86bbf84d428d/displayed' to command name 'elementDisplayed'
[debug] &amp#27;[38;5;112m[Chromedriver@2271 (3e0158b1)]&amp#27;[0m Proxying [GET /session/97346e0d-294e-48e7-9626-5cd5006af417/element/e2c2f142-9fa5-4764-a3cd-86bbf84d428d/displayed] to [GET http://127.0.0.1:8001/session/3e0158b1882bcd0716bd7490e0946840/element/e2c2f142-9fa5-4764-a3cd-86bbf84d428d/displayed] with no body
[debug] &amp#27;[38;5;112m[Chromedriver@2271 (3e0158b1)]&amp#27;[0m Got response with status 200: {"value":true}
&amp#27;[38;5;0m[HTTP]&amp#27;[0m &amp#27;[37m<-- GET /session/97346e0d-294e-48e7-9626-5cd5006af417/element/e2c2f142-9fa5-4764-a3cd-86bbf84d428d/displayed &amp#27;[39m&amp#27;[32m200&amp#27;[39m &amp#27;[90m113 ms - 14&amp#27;[39m
&amp#27;[38;5;0m[HTTP]&amp#27;[0m &amp#27;[90m&amp#27;[39m
&amp#27;[38;5;0m[HTTP]&amp#27;[0m &amp#27;[37m-->&amp#27;[39m &amp#27;[37mGET&amp#27;[39m &amp#27;[37m/session/97346e0d-294e-48e7-9626-5cd5006af417/element/e2c2f142-9fa5-4764-a3cd-86bbf84d428d/enabled&amp#27;[39m
&amp#27;[38;5;0m[HTTP]&amp#27;[0m &amp#27;[90m{}&amp#27;[39m
&amp#27;[38;5;32m[AndroidUiautomator2Driver@f5b2 (97346e0d)]&amp#27;[0m Driver proxy active, passing request on via HTTP proxy
[debug] &amp#27;[38;5;112m[Chromedriver@2271 (3e0158b1)]&amp#27;[0m Matched '/session/97346e0d-294e-48e7-9626-5cd5006af417/element/e2c2f142-9fa5-4764-a3cd-86bbf84d428d/enabled' to command name 'elementEnabled'
[debug] &amp#27;[38;5;112m[Chromedriver@2271 (3e0158b1)]&amp#27;[0m Proxying [GET /session/97346e0d-294e-48e7-9626-5cd5006af417/element/e2c2f142-9fa5-4764-a3cd-86bbf84d428d/enabled] to [GET http://127.0.0.1:8001/session/3e0158b1882bcd0716bd7490e0946840/element/e2c2f142-9fa5-4764-a3cd-86bbf84d428d/enabled] with no body
[debug] &amp#27;[38;5;112m[Chromedriver@2271 (3e0158b1)]&amp#27;[0m Got response with status 200: {"value":true}
&amp#27;[38;5;0m[HTTP]&amp#27;[0m &amp#27;[37m<-- GET /session/97346e0d-294e-48e7-9626-5cd5006af417/element/e2c2f142-9fa5-4764-a3cd-86bbf84d428d/enabled &amp#27;[39m&amp#27;[32m200&amp#27;[39m &amp#27;[90m261 ms - 14&amp#27;[39m
&amp#27;[38;5;0m[HTTP]&amp#27;[0m &amp#27;[90m&amp#27;[39m
&amp#27;[38;5;0m[HTTP]&amp#27;[0m &amp#27;[37m-->&amp#27;[39m &amp#27;[37mPOST&amp#27;[39m &amp#27;[37m/session/97346e0d-294e-48e7-9626-5cd5006af417/element/e2c2f142-9fa5-4764-a3cd-86bbf84d428d/click&amp#27;[39m
&amp#27;[38;5;0m[HTTP]&amp#27;[0m &amp#27;[90m{"id":"e2c2f142-9fa5-4764-a3cd-86bbf84d428d"}&amp#27;[39m
&amp#27;[38;5;32m[AndroidUiautomator2Driver@f5b2 (97346e0d)]&amp#27;[0m Driver proxy active, passing request on via HTTP proxy
[debug] &amp#27;[38;5;112m[Chromedriver@2271 (3e0158b1)]&amp#27;[0m Matched '/session/97346e0d-294e-48e7-9626-5cd5006af417/element/e2c2f142-9fa5-4764-a3cd-86bbf84d428d/click' to command name 'click'
[debug] &amp#27;[38;5;112m[Chromedriver@2271 (3e0158b1)]&amp#27;[0m Proxying [POST /session/97346e0d-294e-48e7-9626-5cd5006af417/element/e2c2f142-9fa5-4764-a3cd-86bbf84d428d/click] to [POST http://127.0.0.1:8001/session/3e0158b1882bcd0716bd7490e0946840/element/e2c2f142-9fa5-4764-a3cd-86bbf84d428d/click] with body: {"id":"e2c2f142-9fa5-4764-a3cd-86bbf84d428d"}
[debug] &amp#27;[38;5;112m[Chromedriver@2271 (3e0158b1)]&amp#27;[0m Got response with status 200: {"value":null}
&amp#27;[38;5;0m[HTTP]&amp#27;[0m &amp#27;[37m<-- POST /session/97346e0d-294e-48e7-9626-5cd5006af417/element/e2c2f142-9fa5-4764-a3cd-86bbf84d428d/click &amp#27;[39m&amp#27;[32m200&amp#27;[39m &amp#27;[90m805 ms - 14&amp#27;[39m
&amp#27;[38;5;0m[HTTP]&amp#27;[0m &amp#27;[90m&amp#27;[39m
&amp#27;[38;5;0m[HTTP]&amp#27;[0m &amp#27;[37m-->&amp#27;[39m &amp#27;[37mPOST&amp#27;[39m &amp#27;[37m/session/97346e0d-294e-48e7-9626-5cd5006af417/element&amp#27;[39m
&amp#27;[38;5;0m[HTTP]&amp#27;[0m &amp#27;[90m{"using":"xpath","value":"(//i[@id='170-expend'])[2]"}&amp#27;[39m
&amp#27;[38;5;32m[AndroidUiautomator2Driver@f5b2 (97346e0d)]&amp#27;[0m Driver proxy active, passing request on via HTTP proxy
[debug] &amp#27;[38;5;112m[Chromedriver@2271 (3e0158b1)]&amp#27;[0m Matched '/session/97346e0d-294e-48e7-9626-5cd5006af417/element' to command name 'findElement'
[debug] &amp#27;[38;5;112m[Chromedriver@2271 (3e0158b1)]&amp#27;[0m Proxying [POST /session/97346e0d-294e-48e7-9626-5cd5006af417/element] to [POST http://127.0.0.1:8001/session/3e0158b1882bcd0716bd7490e0946840/element] with body: {"using":"xpath","value":"(//i[@id='170-expend'])[2]"}
[debug] &amp#27;[38;5;112m[Chromedriver@2271 (3e0158b1)]&amp#27;[0m Got response with status 200: {"value":{"element-6066-11e4-a52e-4f735466cecf":"fde1049b-052b-4bea-901c-f3ff7a9f26eb"}}
&amp#27;[38;5;0m[HTTP]&amp#27;[0m &amp#27;[37m<-- POST /session/97346e0d-294e-48e7-9626-5cd5006af417/element &amp#27;[39m&amp#27;[32m200&amp#27;[39m &amp#27;[90m163 ms - 137&amp#27;[39m
&amp#27;[38;5;0m[HTTP]&amp#27;[0m &amp#27;[90m&amp#27;[39m
&amp#27;[38;5;0m[HTTP]&amp#27;[0m &amp#27;[37m-->&amp#27;[39m &amp#27;[37mGET&amp#27;[39m &amp#27;[37m/session/97346e0d-294e-48e7-9626-5cd5006af417/element/fde1049b-052b-4bea-901c-f3ff7a9f26eb/displayed&amp#27;[39m
&amp#27;[38;5;0m[HTTP]&amp#27;[0m &amp#27;[90m{}&amp#27;[39m
&amp#27;[38;5;32m[AndroidUiautomator2Driver@f5b2 (97346e0d)]&amp#27;[0m Driver proxy active, passing request on via HTTP proxy
[debug] &amp#27;[38;5;112m[Chromedriver@2271 (3e0158b1)]&amp#27;[0m Matched '/session/97346e0d-294e-48e7-9626-5cd5006af417/element/fde1049b-052b-4bea-901c-f3ff7a9f26eb/displayed' to command name 'elementDisplayed'
[debug] &amp#27;[38;5;112m[Chromedriver@2271 (3e0158b1)]&amp#27;[0m Proxying [GET /session/97346e0d-294e-48e7-9626-5cd5006af417/element/fde1049b-052b-4bea-901c-f3ff7a9f26eb/displayed] to [GET http://127.0.0.1:8001/session/3e0158b1882bcd0716bd7490e0946840/element/fde1049b-052b-4bea-901c-f3ff7a9f26eb/displayed] with no body
[debug] &amp#27;[38;5;112m[Chromedriver@2271 (3e0158b1)]&amp#27;[0m Got response with status 200: {"value":true}
&amp#27;[38;5;0m[HTTP]&amp#27;[0m &amp#27;[37m<-- GET /session/97346e0d-294e-48e7-9626-5cd5006af417/element/fde1049b-052b-4bea-901c-f3ff7a9f26eb/displayed &amp#27;[39m&amp#27;[32m200&amp#27;[39m &amp#27;[90m41 ms - 14&amp#27;[39m
&amp#27;[38;5;0m[HTTP]&amp#27;[0m &amp#27;[90m&amp#27;[39m
&amp#27;[38;5;0m[HTTP]&amp#27;[0m &amp#27;[37m-->&amp#27;[39m &amp#27;[37mGET&amp#27;[39m &amp#27;[37m/session/97346e0d-294e-48e7-9626-5cd5006af417/element/fde1049b-052b-4bea-901c-f3ff7a9f26eb/enabled&amp#27;[39m
&amp#27;[38;5;0m[HTTP]&amp#27;[0m &amp#27;[90m{}&amp#27;[39m
&amp#27;[38;5;32m[AndroidUiautomator2Driver@f5b2 (97346e0d)]&amp#27;[0m Driver proxy active, passing request on via HTTP proxy
[debug] &amp#27;[38;5;112m[Chromedriver@2271 (3e0158b1)]&amp#27;[0m Matched '/session/97346e0d-294e-48e7-9626-5cd5006af417/element/fde1049b-052b-4bea-901c-f3ff7a9f26eb/enabled' to command name 'elementEnabled'
[debug] &amp#27;[38;5;112m[Chromedriver@2271 (3e0158b1)]&amp#27;[0m Proxying [GET /session/97346e0d-294e-48e7-9626-5cd5006af417/element/fde1049b-052b-4bea-901c-f3ff7a9f26eb/enabled] to [GET http://127.0.0.1:8001/session/3e0158b1882bcd0716bd7490e0946840/element/fde1049b-052b-4bea-901c-f3ff7a9f26eb/enabled] with no body
[debug] &amp#27;[38;5;112m[Chromedriver@2271 (3e0158b1)]&amp#27;[0m Got response with status 200: {"value":true}
&amp#27;[38;5;0m[HTTP]&amp#27;[0m &amp#27;[37m<-- GET /session/97346e0d-294e-48e7-9626-5cd5006af417/element/fde1049b-052b-4bea-901c-f3ff7a9f26eb/enabled &amp#27;[39m&amp#27;[32m200&amp#27;[39m &amp#27;[90m30 ms - 14&amp#27;[39m
&amp#27;[38;5;0m[HTTP]&amp#27;[0m &amp#27;[90m&amp#27;[39m
&amp#27;[38;5;0m[HTTP]&amp#27;[0m &amp#27;[37m-->&amp#27;[39m &amp#27;[37mPOST&amp#27;[39m &amp#27;[37m/session/97346e0d-294e-48e7-9626-5cd5006af417/element&amp#27;[39m
&amp#27;[38;5;0m[HTTP]&amp#27;[0m &amp#27;[90m{"using":"xpath","value":"(//i[@id='170-expend'])[2]"}&amp#27;[39m
&amp#27;[38;5;32m[AndroidUiautomator2Driver@f5b2 (97346e0d)]&amp#27;[0m Driver proxy active, passing request on via HTTP proxy
[debug] &amp#27;[38;5;112m[Chromedriver@2271 (3e0158b1)]&amp#27;[0m Matched '/session/97346e0d-294e-48e7-9626-5cd5006af417/element' to command name 'findElement'
[debug] &amp#27;[38;5;112m[Chromedriver@2271 (3e0158b1)]&amp#27;[0m Proxying [POST /session/97346e0d-294e-48e7-9626-5cd5006af417/element] to [POST http://127.0.0.1:8001/session/3e0158b1882bcd0716bd7490e0946840/element] with body: {"using":"xpath","value":"(//i[@id='170-expend'])[2]"}
[debug] &amp#27;[38;5;112m[Chromedriver@2271 (3e0158b1)]&amp#27;[0m Got response with status 200: {"value":{"element-6066-11e4-a52e-4f735466cecf":"fde1049b-052b-4bea-901c-f3ff7a9f26eb"}}
&amp#27;[38;5;0m[HTTP]&amp#27;[0m &amp#27;[37m<-- POST /session/97346e0d-294e-48e7-9626-5cd5006af417/element &amp#27;[39m&amp#27;[32m200&amp#27;[39m &amp#27;[90m22 ms - 137&amp#27;[39m
&amp#27;[38;5;0m[HTTP]&amp#27;[0m &amp#27;[90m&amp#27;[39m
&amp#27;[38;5;0m[HTTP]&amp#27;[0m &amp#27;[37m-->&amp#27;[39m &amp#27;[37mPOST&amp#27;[39m &amp#27;[37m/session/97346e0d-294e-48e7-9626-5cd5006af417/element/fde1049b-052b-4bea-901c-f3ff7a9f26eb/click&amp#27;[39m
&amp#27;[38;5;0m[HTTP]&amp#27;[0m &amp#27;[90m{"id":"fde1049b-052b-4bea-901c-f3ff7a9f26eb"}&amp#27;[39m
&amp#27;[38;5;32m[AndroidUiautomator2Driver@f5b2 (97346e0d)]&amp#27;[0m Driver proxy active, passing request on via HTTP proxy
[debug] &amp#27;[38;5;112m[Chromedriver@2271 (3e0158b1)]&amp#27;[0m Matched '/session/97346e0d-294e-48e7-9626-5cd5006af417/element/fde1049b-052b-4bea-901c-f3ff7a9f26eb/click' to command name 'click'
[debug] &amp#27;[38;5;112m[Chromedriver@2271 (3e0158b1)]&amp#27;[0m Proxying [POST /session/97346e0d-294e-48e7-9626-5cd5006af417/element/fde1049b-052b-4bea-901c-f3ff7a9f26eb/click] to [POST http://127.0.0.1:8001/session/3e0158b1882bcd0716bd7490e0946840/element/fde1049b-052b-4bea-901c-f3ff7a9f26eb/click] with body: {"id":"fde1049b-052b-4bea-901c-f3ff7a9f26eb"}
[debug] &amp#27;[38;5;112m[Chromedriver@2271 (3e0158b1)]&amp#27;[0m Got response with status 200: {"value":null}
&amp#27;[38;5;0m[HTTP]&amp#27;[0m &amp#27;[37m<-- POST /session/97346e0d-294e-48e7-9626-5cd5006af417/element/fde1049b-052b-4bea-901c-f3ff7a9f26eb/click &amp#27;[39m&amp#27;[32m200&amp#27;[39m &amp#27;[90m162 ms - 14&amp#27;[39m
&amp#27;[38;5;0m[HTTP]&amp#27;[0m &amp#27;[90m&amp#27;[39m
&amp#27;[38;5;0m[HTTP]&amp#27;[0m &amp#27;[37m-->&amp#27;[39m &amp#27;[37mPOST&amp#27;[39m &amp#27;[37m/session/97346e0d-294e-48e7-9626-5cd5006af417/element&amp#27;[39m
&amp#27;[38;5;0m[HTTP]&amp#27;[0m &amp#27;[90m{"using":"xpath","value":"//li[@id='rpa']"}&amp#27;[39m
&amp#27;[38;5;32m[AndroidUiautomator2Driver@f5b2 (97346e0d)]&amp#27;[0m Driver proxy active, passing request on via HTTP proxy
[debug] &amp#27;[38;5;112m[Chromedriver@2271 (3e0158b1)]&amp#27;[0m Matched '/session/97346e0d-294e-48e7-9626-5cd5006af417/element' to command name 'findElement'
[debug] &amp#27;[38;5;112m[Chromedriver@2271 (3e0158b1)]&amp#27;[0m Proxying [POST /session/97346e0d-294e-48e7-9626-5cd5006af417/element] to [POST http://127.0.0.1:8001/session/3e0158b1882bcd0716bd7490e0946840/element] with body: {"using":"xpath","value":"//li[@id='rpa']"}
[debug] &amp#27;[38;5;112m[Chromedriver@2271 (3e0158b1)]&amp#27;[0m Got response with status 200: {"value":{"element-6066-11e4-a52e-4f735466cecf":"443713e4-77b3-4885-baa6-5786ef295946"}}
&amp#27;[38;5;0m[HTTP]&amp#27;[0m &amp#27;[37m<-- POST /session/97346e0d-294e-48e7-9626-5cd5006af417/element &amp#27;[39m&amp#27;[32m200&amp#27;[39m &amp#27;[90m31 ms - 137&amp#27;[39m
&amp#27;[38;5;0m[HTTP]&amp#27;[0m &amp#27;[90m&amp#27;[39m
&amp#27;[38;5;0m[HTTP]&amp#27;[0m &amp#27;[37m-->&amp#27;[39m &amp#27;[37mPOST&amp#27;[39m &amp#27;[37m/session/97346e0d-294e-48e7-9626-5cd5006af417/execute/sync&amp#27;[39m
&amp#27;[38;5;0m[HTTP]&amp#27;[0m &amp#27;[90m{"script":"window.scrollBy(0,200)","args":[""]}&amp#27;[39m
[debug] &amp#27;[38;5;32m[AndroidUiautomator2Driver@f5b2 (97346e0d)]&amp#27;[0m Calling AppiumDriver.execute() with args: ["window.scrollBy(0,200)",[""],"97346e0d-294e-48e7-9626-5cd5006af417"]
[debug] &amp#27;[38;5;112m[Chromedriver@2271 (3e0158b1)]&amp#27;[0m Matched '/execute/sync' to command name 'execute'
[debug] &amp#27;[38;5;112m[Chromedriver@2271 (3e0158b1)]&amp#27;[0m Did not know how to rewrite the original URL '/execute/sync' for W3C protocol
[debug] &amp#27;[38;5;112m[Chromedriver@2271 (3e0158b1)]&amp#27;[0m Proxying [POST /execute/sync] to [POST http://127.0.0.1:8001/session/3e0158b1882bcd0716bd7490e0946840/execute/sync] with body: {"script":"window.scrollBy(0,200)","args":[""]}
[debug] &amp#27;[38;5;112m[Chromedriver@2271 (3e0158b1)]&amp#27;[0m Got response with status 200: {"value":null}
[debug] &amp#27;[38;5;32m[AndroidUiautomator2Driver@f5b2 (97346e0d)]&amp#27;[0m Responding to client with driver.execute() result: null
&amp#27;[38;5;0m[HTTP]&amp#27;[0m &amp#27;[37m<-- POST /session/97346e0d-294e-48e7-9626-5cd5006af417/execute/sync &amp#27;[39m&amp#27;[32m200&amp#27;[39m &amp#27;[90m190 ms - 14&amp#27;[39m
&amp#27;[38;5;0m[HTTP]&amp#27;[0m &amp#27;[90m&amp#27;[39m
&amp#27;[38;5;0m[HTTP]&amp#27;[0m &amp#27;[37m-->&amp#27;[39m &amp#27;[37mGET&amp#27;[39m &amp#27;[37m/session/97346e0d-294e-48e7-9626-5cd5006af417/element/443713e4-77b3-4885-baa6-5786ef295946/text&amp#27;[39m
&amp#27;[38;5;0m[HTTP]&amp#27;[0m &amp#27;[90m{}&amp#27;[39m
&amp#27;[38;5;32m[AndroidUiautomator2Driver@f5b2 (97346e0d)]&amp#27;[0m Driver proxy active, passing request on via HTTP proxy
[debug] &amp#27;[38;5;112m[Chromedriver@2271 (3e0158b1)]&amp#27;[0m Matched '/session/97346e0d-294e-48e7-9626-5cd5006af417/element/443713e4-77b3-4885-baa6-5786ef295946/text' to command name 'getText'
[debug] &amp#27;[38;5;112m[Chromedriver@2271 (3e0158b1)]&amp#27;[0m Proxying [GET /session/97346e0d-294e-48e7-9626-5cd5006af417/element/443713e4-77b3-4885-baa6-5786ef295946/text] to [GET http://127.0.0.1:8001/session/3e0158b1882bcd0716bd7490e0946840/element/443713e4-77b3-4885-baa6-5786ef295946/text] with no body
[debug] &amp#27;[38;5;112m[Chromedriver@2271 (3e0158b1)]&amp#27;[0m Got response with status 200: {"value":"Robotic Process Automation"}
&amp#27;[38;5;0m[HTTP]&amp#27;[0m &amp#27;[37m<-- GET /session/97346e0d-294e-48e7-9626-5cd5006af417/element/443713e4-77b3-4885-baa6-5786ef295946/text &amp#27;[39m&amp#27;[32m200&amp#27;[39m &amp#27;[90m437 ms - 38&amp#27;[39m
&amp#27;[38;5;0m[HTTP]&amp#27;[0m &amp#27;[90m&amp#27;[39m
&amp#27;[38;5;0m[HTTP]&amp#27;[0m &amp#27;[37m-->&amp#27;[39m &amp#27;[37mPOST&amp#27;[39m &amp#27;[37m/session/97346e0d-294e-48e7-9626-5cd5006af417/element/443713e4-77b3-4885-baa6-5786ef295946/click&amp#27;[39m
&amp#27;[38;5;0m[HTTP]&amp#27;[0m &amp#27;[90m{"id":"443713e4-77b3-4885-baa6-5786ef295946"}&amp#27;[39m
&amp#27;[38;5;32m[AndroidUiautomator2Driver@f5b2 (97346e0d)]&amp#27;[0m Driver proxy active, passing request on via HTTP proxy
[debug] &amp#27;[38;5;112m[Chromedriver@2271 (3e0158b1)]&amp#27;[0m Matched '/session/97346e0d-294e-48e7-9626-5cd5006af417/element/443713e4-77b3-4885-baa6-5786ef295946/click' to command name 'click'
[debug] &amp#27;[38;5;112m[Chromedriver@2271 (3e0158b1)]&amp#27;[0m Proxying [POST /session/97346e0d-294e-48e7-9626-5cd5006af417/element/443713e4-77b3-4885-baa6-5786ef295946/click] to [POST http://127.0.0.1:8001/session/3e0158b1882bcd0716bd7490e0946840/element/443713e4-77b3-4885-baa6-5786ef295946/click] with body: {"id":"443713e4-77b3-4885-baa6-5786ef295946"}
[debug] &amp#27;[38;5;112m[Chromedriver@2271 (3e0158b1)]&amp#27;[0m Got response with status 200: {"value":null}
&amp#27;[38;5;0m[HTTP]&amp#27;[0m &amp#27;[37m<-- POST /session/97346e0d-294e-48e7-9626-5cd5006af417/element/443713e4-77b3-4885-baa6-5786ef295946/click &amp#27;[39m&amp#27;[32m200&amp#27;[39m &amp#27;[90m707 ms - 14&amp#27;[39m
&amp#27;[38;5;0m[HTTP]&amp#27;[0m &amp#27;[90m&amp#27;[39m
&amp#27;[38;5;0m[HTTP]&amp#27;[0m &amp#27;[37m-->&amp#27;[39m &amp#27;[37mGET&amp#27;[39m &amp#27;[37m/session/97346e0d-294e-48e7-9626-5cd5006af417/title&amp#27;[39m
&amp#27;[38;5;0m[HTTP]&amp#27;[0m &amp#27;[90m{}&amp#27;[39m
&amp#27;[38;5;32m[AndroidUiautomator2Driver@f5b2 (97346e0d)]&amp#27;[0m Driver proxy active, passing request on via HTTP proxy
[debug] &amp#27;[38;5;112m[Chromedriver@2271 (3e0158b1)]&amp#27;[0m Matched '/session/97346e0d-294e-48e7-9626-5cd5006af417/title' to command name 'title'
[debug] &amp#27;[38;5;112m[Chromedriver@2271 (3e0158b1)]&amp#27;[0m Proxying [GET /session/97346e0d-294e-48e7-9626-5cd5006af417/title] to [GET http://127.0.0.1:8001/session/3e0158b1882bcd0716bd7490e0946840/title] with no body
[debug] &amp#27;[38;5;112m[Chromedriver@2271 (3e0158b1)]&amp#27;[0m Got response with status 200: {"value":"Planit - Robotic Process Automation"}
&amp#27;[38;5;0m[HTTP]&amp#27;[0m &amp#27;[37m<-- GET /session/97346e0d-294e-48e7-9626-5cd5006af417/title &amp#27;[39m&amp#27;[32m200&amp#27;[39m &amp#27;[90m76 ms - 47&amp#27;[39m
&amp#27;[38;5;0m[HTTP]&amp#27;[0m &amp#27;[90m&amp#27;[39m
Planit - Robotic Process Automation
&amp#27;[38;5;0m[HTTP]&amp#27;[0m &amp#27;[37m-->&amp#27;[39m &amp#27;[37mGET&amp#27;[39m &amp#27;[37m/session/97346e0d-294e-48e7-9626-5cd5006af417/screenshot&amp#27;[39m
&amp#27;[38;5;0m[HTTP]&amp#27;[0m &amp#27;[90m{}&amp#27;[39m
&amp#27;[38;5;32m[AndroidUiautomator2Driver@f5b2 (97346e0d)]&amp#27;[0m Driver proxy active, passing request on via HTTP proxy
[debug] &amp#27;[38;5;112m[Chromedriver@2271 (3e0158b1)]&amp#27;[0m Matched '/session/97346e0d-294e-48e7-9626-5cd5006af417/screenshot' to command name 'getScreenshot'
[debug] &amp#27;[38;5;112m[Chromedriver@2271 (3e0158b1)]&amp#27;[0m Proxying [GET /session/97346e0d-294e-48e7-9626-5cd5006af417/screenshot] to [GET http://127.0.0.1:8001/session/3e0158b1882bcd0716bd7490e0946840/screenshot] with no body
[debug] &amp#27;[38;5;112m[Chromedriver@2271 (3e0158b1)]&amp#27;[0m Got response with status 200: {"value":"iVBORw0KGgoAAAANSUhEUgAABDgAAAbDCAYAAAAE2pR8AAAAAXNSR0IArs4c6QAAIABJREFUeJzs3XmcE/X9x/H3TJLdZW9AQOUWq3LWE7RiFSs9BLWFKhZqRe3PgiK02iKoWG/R1rZildaq2Cq0arG24H3QKlbRKiognhVRrIpcex/JzO+PyeTYTbLZbHazs/t6Ph6rbDKZ+WQyyeb7nu/3O0bZsCm2AAAAAAAAOrEjx/RLeb/ZQXUAAAAAAAC0GwIOAAAAAADgeQQcAAAAAADA8wg4AAAAAACA5xFwAAAAAAAAzyPgAAAAAAAAnkfAAQAAAAAAPI+AAwAAAAAAeB4BBwAAAAAA8DwCDgAAAAAA4HkEHAAAAAAAwPMIOAAAAAAAgOcRcAAAAAAAAM8j4AAAAAAAAJ5HwAEAAAAAADyPgAMAAAAAAHgeAQcAAAAAAPA8Ag4AAAAAAOB5BBwAAAAAAMDzCDgAAAAAAIDnEXAAAAAAAADPI+AAAAAAAACeR8ABAAAAAAA8j4ADAAAAAAB4HgEHAAAAAADwPH+uC0DXUF5WrENGD9N+g/fWkIH9NGRgP+3dr5d6lhWrvKxYe/UqbfaYisoaVVXXqqKqRrt3V+mz7bv11nsf6a13P9I7/92mTW99mINnAgAAAADwIgIOZGTYkH007rCDdORhB2nsoQfqwGEDZBhGq9ZRWlKo0pJC7avekdtO0VGRf9c3NOqFlzfrqWfX66ln1+utdz/KWv0AAAAAgK7FKBs2xc51EfCGsYccqJmnT9Q3jj9MvXs275HR3j75dIf+8fiLeuiRf+vFV97q8O0DAAAAAHLnyDH9Ut5PwIGUCnvk69STv6offv8bGj18aK7Lifho23Y9+PDzWrFyjd5+/+NclwMAAAAAaGcEHMjIgcMG6NwfnKjTv3OsigoLcl1OSs+9uFG//9MjWv3EulyXAgAAAABoJwQcaJURBw7W/Dnf1be/9ZVcl9Jqn36+S7ctW63b//Sw6uobc10...
&amp#27;[38;5;0m[HTTP]&amp#27;[0m &amp#27;[37m<-- GET /session/97346e0d-294e-48e7-9626-5cd5006af417/screenshot &amp#27;[39m&amp#27;[32m200&amp#27;[39m &amp#27;[90m2212 ms - 671240&amp#27;[39m
&amp#27;[38;5;0m[HTTP]&amp#27;[0m &amp#27;[90m&amp#27;[39m
]]></system-out>
  </testcase>
</testsuite>