<?xml version="1.0" encoding="UTF-8"?>
<!-- Generated by org.testng.reporters.JUnitReportReporter -->
<testsuite hostname="INDMUMBLPTMP064" failures="0" tests="1" name="generalStore.ECommerceTest_03" time="41.599" errors="0" timestamp="2023-01-19T10:31:01 IST" skipped="0">
  <testcase classname="generalStore.ECommerceTest_03" name="webContextView" time="41.599"/>
  <system-out/>
</testsuite> <!-- generalStore.ECommerceTest_03 -->
