<?xml version="1.0" encoding="UTF-8"?>
<!-- Generated by org.testng.reporters.JUnitReportReporter -->
<testsuite hostname="INDMUMBLPTMP064" failures="0" tests="1" name="testsPackage.RotateTest" time="9.518" errors="0" timestamp="2023-01-17T11:44:15 IST" skipped="0">
  <testcase classname="testsPackage.RotateTest" name="rotateCopyPasteTest" time="9.518"/>
  <system-out/>
</testsuite> <!-- testsPackage.RotateTest -->
