<?xml version="1.0" encoding="UTF-8"?>
<!-- Generated by org.testng.reporters.JUnitReportReporter -->
<testsuite hostname="INDMUMBLPTMP064" failures="0" tests="1" name="testsPackage.ScrollTest" time="31.114" errors="0" timestamp="2023-01-25T11:19:37 IST" skipped="0">
  <testcase classname="testsPackage.ScrollTest" name="scrollTest" time="31.114"/>
  <system-out/>
</testsuite> <!-- testsPackage.ScrollTest -->
