<?xml version="1.0" encoding="UTF-8"?>
<!-- Generated by org.testng.reporters.JUnitReportReporter -->
<testsuite hostname="INDMUMBLPTMP064" failures="0" tests="1" name="Base.Basics" time="38.985" errors="0" timestamp="2023-01-16T11:44:53 IST" skipped="0">
  <testcase classname="Base.Basics" name="AppiumBase" time="38.985"/>
  <system-out/>
</testsuite> <!-- Base.Basics -->
