<?xml version="1.0" encoding="UTF-8"?>
<!-- Generated by org.testng.reporters.JUnitReportReporter -->
<testsuite hostname="INDMUMBLPTMP064" failures="0" tests="1" name="generalStore.ECommerceTest_02" time="62.591" errors="0" timestamp="2023-01-24T16:04:49 IST" skipped="0">
  <testcase classname="generalStore.ECommerceTest_02" name="sumOfcartProducts" time="62.591"/>
  <system-out/>
</testsuite> <!-- generalStore.ECommerceTest_02 -->
