<?xml version="1.0" encoding="UTF-8"?>
<!-- Generated by org.testng.reporters.JUnitReportReporter -->
<testsuite hostname="INDMUMBLPTMP064" failures="0" tests="1" name="testsPackage.MiscellaneousTest" time="32.493" errors="0" timestamp="2023-01-24T16:22:52 IST" skipped="0">
  <testcase classname="testsPackage.MiscellaneousTest" name="rotateCopyPasteDirectStartTest" time="32.493"/>
  <system-out/>
</testsuite> <!-- testsPackage.MiscellaneousTest -->
