<?xml version="1.0" encoding="UTF-8"?>
<!-- Generated by org.testng.reporters.JUnitReportReporter -->
<testsuite hostname="INDMUMBLPTMP064" failures="0" tests="1" name="testsPackage.clickTest" time="27.632" errors="0" timestamp="2023-01-24T16:22:52 IST" skipped="0">
  <testcase classname="testsPackage.clickTest" name="wifiSettings" time="27.632"/>
  <system-out/>
</testsuite> <!-- testsPackage.clickTest -->
