<?xml version="1.0" encoding="UTF-8"?>
<!-- Generated by org.testng.reporters.JUnitReportReporter -->
<testsuite hostname="INDMUMBLPTMP064" failures="0" tests="1" name="testsPackage.DragDropTest" time="27.600" errors="0" timestamp="2023-01-24T16:22:52 IST" skipped="0">
  <testcase classname="testsPackage.DragDropTest" name="testDragDrop" time="27.600"/>
  <system-out/>
</testsuite> <!-- testsPackage.DragDropTest -->
