<?xml version="1.0" encoding="UTF-8"?>
<!-- Generated by org.testng.reporters.JUnitReportReporter -->
<testsuite hostname="INDMUMBLPTMP064" failures="0" tests="1" name="testsPackage.ScrollTest" time="31.818" errors="0" timestamp="2023-01-24T16:22:52 IST" skipped="0">
  <testcase classname="testsPackage.ScrollTest" name="scrollTest" time="31.818"/>
  <system-out/>
</testsuite> <!-- testsPackage.ScrollTest -->
